<?xml version="1.0" encoding="utf-8"?><testsuites name="pytest tests"><testsuite name="pytest" errors="0" failures="0" skipped="0" tests="15" time="2.639" timestamp="2026-07-28T16:20:50.593732+00:00" hostname="agent-env-e4e7ee8d-8a9b-4acb-8b08-f878545854bb"><testcase classname="test_iter358_reports_center.TestPayrollReports" name="test_gross_vs_net_row_consistency" time="0.619" /><testcase classname="test_iter358_reports_center.TestPayrollReports" name="test_ctc_register_formula" time="0.235" /><testcase classname="test_iter358_reports_center.TestPayrollReports" name="test_salary_comparison_diff" time="0.093" /><testcase classname="test_iter358_reports_center.TestPayrollReports" name="test_ot_cost_analysis_months" time="0.151" /><testcase classname="test_iter358_reports_center.TestPayrollReports" name="test_list_returns_all_reports" time="0.082" /><testcase classname="test_iter358_reports_center.TestGovtRegisters" name="test_wage_register_totals" time="0.123" /><testcase classname="test_iter358_reports_center.TestGovtRegisters" name="test_gratuity_register_eligibility" time="0.117" /><testcase classname="test_iter358_reports_center.TestAuditReports" name="test_user_activity_has_source" time="0.087" /><testcase classname="test_iter358_reports_center.TestAuditReports" name="test_audit_rejects_company_admin" time="0.412" /><testcase classname="test_iter358_reports_center.TestAuditReports" name="test_audit_allows_super_admin_list" time="0.082" /><testcase classname="test_iter358_reports_center.TestExports" name="test_increment_xlsx_binary" time="0.098" /><testcase classname="test_iter358_reports_center.TestExports" name="test_deduction_register_pdf_binary" time="0.128" /><testcase classname="test_iter358_reports_center.TestLabourStats" name="test_salary_distribution" time="0.139" /><testcase classname="test_iter358_reports_center.TestLabourStats" name="test_tenure_analysis" time="0.079" /><testcase classname="test_iter358_reports_center.TestFactoryLeaveWithWages" name="test_leave_with_wages" time="0.099" /></testsuite></testsuites>