<?xml version="1.0" encoding="utf-8"?><testsuites name="pytest tests"><testsuite name="pytest" errors="0" failures="0" skipped="0" tests="22" time="3.777" timestamp="2026-08-26T04:23:53.398906+00:00" hostname="agent-env-e4e7ee8d-8a9b-4acb-8b08-f878545854bb"><testcase classname="test_iter739_statutory_licenses.TestCatalog" name="test_catalog_has_15_categories_pf_has_8" time="0.911" /><testcase classname="test_iter739_statutory_licenses.TestCatalog" name="test_catalog_add_custom" time="0.178" /><testcase classname="test_iter739_statutory_licenses.TestCatalog" name="test_catalog_add_missing_field_400" time="0.094" /><testcase classname="test_iter739_statutory_licenses.TestCatalog" name="test_catalog_deactivate_builtin_type" time="0.166" /><testcase classname="test_iter739_statutory_licenses.TestCatalog" name="test_catalog_delete_method_not_allowed" time="0.095" /><testcase classname="test_iter739_statutory_licenses.TestWarnDays" name="test_warn_days_bad_value_400" time="0.094" /><testcase classname="test_iter739_statutory_licenses.TestWarnDays" name="test_warn_days_set_30" time="0.146" /><testcase classname="test_iter739_statutory_licenses.TestWarnDays" name="test_warn_days_reset_60" time="0.073" /><testcase classname="test_iter739_statutory_licenses.TestLicenses" name="test_license_full_no_expiry_active" time="0.370" /><testcase classname="test_iter739_statutory_licenses.TestLicenses" name="test_license_expiry_before_effective_400" time="0.081" /><testcase classname="test_iter739_statutory_licenses.TestLicenses" name="test_license_expiring_soon" time="0.148" /><testcase classname="test_iter739_statutory_licenses.TestLicenses" name="test_license_expired" time="0.155" /><testcase classname="test_iter739_statutory_licenses.TestLicenses" name="test_license_patch_edit_and_replace_attachment" time="0.084" /><testcase classname="test_iter739_statutory_licenses.TestLicenses" name="test_license_renewal_replace_same_type" time="0.147" /><testcase classname="test_iter739_statutory_licenses.TestComplianceSummary" name="test_summary_rows_and_alerts" time="0.072" /><testcase classname="test_iter739_statutory_licenses.TestComplianceSummary" name="test_dashboard_has_statutory_counts" time="0.071" /><testcase classname="test_iter739_statutory_licenses.TestRegisterXlsx" name="test_register_xlsx" time="0.098" /><testcase classname="test_iter739_statutory_licenses.TestRegression737" name="test_branch_list" time="0.075" /><testcase classname="test_iter739_statutory_licenses.TestRegression737" name="test_legacy_branches_list" time="0.070" /><testcase classname="test_iter739_statutory_licenses.TestRegression737" name="test_legacy_branches_create_and_delete" time="0.173" /><testcase classname="test_iter739_statutory_licenses.TestRegression737" name="test_legacy_documents_endpoint" time="0.073" /><testcase classname="test_iter739_statutory_licenses.TestRegression737" name="test_delete_branch_with_only_docs_cascades" time="0.229" /></testsuite></testsuites>