<?xml version="1.0" encoding="utf-8"?><testsuites name="pytest tests"><testsuite name="pytest" errors="0" failures="0" skipped="0" tests="9" time="3.843" timestamp="2026-07-29T02:04:14.576366+00:00" hostname="agent-env-e4e7ee8d-8a9b-4acb-8b08-f878545854bb"><testcase classname="test_iter360_ai_universal_import.TestAIUniversalImport" name="test_01_analyze" time="0.655" /><testcase classname="test_iter360_ai_universal_import.TestAIUniversalImport" name="test_02_validate" time="0.040" /><testcase classname="test_iter360_ai_universal_import.TestAIUniversalImport" name="test_03_commit_and_poll" time="0.110" /><testcase classname="test_iter360_ai_universal_import.TestAIUniversalImport" name="test_04_duplicate_commit_guard" time="0.032" /><testcase classname="test_iter360_ai_universal_import.TestAIUniversalImport" name="test_05_compliance_check" time="0.033" /><testcase classname="test_iter360_ai_universal_import.TestAIUniversalImport" name="test_06_dashboard" time="0.031" /><testcase classname="test_iter360_ai_universal_import.TestAIUniversalImport" name="test_07_templates" time="0.031" /><testcase classname="test_iter360_ai_universal_import.TestAIUniversalImport" name="test_08_reanalyze_learned" time="0.040" /><testcase classname="test_iter360_ai_universal_import.TestAIUniversalImport" name="test_09_explain" time="2.665" /></testsuite></testsuites>