<?xml version="1.0" encoding="utf-8"?><testsuites name="pytest tests"><testsuite name="pytest" errors="0" failures="0" skipped="0" tests="15" time="2.092" timestamp="2026-08-08T07:48:04.735658+00:00" hostname="agent-env-e4e7ee8d-8a9b-4acb-8b08-f878545854bb"><testcase classname="test_iter524_punch_photos.TestPunchLogs" name="test_list_baseline_returns_rows_with_expected_columns" time="0.694" /><testcase classname="test_iter524_punch_photos.TestPunchLogs" name="test_photo_filter_available" time="0.084" /><testcase classname="test_iter524_punch_photos.TestPunchLogs" name="test_photo_filter_missing" time="0.090" /><testcase classname="test_iter524_punch_photos.TestPunchLogs" name="test_photo_filter_pending" time="0.074" /><testcase classname="test_iter524_punch_photos.TestPunchLogs" name="test_not_found_rows_still_present" time="0.204" /><testcase classname="test_iter524_punch_photos.TestPhotoEndpoints" name="test_photo_json" time="0.080" /><testcase classname="test_iter524_punch_photos.TestPhotoEndpoints" name="test_photo_jpg_with_query_token" time="0.073" /><testcase classname="test_iter524_punch_photos.TestPhotoEndpoints" name="test_photo_jpg_without_token_forbidden" time="0.080" /><testcase classname="test_iter524_punch_photos.TestPhotoEndpoints" name="test_photo_json_bad_ref_404" time="0.075" /><testcase classname="test_iter524_punch_photos.TestPdfExport" name="test_pdf_without_photos" time="0.097" /><testcase classname="test_iter524_punch_photos.TestPdfExport" name="test_pdf_with_embedded_photos" time="0.088" /><testcase classname="test_iter524_punch_photos.TestReconciliation" name="test_reconciliation_counts_consistent" time="0.093" /><testcase classname="test_iter524_punch_photos.TestRetryMatch" name="test_retry_match_super_admin" time="0.081" /><testcase classname="test_iter524_punch_photos.TestRetryMatch" name="test_retry_match_requires_auth" time="0.084" /><testcase classname="test_iter524_punch_photos.TestXlsxRegression" name="test_xlsx_still_works" time="0.104" /></testsuite></testsuites>