<?xml version="1.0" encoding="utf-8"?><testsuites name="pytest tests"><testsuite name="pytest" errors="0" failures="0" skipped="1" tests="30" time="3.712" timestamp="2026-07-31T01:09:53.549750+00:00" hostname="agent-env-e4e7ee8d-8a9b-4acb-8b08-f878545854bb"><testcase classname="test_iter399_split_refactor.TestEmployeeFlow" name="test_attendance_today" time="0.708" /><testcase classname="test_iter399_split_refactor.TestEmployeeFlow" name="test_attendance_my_month" time="0.079" /><testcase classname="test_iter399_split_refactor.TestEmployeeFlow" name="test_attendance_punch_no_500" time="0.035" /><testcase classname="test_iter399_split_refactor.TestEmployeeFlow" name="test_salary_monthly_payroll_core" time="0.031" /><testcase classname="test_iter399_split_refactor.TestEmployeeFlow" name="test_me_payslips_year_summary" time="0.073" /><testcase classname="test_iter399_split_refactor.TestEmployeeFlow" name="test_me_id_card" time="0.048" /><testcase classname="test_iter399_split_refactor.TestAdminAttendance" name="test_today" time="0.414" /><testcase classname="test_iter399_split_refactor.TestAdminAttendance" name="test_roster" time="0.041" /><testcase classname="test_iter399_split_refactor.TestAdminAttendance" name="test_open_shifts" time="0.039" /><testcase classname="test_iter399_split_refactor.TestAdminAttendance" name="test_present_not_punched" time="0.042" /><testcase classname="test_iter399_split_refactor.TestAdminAttendance" name="test_admin_history" time="0.040" /><testcase classname="test_iter399_split_refactor.TestAdminAttendance" name="test_day_status" time="0.156" /><testcase classname="test_iter399_split_refactor.TestManualPunchCycle" name="test_pick_target" time="0.054" /><testcase classname="test_iter399_split_refactor.TestManualPunchCycle" name="test_create_manual_punch" time="0.076" /><testcase classname="test_iter399_split_refactor.TestManualPunchCycle" name="test_verify_in_history" time="0.035" /><testcase classname="test_iter399_split_refactor.TestManualPunchCycle" name="test_cleanup_manual_punch" time="0.106" /><testcase classname="test_iter399_split_refactor.TestPayrollCore" name="test_admin_employees" time="0.051" /><testcase classname="test_iter399_split_refactor.TestPayrollCore" name="test_admin_employee_types" time="0.078" /><testcase classname="test_iter399_split_refactor.TestPayrollCore" name="test_admin_payroll_list" time="0.034" /><testcase classname="test_iter399_split_refactor.TestPayrollCore" name="test_admin_payroll_run_compute" time="0.129" /><testcase classname="test_iter399_split_refactor.TestDownstreamImports" name="test_payslips_uses_shared_dates" time="0.036" /><testcase classname="test_iter399_split_refactor.TestDownstreamImports" name="test_biometric_devices_apply_contractual_gate" time="0.035" /><testcase classname="test_iter399_split_refactor.TestDownstreamImports" name="test_compliance_salary_runs" time="0.036" /><testcase classname="test_iter399_split_refactor.TestMessagesCycle" name="test_send_message" time="0.117" /><testcase classname="test_iter399_split_refactor.TestMessagesCycle" name="test_list_sent" time="0.077" /><testcase classname="test_iter399_split_refactor.TestMessagesCycle" name="test_cleanup_message" time="0.064"><skipped type="pytest.skip" message="env not set or no message id">/app/backend/tests/test_iter399_split_refactor.py:396: env not set or no message id</skipped></testcase><testcase classname="test_iter399_split_refactor.TestEmployeesAdminCycle" name="test_create_and_delete" time="0.309" /><testcase classname="test_iter399_split_refactor.TestOnboardingAndAutoClose" name="test_admin_login_uses_onboarding_gate" time="0.301" /><testcase classname="test_iter399_split_refactor.TestOnboardingAndAutoClose" name="test_no_nameerror_in_backend_logs" time="0.024" /><testcase classname="test_iter399_split_refactor.TestOpenAPICount" name="test_openapi_698_paths" time="0.337" /></testsuite></testsuites>