<?xml version="1.0" encoding="utf-8"?><testsuites name="pytest tests"><testsuite name="pytest" errors="0" failures="0" skipped="1" tests="22" time="3.183" timestamp="2026-07-18T12:09:33.846456+00:00" hostname="agent-env-e4e7ee8d-8a9b-4acb-8b08-f878545854bb"><testcase classname="test_iter194_statutory_registration.TestDashboards" name="test_esic_dashboard" time="0.429" /><testcase classname="test_iter194_statutory_registration.TestDashboards" name="test_uan_dashboard" time="0.085" /><testcase classname="test_iter194_statutory_registration.TestDashboards" name="test_esic_eligible" time="0.092" /><testcase classname="test_iter194_statutory_registration.TestDashboards" name="test_uan_eligible" time="0.103" /><testcase classname="test_iter194_statutory_registration.TestEsicRegistrationLifecycle" name="test_1_create_draft" time="0.216" /><testcase classname="test_iter194_statutory_registration.TestEsicRegistrationLifecycle" name="test_2_update_family_and_dispensary" time="0.086" /><testcase classname="test_iter194_statutory_registration.TestEsicRegistrationLifecycle" name="test_3_submit_esic_action_required" time="0.098" /><testcase classname="test_iter194_statutory_registration.TestEsicRegistrationLifecycle" name="test_4_detail_returns_history_and_rpa_job" time="0.086" /><testcase classname="test_iter194_statutory_registration.TestEsicRegistrationLifecycle" name="test_5_form_pdf" time="0.116" /><testcase classname="test_iter194_statutory_registration.TestEsicRegistrationLifecycle" name="test_6_link_existing_esic" time="0.103" /><testcase classname="test_iter194_statutory_registration.TestUanSubmitQueued" name="test_uan_submit_queued" time="0.297" /><testcase classname="test_iter194_statutory_registration.TestApprovalWorkflow" name="test_1_enable_require_approval" time="0.159" /><testcase classname="test_iter194_statutory_registration.TestApprovalWorkflow" name="test_2_submit_pending_approval" time="0.287" /><testcase classname="test_iter194_statutory_registration.TestApprovalWorkflow" name="test_3_approve" time="0.091" /><testcase classname="test_iter194_statutory_registration.TestApprovalWorkflow" name="test_4_reject_flow" time="0.111"><skipped type="pytest.skip" message="cannot create second reg">/app/backend/tests/test_iter194_statutory_registration.py:287: cannot create second reg</skipped></testcase><testcase classname="test_iter194_statutory_registration.TestApprovalWorkflow" name="test_5_reset_require_approval" time="0.102" /><testcase classname="test_iter194_statutory_registration.TestBulk" name="test_bulk_esic" time="0.189" /><testcase classname="test_iter194_statutory_registration.TestEmployeeMasterGenerate" name="test_generate_esic_with_aadhaar_override" time="0.082" /><testcase classname="test_iter194_statutory_registration.TestEmployeeMasterGenerate" name="test_generate_uan_link_existing" time="0.099" /><testcase classname="test_iter194_statutory_registration.TestEmployeeMasterGenerate" name="test_generate_esic_creates_registration" time="0.081" /><testcase classname="test_iter194_statutory_registration.TestEmployeeMasterGenerate" name="test_generate_esic_already_present" time="0.096" /><testcase classname="test_iter194_statutory_registration" name="test_zzz_cleanup" time="0.006" /></testsuite></testsuites>