<?xml version="1.0" encoding="utf-8"?><testsuites name="pytest tests"><testsuite name="pytest" errors="0" failures="0" skipped="0" tests="13" time="2.765" timestamp="2026-07-14T03:34:45.919463+00:00" hostname="agent-env-e4e7ee8d-8a9b-4acb-8b08-f878545854bb"><testcase classname="test_iter127_challan_summary.TestChallanSummaryList" name="test_super_get" time="0.494" /><testcase classname="test_iter127_challan_summary.TestChallanSummaryList" name="test_sub_get" time="0.384" /><testcase classname="test_iter127_challan_summary.TestChallanSummaryList" name="test_unauth" time="0.203" /><testcase classname="test_iter127_challan_summary.TestAuditLock" name="test_super_patch_saves_amounts" time="0.250" /><testcase classname="test_iter127_challan_summary.TestAuditLock" name="test_audit_remark_sets_lock" time="0.090" /><testcase classname="test_iter127_challan_summary.TestAuditLock" name="test_sub_admin_blocked_423" time="0.072" /><testcase classname="test_iter127_challan_summary.TestAuditLock" name="test_super_can_still_write_locked_firm" time="0.097" /><testcase classname="test_iter127_challan_summary.TestAuditLock" name="test_clear_remark_unlocks" time="0.489" /><testcase classname="test_iter127_challan_summary.TestAuditLock" name="test_cleanup" time="0.070" /><testcase classname="test_iter127_challan_summary.TestEmail" name="test_super_email_no_smtp" time="0.072" /><testcase classname="test_iter127_challan_summary.TestPrimaryUnread" name="test_super_primary_unread" time="0.073" /><testcase classname="test_iter127_challan_summary.TestPrimaryUnread" name="test_sub_primary_unread" time="0.081" /><testcase classname="test_iter127_challan_summary.TestLoginNotAffected" name="test_super_can_login_while_lock_active" time="0.310" /></testsuite></testsuites>