<?xml version="1.0" encoding="utf-8"?><testsuites name="pytest tests"><testsuite name="pytest" errors="0" failures="0" skipped="0" tests="6" time="1.150" timestamp="2026-08-05T11:29:12.708996+00:00" hostname="agent-env-e4e7ee8d-8a9b-4acb-8b08-f878545854bb"><testcase classname="test_iter497_report_export_pdf" name="test_pdf_requires_auth" time="0.277" /><testcase classname="test_iter497_report_export_pdf" name="test_pdf_empty_columns_returns_400" time="0.443" /><testcase classname="test_iter497_report_export_pdf" name="test_pdf_too_many_columns_returns_400" time="0.071" /><testcase classname="test_iter497_report_export_pdf" name="test_pdf_basic_generation" time="0.110" /><testcase classname="test_iter497_report_export_pdf" name="test_pdf_banded_headers_generation" time="0.079" /><testcase classname="test_iter497_report_export_pdf" name="test_pdf_long_text_wraps" time="0.095" /></testsuite></testsuites>