<?xml version="1.0" encoding="utf-8"?><testsuites name="pytest tests"><testsuite name="pytest" errors="0" failures="1" skipped="0" tests="8" time="2.480" timestamp="2026-07-30T10:54:50.341502+00:00" hostname="agent-env-e4e7ee8d-8a9b-4acb-8b08-f878545854bb"><testcase classname="test_iter387_pf_esic_module.TestStandardComplianceSettings" name="test_get_new_fields_present" time="0.700" /><testcase classname="test_iter387_pf_esic_module.TestStandardComplianceSettings" name="test_put_rejects_invalid_proration" time="0.093" /><testcase classname="test_iter387_pf_esic_module.TestStandardComplianceSettings" name="test_put_basic_head_forced_true" time="0.099" /><testcase classname="test_iter387_pf_esic_module.TestStandardComplianceSettings" name="test_put_saves_new_fields" time="0.193" /><testcase classname="test_iter387_pf_esic_module.TestFirmComplianceOverride" name="test_get_firm_settings_shape" time="0.087" /><testcase classname="test_iter387_pf_esic_module.TestFirmComplianceOverride" name="test_put_firm_override_and_clear" time="0.363" /><testcase classname="test_iter387_pf_esic_module.TestEmployeeMasterNewFields" name="test_create_patch_get_delete" time="0.675" /><testcase classname="test_iter387_pf_esic_module.TestComplianceRunSnapshot" name="test_run_row_has_new_fields" time="0.161"><failure message="AssertionError: run.statutory_effective missing&#10;assert 'statutory_effective' in {'ok': True, 'run': {'month': '2026-06', 'year': 2026, 'month_number': 6, 'month_days': 30, ...}}">tests/test_iter387_pf_esic_module.py:223: in test_run_row_has_new_fields
    assert "statutory_effective" in run, "run.statutory_effective missing"
E   AssertionError: run.statutory_effective missing
E   assert 'statutory_effective' in {'ok': True, 'run': {'month': '2026-06', 'year': 2026, 'month_number': 6, 'month_days': 30, ...}}</failure></testcase></testsuite></testsuites>