<?xml version="1.0" encoding="utf-8"?><testsuites name="pytest tests"><testsuite name="pytest" errors="0" failures="2" skipped="0" tests="13" time="4.967" timestamp="2026-07-14T16:25:54.030632+00:00" hostname="agent-env-e4e7ee8d-8a9b-4acb-8b08-f878545854bb"><testcase classname="test_iter129_policy_attendance.TestMyMonth" name="test_no_auth_401" time="0.270" /><testcase classname="test_iter129_policy_attendance.TestMyMonth" name="test_bad_month_400" time="0.681" /><testcase classname="test_iter129_policy_attendance.TestMyMonth" name="test_shape_and_policy_fields" time="0.143"><failure message="AssertionError: cell 01 missing field present: {'in': '07:57', 'out': '20:01', 'ot_in': None, 'ot_out': None, 'hours': 0.0, 'duty_hours': 0.0, 'raw_hours': 0.0, 'ot_hours': 0.0, 'sources': ['bio'], 'punches': 4, 'anomaly': True, 'anomaly_reason': 'missing_punch'}&#10;assert 'present' in {'in': '07:57', 'out': '20:01', 'ot_in': None, 'ot_out': None, ...}">backend/tests/test_iter129_policy_attendance.py:100: in test_shape_and_policy_fields
    assert f in cell, f"cell {dk} missing field {f}: {cell}"
E   AssertionError: cell 01 missing field present: {'in': '07:57', 'out': '20:01', 'ot_in': None, 'ot_out': None, 'hours': 0.0, 'duty_hours': 0.0, 'raw_hours': 0.0, 'ot_hours': 0.0, 'sources': ['bio'], 'punches': 4, 'anomaly': True, 'anomaly_reason': 'missing_punch'}
E   assert 'present' in {'in': '07:57', 'out': '20:01', 'ot_in': None, 'ot_out': None, ...}</failure></testcase><testcase classname="test_iter129_policy_attendance.TestMyMonth" name="test_weekly_off_sundays" time="0.102"><failure message="AssertionError: day 12 expected weekly_off, got {'in': None, 'out': None, 'ot_in': None, 'ot_out': None, 'hours': 0.0, 'duty_hours': 0.0, 'raw_hours': 0.0, 'ot_hours': 0.0, 'sources': [], 'punches': 0}&#10;assert None is True&#10; +  where None = &lt;built-in method get of dict object at 0xf892fcd60680&gt;('weekly_off')&#10; +    where &lt;built-in method get of dict object at 0xf892fcd60680&gt; = {'in': None, 'out': None, 'ot_in': None, 'ot_out': None, ...}.get">backend/tests/test_iter129_policy_attendance.py:117: in test_weekly_off_sundays
    assert cell.get("weekly_off") is True, f"day {d} expected weekly_off, got {cell}"
E   AssertionError: day 12 expected weekly_off, got {'in': None, 'out': None, 'ot_in': None, 'ot_out': None, 'hours': 0.0, 'duty_hours': 0.0, 'raw_hours': 0.0, 'ot_hours': 0.0, 'sources': [], 'punches': 0}
E   assert None is True
E    +  where None = &lt;built-in method get of dict object at 0xf892fcd60680&gt;('weekly_off')
E    +    where &lt;built-in method get of dict object at 0xf892fcd60680&gt; = {'in': None, 'out': None, 'ot_in': None, 'ot_out': None, ...}.get</failure></testcase><testcase classname="test_iter129_policy_attendance.TestMyMonthMatchesGrid" name="test_emp50_grid_alignment" time="0.612" /><testcase classname="test_iter129_policy_attendance.TestPdfReports" name="test_monthly_inout_pdf_ok" time="0.300" /><testcase classname="test_iter129_policy_attendance.TestPdfReports" name="test_monthly_hours_pdf_ok_and_madan_totals" time="0.701" /><testcase classname="test_iter129_policy_attendance.TestRegressions" name="test_monthly_inout_xlsx" time="0.981" /><testcase classname="test_iter129_policy_attendance.TestRegressions" name="test_monthly_hours_xlsx" time="0.395" /><testcase classname="test_iter129_policy_attendance.TestRegressions" name="test_daily_pdf" time="0.150" /><testcase classname="test_iter129_policy_attendance.TestRegressions" name="test_daily_xlsx" time="0.172" /><testcase classname="test_iter129_policy_attendance.TestRegressions" name="test_ot_report_json" time="0.129" /><testcase classname="test_iter129_policy_attendance.TestSummary" name="test_summary_policy_overlay" time="0.105" /></testsuite></testsuites>