<?xml version="1.0" encoding="utf-8"?><testsuites name="pytest tests"><testsuite name="pytest" errors="0" failures="0" skipped="0" tests="10" time="1.939" timestamp="2026-08-01T04:12:34.242500+00:00" hostname="agent-env-e4e7ee8d-8a9b-4acb-8b08-f878545854bb"><testcase classname="test_iter420_daily_verification.TestDailyVerification" name="test_json_report" time="0.413" /><testcase classname="test_iter420_daily_verification.TestDailyVerification" name="test_verify_upsert" time="0.157" /><testcase classname="test_iter420_daily_verification.TestDailyVerification" name="test_verify_undo" time="0.076" /><testcase classname="test_iter420_daily_verification.TestDailyVerification" name="test_drilldown" time="0.092" /><testcase classname="test_iter420_daily_verification.TestDailyVerification" name="test_exports" time="0.409" /><testcase classname="test_iter420_daily_verification.TestDailyVerification" name="test_pdf_portrait" time="0.120" /><testcase classname="test_iter420_daily_verification.TestDailyVerification" name="test_exceptions_only" time="0.093" /><testcase classname="test_iter420_daily_verification.TestBulkCorrectionBioCodeGate" name="test_bio_code_present_when_flag_on" time="0.063" /><testcase classname="test_iter420_daily_verification.TestFirmMasterAutoFlag" name="test_auto_set_when_offline_disabled" time="0.272" /><testcase classname="test_iter420_daily_verification.TestPunchLogRegression" name="test_punch_log_still_loads" time="0.172" /></testsuite></testsuites>