<?xml version="1.0" encoding="utf-8"?><testsuites name="pytest tests"><testsuite name="pytest" errors="0" failures="0" skipped="0" tests="12" time="5.807" timestamp="2026-08-25T15:13:18.453816+00:00" hostname="agent-env-e4e7ee8d-8a9b-4acb-8b08-f878545854bb"><testcase classname="test_iter730_hr_extras.TestGatePass" name="test_01_create_personal" time="1.145" /><testcase classname="test_iter730_hr_extras.TestGatePass" name="test_02_validation_in_before_out" time="0.126" /><testcase classname="test_iter730_hr_extras.TestGatePass" name="test_03_list_shows_created" time="0.094" /><testcase classname="test_iter730_hr_extras.TestGatePass" name="test_04_delete_removes_punches" time="0.121" /><testcase classname="test_iter730_hr_extras.TestLatePenaltyE2E" name="test_10_setup_shift_and_punches" time="3.217" /><testcase classname="test_iter730_hr_extras.TestLatePenaltyE2E" name="test_11_save_config" time="0.092" /><testcase classname="test_iter730_hr_extras.TestLatePenaltyE2E" name="test_12_report_shows_late" time="0.147" /><testcase classname="test_iter730_hr_extras.TestLatePenaltyE2E" name="test_13_apply_without_draft_run_404" time="0.123" /><testcase classname="test_iter730_hr_extras.TestLatePenaltyE2E" name="test_99_cleanup" time="0.002" /><testcase classname="test_iter730_hr_extras.TestFnF" name="test_20_compute_json" time="0.166" /><testcase classname="test_iter730_hr_extras.TestFnF" name="test_21_pdf" time="0.322" /><testcase classname="test_iter730_hr_extras.TestFnF" name="test_22_missing_user_404" time="0.089" /></testsuite></testsuites>