<?xml version="1.0" encoding="utf-8"?><testsuites name="pytest tests"><testsuite name="pytest" errors="0" failures="0" skipped="0" tests="13" time="2.521" timestamp="2026-07-18T08:19:55.376326+00:00" hostname="agent-env-e4e7ee8d-8a9b-4acb-8b08-f878545854bb"><testcase classname="test_iter190_kyc_tracker.TestKycTracker" name="test_kyc_tracker_all_firms" time="0.446" /><testcase classname="test_iter190_kyc_tracker.TestKycTracker" name="test_kyc_tracker_kankani_scope" time="0.098" /><testcase classname="test_iter190_kyc_tracker.TestKycExpiryPatch" name="test_patch_dl_valid_upto_iso_marks_expired" time="0.297" /><testcase classname="test_iter190_kyc_tracker.TestKycExpiryPatch" name="test_patch_ddmmyyyy_format_accepted" time="0.169" /><testcase classname="test_iter190_kyc_tracker.TestKycExpiryPatch" name="test_patch_invalid_date_rejected" time="0.080" /><testcase classname="test_iter190_kyc_tracker.TestKycExpiryPatch" name="test_patch_empty_string_clears" time="0.171" /><testcase classname="test_iter190_kyc_tracker.TestEmployeeDocuments" name="test_list_documents_initial" time="0.093" /><testcase classname="test_iter190_kyc_tracker.TestEmployeeDocuments" name="test_upload_aadhaar_doc" time="0.136" /><testcase classname="test_iter190_kyc_tracker.TestEmployeeDocuments" name="test_get_doc_inline_returns_png" time="0.069" /><testcase classname="test_iter190_kyc_tracker.TestEmployeeDocuments" name="test_kyc_tracker_picks_up_uploaded_aadhaar" time="0.109" /><testcase classname="test_iter190_kyc_tracker.TestEmployeeDocuments" name="test_master_pdf_returns_pdf" time="0.184" /><testcase classname="test_iter190_kyc_tracker.TestEmployeeDocuments" name="test_me_documents_as_employee" time="0.388" /><testcase classname="test_iter190_kyc_tracker.TestEmployeeDocuments" name="test_delete_uploaded_doc_cleanup" time="0.189" /></testsuite></testsuites>