<?xml version="1.0" encoding="utf-8"?><testsuites name="pytest tests"><testsuite name="pytest" errors="0" failures="0" skipped="0" tests="13" time="22.212" timestamp="2026-07-28T09:34:05.500348+00:00" hostname="agent-env-e4e7ee8d-8a9b-4acb-8b08-f878545854bb"><testcase classname="test_iter345_ai_assistant.TestAiCommandIntents" name="test_1_data_query_salary_total" time="2.522" /><testcase classname="test_iter345_ai_assistant.TestAiCommandIntents" name="test_2_absent_list" time="1.848" /><testcase classname="test_iter345_ai_assistant.TestAiCommandIntents" name="test_3_download_bank_sheet" time="1.231" /><testcase classname="test_iter345_ai_assistant.TestAiCommandIntents" name="test_4_process_compliance_salary" time="1.606" /><testcase classname="test_iter345_ai_assistant.TestAiCommandIntents" name="test_5_finalize_compliance_salary" time="1.234" /><testcase classname="test_iter345_ai_assistant.TestAiCommandIntents" name="test_6_employee_update_resign" time="1.562" /><testcase classname="test_iter345_ai_assistant.TestAiCommandIntents" name="test_7_hinglish_salary_total" time="1.530" /><testcase classname="test_iter345_ai_assistant.TestAiCommandIntents" name="test_8_compliance_info_esic" time="6.934" /><testcase classname="test_iter345_ai_assistant.TestAiCommandIntents" name="test_9_employee_count" time="1.460" /><testcase classname="test_iter345_ai_assistant.TestAiCommandIntents" name="test_10_run_status" time="1.407" /><testcase classname="test_iter345_ai_assistant.TestEmployeeStatusExecutor" name="test_resign_then_reactivate" time="0.356" /><testcase classname="test_iter345_ai_assistant.TestDownloadEndpoints" name="test_bank_sheet_xlsx" time="0.098" /><testcase classname="test_iter345_ai_assistant.TestDownloadEndpoints" name="test_attendance_sheet_xlsx" time="0.326" /></testsuite></testsuites>