<?xml version="1.0" encoding="utf-8"?><testsuites name="pytest tests"><testsuite name="pytest" errors="0" failures="0" skipped="0" tests="12" time="4.861" timestamp="2026-07-25T18:30:14.343441+00:00" hostname="agent-env-e4e7ee8d-8a9b-4acb-8b08-f878545854bb"><testcase classname="test_iter306_features.TestFirmCredentials" name="test_wrong_pin_returns_403" time="0.843" /><testcase classname="test_iter306_features.TestFirmCredentials" name="test_correct_pin_returns_firms" time="0.309" /><testcase classname="test_iter306_features.TestFirmCredentials" name="test_company_admin_forbidden" time="0.399" /><testcase classname="test_iter306_features.TestSubAdminEmployeeDeleteApproval" name="test_sub_admin_delete_queues_request_not_delete" time="0.777" /><testcase classname="test_iter306_features.TestSubAdminEmployeeDeleteApproval" name="test_reject_leaves_employee_intact" time="0.773" /><testcase classname="test_iter306_features.TestSubAdminEmployeeDeleteApproval" name="test_super_admin_approve_deletes_employee" time="0.193" /><testcase classname="test_iter306_features.TestComplianceSalaryRun" name="test_run_has_rates_pfno_esic_leave_days" time="0.135" /><testcase classname="test_iter306_features.TestPunchSelfieStrip" name="test_admin_selfie_endpoint_strips_prefix" time="0.156" /><testcase classname="test_iter306_features.TestEmployeePhotoSync" name="test_photo_upload_syncs_profile_photo" time="0.359" /><testcase classname="test_iter306_features.TestRegisterPDFs" name="test_actual_salary_register_pdf" time="0.232" /><testcase classname="test_iter306_features.TestRegisterPDFs" name="test_compliance_register_pdf_variant_1" time="0.379" /><testcase classname="test_iter306_features.TestRegisterPDFs" name="test_compliance_register_pdf_variant_2" time="0.240" /></testsuite></testsuites>