<?xml version="1.0" encoding="utf-8"?><testsuites name="pytest tests"><testsuite name="pytest" errors="0" failures="0" skipped="0" tests="22" time="3.703" timestamp="2026-07-25T17:36:06.554331+00:00" hostname="agent-env-e4e7ee8d-8a9b-4acb-8b08-f878545854bb"><testcase classname="test_iter299_salary_register.TestAuth" name="test_no_token_401_or_403" time="0.271" /><testcase classname="test_iter299_salary_register.TestAuth" name="test_bad_token_401" time="0.100" /><testcase classname="test_iter299_salary_register.TestFilters" name="test_compliance_filters_lists_months" time="0.414" /><testcase classname="test_iter299_salary_register.TestFilters" name="test_actual_filters_lists_months" time="0.095" /><testcase classname="test_iter299_salary_register.TestRegisterCompliance" name="test_grid_returns_dynamic_columns_and_rows" time="0.107" /><testcase classname="test_iter299_salary_register.TestRegisterCompliance" name="test_pagination_page2_returns_remaining" time="0.212" /><testcase classname="test_iter299_salary_register.TestRegisterCompliance" name="test_totals_computed_over_all_filtered_rows_not_page" time="0.174" /><testcase classname="test_iter299_salary_register.TestRegisterCompliance" name="test_search_singh_filters_rows" time="0.169" /><testcase classname="test_iter299_salary_register.TestRegisterCompliance" name="test_employee_type_labour_filter" time="0.098" /><testcase classname="test_iter299_salary_register.TestRegisterCompliance" name="test_sort_name_desc" time="0.142" /><testcase classname="test_iter299_salary_register.TestRegisterCompliance" name="test_month_with_no_run_returns_empty_grid_not_404" time="0.077" /><testcase classname="test_iter299_salary_register.TestRegisterCompliance" name="test_invalid_source_400" time="0.089" /><testcase classname="test_iter299_salary_register.TestRegisterActual" name="test_actual_grid_columns_differ_from_compliance" time="0.213" /><testcase classname="test_iter299_salary_register.TestRegisterActual" name="test_actual_run_id_selector_works" time="0.168" /><testcase classname="test_iter299_salary_register.TestExports" name="test_csv_export_ok[compliance-2026-05]" time="0.110" /><testcase classname="test_iter299_salary_register.TestExports" name="test_csv_export_ok[actual-2026-06]" time="0.090" /><testcase classname="test_iter299_salary_register.TestExports" name="test_xlsx_export_ok[compliance-2026-05]" time="0.134" /><testcase classname="test_iter299_salary_register.TestExports" name="test_xlsx_export_ok[actual-2026-06]" time="0.126" /><testcase classname="test_iter299_salary_register.TestExports" name="test_pdf_export_ok[compliance-2026-05]" time="0.172" /><testcase classname="test_iter299_salary_register.TestExports" name="test_pdf_export_ok[actual-2026-06]" time="0.134" /><testcase classname="test_iter299_salary_register.TestExports" name="test_csv_export_404_for_month_without_run" time="0.082" /><testcase classname="test_iter299_salary_register.TestCompanyAdminScoping" name="test_ca_ignores_company_id_param" time="0.422" /></testsuite></testsuites>