<?xml version="1.0" encoding="utf-8"?><testsuites name="pytest tests"><testsuite name="pytest" errors="0" failures="0" skipped="0" tests="6" time="1.427" timestamp="2026-08-05T11:04:36.899703+00:00" hostname="agent-env-e4e7ee8d-8a9b-4acb-8b08-f878545854bb"><testcase classname="test_iter496_report_prefs" name="test_get_prefs_requires_auth" time="0.259" /><testcase classname="test_iter496_report_prefs" name="test_put_prefs_requires_auth" time="0.082" /><testcase classname="test_iter496_report_prefs" name="test_put_then_get_persists" time="0.538" /><testcase classname="test_iter496_report_prefs" name="test_upsert_overwrites" time="0.194" /><testcase classname="test_iter496_report_prefs" name="test_unknown_key_returns_null" time="0.095" /><testcase classname="test_iter496_report_prefs" name="test_punch_log_endpoint" time="0.181" /></testsuite></testsuites>