<?xml version="1.0" encoding="utf-8"?><testsuites name="pytest tests"><testsuite name="pytest" errors="0" failures="0" skipped="0" tests="10" time="3.082" timestamp="2026-07-31T06:48:57.835629+00:00" hostname="agent-env-e4e7ee8d-8a9b-4acb-8b08-f878545854bb"><testcase classname="test_iter408_higher_pf_vpf" name="test_login" time="0.480" /><testcase classname="test_iter408_higher_pf_vpf" name="test_pick_employee" time="0.274" /><testcase classname="test_iter408_higher_pf_vpf" name="test_save_pf_fields_higher_approved" time="0.165" /><testcase classname="test_iter408_higher_pf_vpf" name="test_compliance_settings_higher_pf_vpf" time="0.245" /><testcase classname="test_iter408_higher_pf_vpf" name="test_create_compliance_run" time="0.343" /><testcase classname="test_iter408_higher_pf_vpf" name="test_pf_report_json_all_and_higher" time="0.159" /><testcase classname="test_iter408_higher_pf_vpf" name="test_pf_report_xlsx_and_pdf" time="0.201" /><testcase classname="test_iter408_higher_pf_vpf" name="test_finalize_validation_and_override" time="0.241" /><testcase classname="test_iter408_higher_pf_vpf" name="test_higher_pf_approval_pending_validation" time="0.527" /><testcase classname="test_iter408_higher_pf_vpf" name="test_zzz_cleanup" time="0.345" /></testsuite></testsuites>