<?xml version="1.0" encoding="utf-8"?><testsuites name="pytest tests"><testsuite name="pytest" errors="0" failures="0" skipped="0" tests="16" time="2.796" timestamp="2026-07-13T08:52:39.933876+00:00" hostname="agent-env-e4e7ee8d-8a9b-4acb-8b08-f878545854bb"><testcase classname="test_iter125_employer_access_rights.TestAuthSanity" name="test_super_admin_token_works" time="0.832" /><testcase classname="test_iter125_employer_access_rights.TestAuthSanity" name="test_company_admin_token_works" time="0.172" /><testcase classname="test_iter125_employer_access_rights.TestDenied" name="test_denied_post_salary_run" time="0.209" /><testcase classname="test_iter125_employer_access_rights.TestDenied" name="test_denied_post_arrear_run" time="0.077" /><testcase classname="test_iter125_employer_access_rights.TestDenied" name="test_denied_post_compliance_run" time="0.076" /><testcase classname="test_iter125_employer_access_rights.TestDenied" name="test_denied_get_salary_runs" time="0.093" /><testcase classname="test_iter125_employer_access_rights.TestDenied" name="test_denied_get_arrear_runs" time="0.074" /><testcase classname="test_iter125_employer_access_rights.TestSuperAdminUnaffected" name="test_super_admin_get_salary_runs" time="0.187" /><testcase classname="test_iter125_employer_access_rights.TestSuperAdminUnaffected" name="test_super_admin_get_arrear_runs" time="0.085" /><testcase classname="test_iter125_employer_access_rights.TestSuperAdminUnaffected" name="test_super_admin_post_salary_run" time="0.108" /><testcase classname="test_iter125_employer_access_rights.TestGranted" name="test_get_salary_runs_ok" time="0.174" /><testcase classname="test_iter125_employer_access_rights.TestGranted" name="test_get_arrear_runs_ok" time="0.096" /><testcase classname="test_iter125_employer_access_rights.TestGranted" name="test_post_salary_run_ok" time="0.128" /><testcase classname="test_iter125_employer_access_rights.TestGranted" name="test_get_single_salary_run_ok" time="0.078" /><testcase classname="test_iter125_employer_access_rights.TestGranted" name="test_post_arrear_run_not_403" time="0.103" /><testcase classname="test_iter125_employer_access_rights.TestGranted" name="test_post_compliance_run_not_403" time="0.202" /></testsuite></testsuites>