<?xml version="1.0" encoding="utf-8"?><testsuites name="pytest tests"><testsuite name="pytest" errors="0" failures="0" skipped="0" tests="12" time="2.560" timestamp="2026-08-20T00:30:29.161086+00:00" hostname="agent-env-e4e7ee8d-8a9b-4acb-8b08-f878545854bb"><testcase classname="test_iter624_branch_management_api" name="test_00_token_works" time="0.295" /><testcase classname="test_iter624_branch_management_api" name="test_10_create_branches" time="0.256" /><testcase classname="test_iter624_branch_management_api" name="test_11_patch_extended_fields" time="0.113" /><testcase classname="test_iter624_branch_management_api" name="test_12_duplicate_code_returns_409" time="0.350" /><testcase classname="test_iter624_branch_management_api" name="test_20_assign_home_authorized" time="0.111" /><testcase classname="test_iter624_branch_management_api" name="test_21_employees_list_shows_fields" time="0.111" /><testcase classname="test_iter624_branch_management_api" name="test_30_temp_assignment_create_list_cancel" time="0.303" /><testcase classname="test_iter624_branch_management_api" name="test_40_transfer_immediate_and_future" time="0.338" /><testcase classname="test_iter624_branch_management_api" name="test_50_dashboard_shape" time="0.115" /><testcase classname="test_iter624_branch_management_api" name="test_51_allocation_shape" time="0.108" /><testcase classname="test_iter624_branch_management_api" name="test_60_company_branches_still_works" time="0.092" /><testcase classname="test_iter624_branch_management_api" name="test_70_link_existing_branch_endpoint" time="0.191" /></testsuite></testsuites>