<?xml version="1.0" encoding="utf-8"?><testsuites name="pytest tests"><testsuite name="pytest" errors="0" failures="0" skipped="1" tests="18" time="3.578" timestamp="2026-07-14T08:08:31.448138+00:00" hostname="agent-env-e4e7ee8d-8a9b-4acb-8b08-f878545854bb"><testcase classname="test_iter128_compliance_settings.TestReadGlobalSettings" name="test_get_global_settings_super" time="0.827" /><testcase classname="test_iter128_compliance_settings.TestReadGlobalSettings" name="test_get_global_settings_sub" time="0.396" /><testcase classname="test_iter128_compliance_settings.TestReadGlobalSettings" name="test_get_global_settings_unauth" time="0.103" /><testcase classname="test_iter128_compliance_settings.TestSaveGlobalSettings" name="test_persist_numeric_and_rounding" time="0.184" /><testcase classname="test_iter128_compliance_settings.TestSaveGlobalSettings" name="test_reject_negative_number" time="0.087" /><testcase classname="test_iter128_compliance_settings.TestSaveGlobalSettings" name="test_reject_invalid_rounding_mode" time="0.074" /><testcase classname="test_iter128_compliance_settings.TestSaveGlobalSettings" name="test_reject_empty_payload" time="0.087" /><testcase classname="test_iter128_compliance_settings.TestSaveGlobalSettings" name="test_role_gate_sub_admin_allowed_by_design" time="0.080" /><testcase classname="test_iter128_compliance_settings.TestSaveGlobalSettings" name="test_role_gate_company_admin_forbidden" time="0.157" /><testcase classname="test_iter128_compliance_settings.TestSaveGlobalSettings" name="test_company_admin_can_get" time="0.074" /><testcase classname="test_iter128_compliance_settings.TestFirmOverrides" name="test_get_firm_settings_super" time="0.123" /><testcase classname="test_iter128_compliance_settings.TestFirmOverrides" name="test_get_firm_settings_sub" time="0.095" /><testcase classname="test_iter128_compliance_settings.TestFirmOverrides" name="test_firm_override_lifecycle" time="0.491" /><testcase classname="test_iter128_compliance_settings.TestFirmOverrides" name="test_firm_put_role_gate_sub_admin_allowed_by_design" time="0.169" /><testcase classname="test_iter128_compliance_settings.TestFirmOverrides" name="test_firm_put_role_gate_company_admin_forbidden" time="0.120" /><testcase classname="test_iter128_compliance_settings.TestFirmOverrides" name="test_firm_put_reject_empty" time="0.082" /><testcase classname="test_iter128_compliance_settings.TestFirmOverrides" name="test_firm_put_reject_negative" time="0.079" /><testcase classname="test_iter128_compliance_settings.TestComplianceSalarySmoke" name="test_compliance_preview_endpoint_reachable" time="0.257"><skipped type="pytest.skip" message="no compliance-salary preview endpoint discovered">/app/backend/tests/test_iter128_compliance_settings.py:365: no compliance-salary preview endpoint discovered</skipped></testcase></testsuite></testsuites>