<?xml version="1.0" encoding="utf-8"?><testsuites name="pytest tests"><testsuite name="pytest" errors="0" failures="0" skipped="0" tests="10" time="2.351" timestamp="2026-07-26T02:00:08.954580+00:00" hostname="agent-env-e4e7ee8d-8a9b-4acb-8b08-f878545854bb"><testcase classname="test_iter310_freeze_and_slip.TestFreezeHappyPath" name="test_1_upload_and_process" time="0.859" /><testcase classname="test_iter310_freeze_and_slip.TestFreezeOtOffBranch" name="test_ot_off_allocates_to_others" time="0.236" /><testcase classname="test_iter310_freeze_and_slip.TestFreezeNegativeDiff" name="test_negative_diff_non_destructive" time="0.214" /><testcase classname="test_iter310_freeze_and_slip.TestDetailSlip" name="test_list_employees_sorted_numeric" time="0.085" /><testcase classname="test_iter310_freeze_and_slip.TestDetailSlip" name="test_detail_sections" time="0.097" /><testcase classname="test_iter310_freeze_and_slip.TestDetailSlip" name="test_pdf_export" time="0.116" /><testcase classname="test_iter310_freeze_and_slip.TestDetailSlip" name="test_xlsx_export" time="0.092" /><testcase classname="test_iter310_freeze_and_slip.TestDetailSlip" name="test_email_send" time="0.404" /><testcase classname="test_iter310_freeze_and_slip.TestDetailSlip" name="test_email_invalid_recipient" time="0.074" /><testcase classname="test_iter310_freeze_and_slip" name="test_zz_cleanup" time="0.002" /></testsuite></testsuites>