<?xml version="1.0" encoding="utf-8"?><testsuites name="pytest tests"><testsuite name="pytest" errors="0" failures="4" skipped="0" tests="20" time="7.556" timestamp="2026-07-25T04:08:01.564160+00:00" hostname="agent-env-e4e7ee8d-8a9b-4acb-8b08-f878545854bb"><testcase classname="test_iter294_features.TestAIAssistant" name="test_process_payroll_command" time="2.058" /><testcase classname="test_iter294_features.TestAIAssistant" name="test_attendance_summary" time="1.343" /><testcase classname="test_iter294_features.TestAIAssistant" name="test_pending_approvals" time="1.267" /><testcase classname="test_iter294_features.TestAIAssistant" name="test_navigate_attendance_report" time="1.315" /><testcase classname="test_iter294_features.TestAIAssistant" name="test_history" time="0.090" /><testcase classname="test_iter294_features.TestGlobalSearch" name="test_search_suren" time="0.069" /><testcase classname="test_iter294_features.TestGlobalSearch" name="test_short_query_rejected" time="0.070" /><testcase classname="test_iter294_features.TestGroupMaster" name="test_staff_group_present" time="0.068" /><testcase classname="test_iter294_features.TestBankTransfer" name="test_formats" time="0.102" /><testcase classname="test_iter294_features.TestBankTransfer" name="test_file_download" time="0.550" /><testcase classname="test_iter294_features.TestBIFeed" name="test_rotate_key" time="0.076" /><testcase classname="test_iter294_features.TestBIFeed" name="test_employees_no_pii" time="0.095" /><testcase classname="test_iter294_features.TestBIFeed" name="test_attendance_feed" time="0.091" /><testcase classname="test_iter294_features.TestBIFeed" name="test_invalid_key" time="0.068" /><testcase classname="test_iter294_features.TestBiometric" name="test_register_matrix_device" time="0.084"><failure message="AssertionError: Internal Server Error&#10;assert 500 == 200&#10; +  where 500 = &lt;Response [500]&gt;.status_code">backend/tests/test_iter294_features.py:188: in test_register_matrix_device
    assert r.status_code == 200, r.text[:400]
E   AssertionError: Internal Server Error
E   assert 500 == 200
E    +  where 500 = &lt;Response [500]&gt;.status_code</failure></testcase><testcase classname="test_iter294_features.TestBiometric" name="test_webhook_ingest_punch" time="0.000"><failure message="assert None&#10; +  where None = TestBiometric._webhook_key">backend/tests/test_iter294_features.py:196: in test_webhook_ingest_punch
    assert TestBiometric._webhook_key
E   assert None
E    +  where None = TestBiometric._webhook_key</failure></testcase><testcase classname="test_iter294_features.TestBiometric" name="test_webhook_duplicate_skipped" time="0.000"><failure message="assert None&#10; +  where None = TestBiometric._webhook_key">backend/tests/test_iter294_features.py:208: in test_webhook_duplicate_skipped
    assert TestBiometric._webhook_key
E   assert None
E    +  where None = TestBiometric._webhook_key</failure></testcase><testcase classname="test_iter294_features.TestBiometric" name="test_webhook_invalid_key" time="0.079" /><testcase classname="test_iter294_features.TestBiometric" name="test_regenerate_webhook_key" time="0.000"><failure message="assert None&#10; +  where None = TestBiometric._device_id">backend/tests/test_iter294_features.py:224: in test_regenerate_webhook_key
    assert TestBiometric._device_id
E   assert None
E    +  where None = TestBiometric._device_id</failure></testcase><testcase classname="test_iter294_features.TestBiometric" name="test_zzz_cleanup_device" time="0.000" /></testsuite></testsuites>