<?xml version="1.0" encoding="utf-8"?><testsuites name="pytest tests"><testsuite name="pytest" errors="0" failures="0" skipped="0" tests="12" time="4.151" timestamp="2026-08-05T16:57:04.320906+00:00" hostname="agent-env-e4e7ee8d-8a9b-4acb-8b08-f878545854bb"><testcase classname="test_iter500_ctc_module.TestStructuresSeed" name="test_list_structures_seeds_three_defaults" time="0.521" /><testcase classname="test_iter500_ctc_module.TestPreview" name="test_preview_standard_office_ctc_30000" time="0.193" /><testcase classname="test_iter500_ctc_module.TestPreview" name="test_preview_rejects_zero_ctc" time="0.077" /><testcase classname="test_iter500_ctc_module.TestStructureCRUD" name="test_create_update_delete_custom_structure" time="0.250" /><testcase classname="test_iter500_ctc_module.TestStructureCRUD" name="test_delete_blocked_when_employee_assigned" time="0.409" /><testcase classname="test_iter500_ctc_module.TestFirmMode" name="test_get_and_put_firm_mode" time="0.509" /><testcase classname="test_iter500_ctc_module.TestAssignAndRevisions" name="test_assign_validation_missing_monthly_ctc" time="0.089" /><testcase classname="test_iter500_ctc_module.TestAssignAndRevisions" name="test_assign_validation_missing_structure_id" time="0.082" /><testcase classname="test_iter500_ctc_module.TestAssignAndRevisions" name="test_assign_ctc_and_verify_register_and_revisions" time="0.359" /><testcase classname="test_iter500_ctc_module.TestAssignAndRevisions" name="test_summary_reflects_ctc_employee" time="0.081" /><testcase classname="test_iter500_ctc_module.TestComplianceRunHook" name="test_generate_run_stamps_ctc_fields" time="0.344" /><testcase classname="test_iter500_ctc_module.TestPayslipPDF" name="test_payslip_pdf_for_ctc_employee" time="1.142" /></testsuite></testsuites>