<?xml version="1.0" encoding="utf-8"?><testsuites name="pytest tests"><testsuite name="pytest" errors="0" failures="0" skipped="0" tests="14" time="2.948" timestamp="2026-08-04T11:42:09.315097+00:00" hostname="agent-env-e4e7ee8d-8a9b-4acb-8b08-f878545854bb"><testcase classname="test_iter485_firm_master_and_snapshot.TestLogin" name="test_login_success" time="0.515" /><testcase classname="test_iter485_firm_master_and_snapshot.TestFirmMasterGeneral" name="test_general_section_seeded" time="0.115" /><testcase classname="test_iter485_firm_master_and_snapshot.TestFirmMasterValidation" name="test_future_start_date_rejected" time="0.249" /><testcase classname="test_iter485_firm_master_and_snapshot.TestFirmMasterValidation" name="test_duplicate_company_code_rejected" time="0.099" /><testcase classname="test_iter485_firm_master_and_snapshot.TestContacts" name="test_get_contacts" time="0.082" /><testcase classname="test_iter485_firm_master_and_snapshot.TestContacts" name="test_put_two_contacts_ok" time="0.096" /><testcase classname="test_iter485_firm_master_and_snapshot.TestContacts" name="test_put_duplicate_email_rejected" time="0.092" /><testcase classname="test_iter485_firm_master_and_snapshot.TestAuditExport" name="test_audit_list" time="0.123" /><testcase classname="test_iter485_firm_master_and_snapshot.TestAuditExport" name="test_export" time="0.131" /><testcase classname="test_iter485_firm_master_and_snapshot.TestMasterSnapshotLifecycle" name="test_full_lifecycle" time="0.790" /><testcase classname="test_iter485_firm_master_and_snapshot.TestSubAdminScopeFix" name="test_restricted_sub_admin_cannot_see_kankani" time="0.191" /><testcase classname="test_iter485_firm_master_and_snapshot.TestRegression" name="test_version_iter485" time="0.082" /><testcase classname="test_iter485_firm_master_and_snapshot.TestRegression" name="test_compliance_run_list" time="0.125" /><testcase classname="test_iter485_firm_master_and_snapshot.TestRegression" name="test_attendance_today_super" time="0.090" /></testsuite></testsuites>