<?xml version="1.0" encoding="utf-8"?><testsuites name="pytest tests"><testsuite name="pytest" errors="0" failures="0" skipped="0" tests="13" time="1.246" timestamp="2026-07-11T01:31:43.767114+00:00" hostname="agent-env-e4e7ee8d-8a9b-4acb-8b08-f878545854bb"><testcase classname="test_iter99_punch_policy.TestPunchPolicy" name="test_a_punch_in_without_coords_rejected" time="0.174" /><testcase classname="test_iter99_punch_policy.TestPunchPolicy" name="test_b_punch_in_inside_fence_ok" time="0.036" /><testcase classname="test_iter99_punch_policy.TestPunchPolicy" name="test_c_punch_out_outside_fence_rejected" time="0.103" /><testcase classname="test_iter99_punch_policy.TestPunchPolicy" name="test_d1_manual_mode_no_selfie_rejected" time="0.031" /><testcase classname="test_iter99_punch_policy.TestPunchPolicy" name="test_d2_manual_mode_with_selfie_and_coords_ok" time="0.073" /><testcase classname="test_iter99_punch_policy.TestPunchPolicy" name="test_d3_manual_mode_with_selfie_no_coords_rejected" time="0.033" /><testcase classname="test_iter99_punch_policy.TestPunchPolicy" name="test_e_live_in_no_coords_ok" time="0.071" /><testcase classname="test_iter99_punch_policy.TestPunchNotification" name="test_notification_created_and_visible" time="0.240" /><testcase classname="test_iter99_punch_policy.TestFirstPunchStatus" name="test_pending_for_new_employee_then_false" time="0.132" /><testcase classname="test_iter99_punch_policy.TestFirstPunchStatus" name="test_admin_returns_false" time="0.028" /><testcase classname="test_iter99_punch_policy.TestLeaveBalance" name="test_balance_with_approved_casual" time="0.032" /><testcase classname="test_iter99_punch_policy.TestRegression" name="test_double_in_rejected" time="0.062" /><testcase classname="test_iter99_punch_policy.TestRegression" name="test_geofence_auto_source_inside_ok" time="0.077" /></testsuite></testsuites>