<?xml version="1.0" encoding="utf-8"?><testsuites name="pytest tests"><testsuite name="pytest" errors="0" failures="0" skipped="0" tests="13" time="4.249" timestamp="2026-07-12T08:02:57.015678+00:00" hostname="agent-env-e4e7ee8d-8a9b-4acb-8b08-f878545854bb"><testcase classname="test_iter110_daily_and_extra_duty.TestExtraDutyNegative" name="test_negative_hours_accepted" time="0.825" /><testcase classname="test_iter110_daily_and_extra_duty.TestExtraDutyNegative" name="test_negative_amount_rejected" time="0.071" /><testcase classname="test_iter110_daily_and_extra_duty.TestExtraDutyNegative" name="test_zero_deletes_entry" time="0.255" /><testcase classname="test_iter110_daily_and_extra_duty.TestDayStatusEditAudit" name="test_patch_requires_reason" time="0.173" /><testcase classname="test_iter110_daily_and_extra_duty.TestDayStatusEditAudit" name="test_patch_with_reason_ok" time="0.095" /><testcase classname="test_iter110_daily_and_extra_duty.TestDayStatusEditAudit" name="test_day_status_exposes_audit_fields" time="0.161" /><testcase classname="test_iter110_daily_and_extra_duty.TestDailyExport" name="test_daily_xlsx_200" time="0.472" /><testcase classname="test_iter110_daily_and_extra_duty.TestDailyExport" name="test_daily_pdf_200" time="0.112" /><testcase classname="test_iter110_daily_and_extra_duty.TestDailyExport" name="test_daily_invalid_date_400" time="0.072" /><testcase classname="test_iter110_daily_and_extra_duty.TestMonthlyExportsBioCode" name="test_monthly_inout_xlsx_has_bio" time="0.991" /><testcase classname="test_iter110_daily_and_extra_duty.TestMonthlyExportsBioCode" name="test_monthly_hours_xlsx_has_bio" time="0.515" /><testcase classname="test_iter110_daily_and_extra_duty.TestMonthlyExportsBioCode" name="test_monthly_inout_pdf_ok" time="0.219" /><testcase classname="test_iter110_daily_and_extra_duty.TestMonthlyExportsBioCode" name="test_monthly_hours_pdf_ok" time="0.195" /></testsuite></testsuites>