<?xml version="1.0" encoding="utf-8"?><testsuites name="pytest tests"><testsuite name="pytest" errors="0" failures="0" skipped="0" tests="7" time="1.801" timestamp="2026-07-19T04:11:20.045969+00:00" hostname="agent-env-e4e7ee8d-8a9b-4acb-8b08-f878545854bb"><testcase classname="test_iter199_geofence_and_convert.TestGeofenceMonitor" name="test_monitor_counts" time="0.462" /><testcase classname="test_iter199_geofence_and_convert.TestGeofenceMonitor" name="test_report_mock_only" time="0.075" /><testcase classname="test_iter199_geofence_and_convert.TestGeofenceMonitor" name="test_report_offline_has_sync_meta" time="0.219" /><testcase classname="test_iter199_geofence_and_convert.TestGeofenceMonitor" name="test_report_csv" time="0.080" /><testcase classname="test_iter199_geofence_and_convert.TestGeofenceMonitor" name="test_report_invalid_type" time="0.069" /><testcase classname="test_iter199_geofence_and_convert.TestFakeGPSPunch" name="test_mock_location_forces_pending" time="0.387" /><testcase classname="test_iter199_geofence_and_convert.TestProposalConvert" name="test_convert_flow" time="0.377" /></testsuite></testsuites>