<?xml version="1.0" encoding="utf-8"?><testsuites name="pytest tests"><testsuite name="pytest" errors="0" failures="1" skipped="0" tests="14" time="2.593" timestamp="2026-07-25T01:32:26.633594+00:00" hostname="agent-env-e4e7ee8d-8a9b-4acb-8b08-f878545854bb"><testcase classname="test_iter292_matrix_hub_letters.TestMatrixJson" name="test_matrix_basic" time="0.748" /><testcase classname="test_iter292_matrix_hub_letters.TestMatrixJson" name="test_matrix_search_surendra" time="0.143" /><testcase classname="test_iter292_matrix_hub_letters.TestMatrixJson" name="test_matrix_status_active" time="0.367" /><testcase classname="test_iter292_matrix_hub_letters.TestMatrixExports" name="test_export_ok[xlsx-application/vnd.openxmlformats]" time="0.182" /><testcase classname="test_iter292_matrix_hub_letters.TestMatrixExports" name="test_export_ok[csv-text/csv]" time="0.144" /><testcase classname="test_iter292_matrix_hub_letters.TestMatrixExports" name="test_export_ok[pdf-application/pdf]" time="0.156" /><testcase classname="test_iter292_matrix_hub_letters.TestAnnualStatement" name="test_json" time="0.155" /><testcase classname="test_iter292_matrix_hub_letters.TestAnnualStatement" name="test_xlsx" time="0.098" /><testcase classname="test_iter292_matrix_hub_letters.TestHrLetterTemplates" name="test_template_ok[experience]" time="0.081" /><testcase classname="test_iter292_matrix_hub_letters.TestHrLetterTemplates" name="test_template_ok[relieving]" time="0.079" /><testcase classname="test_iter292_matrix_hub_letters.TestHrLetterTemplates" name="test_template_ok[salary_certificate]" time="0.102" /><testcase classname="test_iter292_matrix_hub_letters.TestHrLetterTemplates" name="test_template_ok[appointment]" time="0.068" /><testcase classname="test_iter292_matrix_hub_letters.TestHrLetterTemplates" name="test_template_unknown_400" time="0.070" /><testcase classname="test_iter292_matrix_hub_letters.TestRegression" name="test_attendance_grid" time="0.093"><failure message="assert 405 == 200&#10; +  where 405 = &lt;Response [405]&gt;.status_code">backend/tests/test_iter292_matrix_hub_letters.py:170: in test_attendance_grid
    assert r.status_code == 200
E   assert 405 == 200
E    +  where 405 = &lt;Response [405]&gt;.status_code</failure></testcase></testsuite></testsuites>