<?xml version="1.0" encoding="utf-8"?><testsuites name="pytest tests"><testsuite name="pytest" errors="0" failures="0" skipped="0" tests="15" time="3.123" timestamp="2026-07-13T08:07:59.342367+00:00" hostname="agent-env-e4e7ee8d-8a9b-4acb-8b08-f878545854bb"><testcase classname="test_iter124_remember_firm_and_subadmin_scope.TestLastCompanySuperAdmin" name="test_patch_and_get_persists" time="0.801" /><testcase classname="test_iter124_remember_firm_and_subadmin_scope.TestLastCompanySuperAdmin" name="test_patch_null_clears" time="0.155" /><testcase classname="test_iter124_remember_firm_and_subadmin_scope.TestLastCompanySubAdmin" name="test_patch_and_get_persists" time="0.550" /><testcase classname="test_iter124_remember_firm_and_subadmin_scope.TestLastCompanyEmployeeForbidden" name="test_employee_get_forbidden" time="0.420" /><testcase classname="test_iter124_remember_firm_and_subadmin_scope.TestLastCompanyEmployeeForbidden" name="test_employee_patch_forbidden" time="0.110" /><testcase classname="test_iter124_remember_firm_and_subadmin_scope.TestSubAdminNotYourFirmFix" name="test_challans_list" time="0.077" /><testcase classname="test_iter124_remember_firm_and_subadmin_scope.TestSubAdminNotYourFirmFix" name="test_firm_master_get" time="0.084" /><testcase classname="test_iter124_remember_firm_and_subadmin_scope.TestSubAdminNotYourFirmFix" name="test_employee_kyc" time="0.073" /><testcase classname="test_iter124_remember_firm_and_subadmin_scope.TestSubAdminNotYourFirmFix" name="test_employee_salary" time="0.104" /><testcase classname="test_iter124_remember_firm_and_subadmin_scope.TestSubAdminNotYourFirmFix" name="test_leave_report" time="0.113" /><testcase classname="test_iter124_remember_firm_and_subadmin_scope.TestSuperAdminRegression" name="test_challans_list" time="0.073" /><testcase classname="test_iter124_remember_firm_and_subadmin_scope.TestSuperAdminRegression" name="test_firm_master_get" time="0.095" /><testcase classname="test_iter124_remember_firm_and_subadmin_scope.TestSuperAdminRegression" name="test_employee_kyc" time="0.092" /><testcase classname="test_iter124_remember_firm_and_subadmin_scope.TestSuperAdminRegression" name="test_employee_salary" time="0.080" /><testcase classname="test_iter124_remember_firm_and_subadmin_scope.TestSuperAdminRegression" name="test_leave_report" time="0.100" /></testsuite></testsuites>