<?xml version="1.0" encoding="utf-8"?><testsuites name="pytest tests"><testsuite name="pytest" errors="0" failures="0" skipped="0" tests="6" time="2.204" timestamp="2026-07-17T15:19:00.015431+00:00" hostname="agent-env-e4e7ee8d-8a9b-4acb-8b08-f878545854bb"><testcase classname="test_iter172_punch_import" name="test_template_returns_valid_xlsx" time="0.790" /><testcase classname="test_iter172_punch_import" name="test_preview_bio_name_unmatched_errors_and_time_date_parsing" time="0.135" /><testcase classname="test_iter172_punch_import" name="test_commit_creates_then_dedups" time="0.340" /><testcase classname="test_iter172_punch_import" name="test_committed_punches_visible_in_day_status" time="0.103" /><testcase classname="test_iter172_punch_import" name="test_cross_company_admin_gets_403" time="0.543" /><testcase classname="test_iter172_punch_import" name="test_zzz_cleanup_excel_import_records" time="0.070" /></testsuite></testsuites>