<?xml version="1.0" encoding="utf-8"?><testsuites name="pytest tests"><testsuite name="pytest" errors="0" failures="0" skipped="0" tests="12" time="3.024" timestamp="2026-07-17T03:43:10.154808+00:00" hostname="agent-env-e4e7ee8d-8a9b-4acb-8b08-f878545854bb"><testcase classname="test_iter163_report_formats.TestListAndGet" name="test_list_returns_4_reports" time="0.992" /><testcase classname="test_iter163_report_formats.TestListAndGet" name="test_list_forbidden_without_auth" time="0.095" /><testcase classname="test_iter163_report_formats.TestListAndGet" name="test_get_pf_ecr_catalog" time="0.076" /><testcase classname="test_iter163_report_formats.TestListAndGet" name="test_get_pf_challan_no_catalog" time="0.088" /><testcase classname="test_iter163_report_formats.TestListAndGet" name="test_get_unknown_report_404" time="0.080" /><testcase classname="test_iter163_report_formats.TestPutAndApply" name="test_put_pf_ecr_applies_to_ecr_pdf" time="0.258" /><testcase classname="test_iter163_report_formats.TestPutAndApply" name="test_put_esic_challan_applies" time="0.165" /><testcase classname="test_iter163_report_formats.TestReset" name="test_delete_pf_ecr_restores_default" time="0.465" /><testcase classname="test_iter163_report_formats.TestReset" name="test_delete_esic_challan_restores_default" time="0.156" /><testcase classname="test_iter163_report_formats.TestValidation" name="test_put_empty_columns_400" time="0.083" /><testcase classname="test_iter163_report_formats.TestValidation" name="test_put_bad_orientation_400" time="0.078" /><testcase classname="test_iter163_report_formats.TestValidation" name="test_put_unknown_report_404" time="0.383" /></testsuite></testsuites>