<?xml version="1.0" encoding="utf-8"?><testsuites name="pytest tests"><testsuite name="pytest" errors="0" failures="0" skipped="0" tests="14" time="0.043" timestamp="2026-08-19T14:29:46.354722+00:00" hostname="agent-env-e4e7ee8d-8a9b-4acb-8b08-f878545854bb"><testcase classname="test_iter620_compliance_pf_proration.TestProrationFactor" name="test_working_days_pd21" time="0.000" /><testcase classname="test_iter620_compliance_pf_proration.TestProrationFactor" name="test_working_days_pd_gt_26_caps_at_1" time="0.000" /><testcase classname="test_iter620_compliance_pf_proration.TestProrationFactor" name="test_attendance_days_pd21" time="0.000" /><testcase classname="test_iter620_compliance_pf_proration.TestProrationFactor" name="test_calendar_days_pd21_month30" time="0.000" /><testcase classname="test_iter620_compliance_pf_proration.TestProrationFactor" name="test_paid_days_pos" time="0.000" /><testcase classname="test_iter620_compliance_pf_proration.TestProrationFactor" name="test_paid_days_zero" time="0.000" /><testcase classname="test_iter620_compliance_pf_proration.TestProrationFactor" name="test_none_always_1" time="0.000" /><testcase classname="test_iter620_compliance_pf_proration.TestPFWorkingDays" name="test_pf_working_days_month30_pd21" time="0.000" /><testcase classname="test_iter620_compliance_pf_proration.TestPFWorkingDays" name="test_pf_working_days_month26_pd21" time="0.000" /><testcase classname="test_iter620_compliance_pf_proration.TestPFWorkingDays" name="test_pf_calendar_days_month30_pd21" time="0.000" /><testcase classname="test_iter620_compliance_pf_proration.TestPFWorkingDays" name="test_pf_attendance_days_month30_pd21" time="0.000" /><testcase classname="test_iter620_compliance_pf_proration.TestWageBase" name="test_wage_base_pd21_month30" time="0.000" /><testcase classname="test_iter620_compliance_pf_proration.TestWageBase" name="test_wage_base_pd0_is_zero" time="0.000" /><testcase classname="test_iter620_compliance_pf_proration.TestWageBase" name="test_days_independent_flags_present" time="0.000" /></testsuite></testsuites>