<?xml version="1.0" encoding="utf-8"?><testsuites name="pytest tests"><testsuite name="pytest" errors="0" failures="0" skipped="0" tests="32" time="5.985" timestamp="2026-07-19T06:15:08.892128+00:00" hostname="agent-env-e4e7ee8d-8a9b-4acb-8b08-f878545854bb"><testcase classname="test_iter202_bulk_ops_reports.TestAttendanceInoutRoundTrip" name="test_inout_template" time="0.650" /><testcase classname="test_iter202_bulk_ops_reports.TestAttendanceInoutRoundTrip" name="test_inout_preview_and_apply_cleanup" time="0.541" /><testcase classname="test_iter202_bulk_ops_reports.TestSalaryExcelPreview" name="test_salary_template_and_preview" time="0.168" /><testcase classname="test_iter202_bulk_ops_reports.TestBulkValidation" name="test_transfer_same_firm" time="0.070" /><testcase classname="test_iter202_bulk_ops_reports.TestBulkValidation" name="test_transfer_missing_dest" time="0.072" /><testcase classname="test_iter202_bulk_ops_reports.TestBulkValidation" name="test_resignation_bad_date" time="0.088" /><testcase classname="test_iter202_bulk_ops_reports.TestBulkValidation" name="test_shift_assign_and_revert" time="0.233" /><testcase classname="test_iter202_bulk_ops_reports.TestHistoryAndReports" name="test_history" time="0.073" /><testcase classname="test_iter202_bulk_ops_reports.TestHistoryAndReports" name="test_reports_json_xlsx_pdf[/api/admin/reports/pt-params0]" time="0.393" /><testcase classname="test_iter202_bulk_ops_reports.TestHistoryAndReports" name="test_reports_json_xlsx_pdf[/api/admin/reports/lwf-params1]" time="0.256" /><testcase classname="test_iter202_bulk_ops_reports.TestHistoryAndReports" name="test_reports_json_xlsx_pdf[/api/admin/reports/gratuity-params2]" time="0.286" /><testcase classname="test_iter202_bulk_ops_reports.TestHistoryAndReports" name="test_reports_json_xlsx_pdf[/api/admin/reports/fnf-params3]" time="0.239" /><testcase classname="test_iter202_bulk_ops_reports.TestHistoryAndReports" name="test_reports_json_xlsx_pdf[/api/admin/reports/advance-loan-params4]" time="0.242" /><testcase classname="test_iter202_bulk_ops_reports.TestHistoryAndReports" name="test_reports_json_xlsx_pdf[/api/admin/reports/mis-params5]" time="0.241" /><testcase classname="test_iter202_bulk_ops_reports.TestHistoryAndReports" name="test_lwf_rajasthan_zero" time="0.074" /><testcase classname="test_iter202_bulk_ops_reports.TestHistoryAndReports" name="test_gratuity_liability_positive" time="0.087" /><testcase classname="test_iter202_bulk_ops_reports.TestHistoryAndReports" name="test_advance_loan_rows" time="0.071" /><testcase classname="test_iter202_bulk_ops_reports.TestHistoryAndReports" name="test_mis_man_days_positive" time="0.075" /><testcase classname="test_iter202_bulk_ops_reports.TestCLRAXlsx" name="test_clra_xlsx[form-xii.xlsx-extra0]" time="0.082" /><testcase classname="test_iter202_bulk_ops_reports.TestCLRAXlsx" name="test_clra_xlsx[form-xiii.xlsx-extra1]" time="0.095" /><testcase classname="test_iter202_bulk_ops_reports.TestCLRAXlsx" name="test_clra_xlsx[form-xiv.xlsx-extra2]" time="0.085" /><testcase classname="test_iter202_bulk_ops_reports.TestCLRAXlsx" name="test_clra_xlsx[form-xv.xlsx-extra3]" time="0.093" /><testcase classname="test_iter202_bulk_ops_reports.TestGridPresentDaysPolicy" name="test_grid_has_present_days_policy" time="0.242" /><testcase classname="test_iter202_bulk_ops_reports.TestCompliancePresent8Hr" name="test_flag_toggle_and_grid_split" time="0.720" /><testcase classname="test_iter202_bulk_ops_reports.TestAuth401" name="test_no_token_returns_401[get-/api/admin/bulk-ops/employees-kw0]" time="0.079" /><testcase classname="test_iter202_bulk_ops_reports.TestAuth401" name="test_no_token_returns_401[get-/api/admin/bulk-ops/history-kw1]" time="0.068" /><testcase classname="test_iter202_bulk_ops_reports.TestAuth401" name="test_no_token_returns_401[get-/api/admin/reports/pt-kw2]" time="0.065" /><testcase classname="test_iter202_bulk_ops_reports.TestAuth401" name="test_no_token_returns_401[get-/api/admin/reports/gratuity-kw3]" time="0.091" /><testcase classname="test_iter202_bulk_ops_reports.TestAuth401" name="test_no_token_returns_401[get-/api/admin/clra-registers/form-xii.xlsx-kw4]" time="0.107" /><testcase classname="test_iter202_bulk_ops_reports.TestAuth401" name="test_no_token_returns_401[get-/api/admin/clra-registers/form-xv.xlsx-kw5]" time="0.088" /><testcase classname="test_iter202_bulk_ops_reports.TestAuth401" name="test_no_token_returns_401[post-/api/admin/bulk-ops/transfer-kw6]" time="0.071" /><testcase classname="test_iter202_bulk_ops_reports.TestAuth401" name="test_no_token_returns_401[post-/api/admin/bulk-ops/resignation-kw7]" time="0.072" /></testsuite></testsuites>