<?xml version="1.0" encoding="utf-8"?><testsuites name="pytest tests"><testsuite name="pytest" errors="0" failures="0" skipped="0" tests="33" time="4.968" timestamp="2026-07-28T16:00:07.131913+00:00" hostname="agent-env-e4e7ee8d-8a9b-4acb-8b08-f878545854bb"><testcase classname="test_iter357_labour_returns_factory.TestAuthGating" name="test_labour_stats_no_auth_401" time="0.330" /><testcase classname="test_iter357_labour_returns_factory.TestAuthGating" name="test_annual_returns_no_auth_401" time="0.141" /><testcase classname="test_iter357_labour_returns_factory.TestAuthGating" name="test_factory_no_auth_401" time="0.091" /><testcase classname="test_iter357_labour_returns_factory.TestLabourStats" name="test_dashboard" time="0.535" /><testcase classname="test_iter357_labour_returns_factory.TestLabourStats" name="test_registers_json[department]" time="0.123" /><testcase classname="test_iter357_labour_returns_factory.TestLabourStats" name="test_registers_json[category]" time="0.106" /><testcase classname="test_iter357_labour_returns_factory.TestLabourStats" name="test_registers_json[monthly-return]" time="0.133" /><testcase classname="test_iter357_labour_returns_factory.TestLabourStats" name="test_registers_json[welfare]" time="0.133" /><testcase classname="test_iter357_labour_returns_factory.TestLabourStats" name="test_turnover" time="0.123" /><testcase classname="test_iter357_labour_returns_factory.TestLabourStats" name="test_department_xlsx" time="0.131" /><testcase classname="test_iter357_labour_returns_factory.TestLabourStats" name="test_department_pdf" time="0.134" /><testcase classname="test_iter357_labour_returns_factory.TestAnnualReturns" name="test_list" time="0.104" /><testcase classname="test_iter357_labour_returns_factory.TestAnnualReturns" name="test_dashboard" time="0.111" /><testcase classname="test_iter357_labour_returns_factory.TestAnnualReturns" name="test_returns_json[minimum-wages]" time="0.105" /><testcase classname="test_iter357_labour_returns_factory.TestAnnualReturns" name="test_returns_json[payment-of-wages]" time="0.100" /><testcase classname="test_iter357_labour_returns_factory.TestAnnualReturns" name="test_returns_json[bonus]" time="0.090" /><testcase classname="test_iter357_labour_returns_factory.TestAnnualReturns" name="test_returns_json[equal-remuneration]" time="0.104" /><testcase classname="test_iter357_labour_returns_factory.TestAnnualReturns" name="test_returns_json[employment-statistics]" time="0.105" /><testcase classname="test_iter357_labour_returns_factory.TestAnnualReturns" name="test_returns_json[social-security]" time="0.103" /><testcase classname="test_iter357_labour_returns_factory.TestAnnualReturns" name="test_returns_json[lwf]" time="0.095" /><testcase classname="test_iter357_labour_returns_factory.TestAnnualReturns" name="test_returns_json[pt]" time="0.245" /><testcase classname="test_iter357_labour_returns_factory.TestAnnualReturns" name="test_bonus_xlsx" time="0.226" /><testcase classname="test_iter357_labour_returns_factory.TestAnnualReturns" name="test_pow_pdf" time="0.126" /><testcase classname="test_iter357_labour_returns_factory.TestFactoryCompliance" name="test_kinds" time="0.106" /><testcase classname="test_iter357_labour_returns_factory.TestFactoryCompliance" name="test_dashboard" time="0.085" /><testcase classname="test_iter357_labour_returns_factory.TestFactoryCompliance" name="test_computed_registers[daily-attendance-params0]" time="0.118" /><testcase classname="test_iter357_labour_returns_factory.TestFactoryCompliance" name="test_computed_registers[present-absent-params1]" time="0.092" /><testcase classname="test_iter357_labour_returns_factory.TestFactoryCompliance" name="test_computed_registers[muster-roll-params2]" time="0.097" /><testcase classname="test_iter357_labour_returns_factory.TestFactoryCompliance" name="test_computed_registers[working-hours-params3]" time="0.087" /><testcase classname="test_iter357_labour_returns_factory.TestFactoryCompliance" name="test_computed_registers[strength-params4]" time="0.103" /><testcase classname="test_iter357_labour_returns_factory.TestFactoryCompliance" name="test_present_absent_row_count" time="0.118" /><testcase classname="test_iter357_labour_returns_factory.TestFactoryCompliance" name="test_crud_license_record_and_dashboard_alert" time="0.469" /><testcase classname="test_iter357_labour_returns_factory.TestFactoryCompliance" name="test_strength_pdf" time="0.093" /></testsuite></testsuites>