<?xml version="1.0" encoding="utf-8"?><testsuites name="pytest tests"><testsuite name="pytest" errors="0" failures="0" skipped="0" tests="24" time="2.802" timestamp="2026-07-18T00:10:20.025860+00:00" hostname="agent-env-e4e7ee8d-8a9b-4acb-8b08-f878545854bb"><testcase classname="test_iter178_portal_phase2.TestPortalTasks" name="test_list_tasks_super" time="0.393" /><testcase classname="test_iter178_portal_phase2.TestPortalTasks" name="test_create_task_success" time="0.077" /><testcase classname="test_iter178_portal_phase2.TestPortalTasks" name="test_create_task_missing_title" time="0.071" /><testcase classname="test_iter178_portal_phase2.TestPortalTasks" name="test_create_task_invalid_priority" time="0.071" /><testcase classname="test_iter178_portal_phase2.TestPortalTasks" name="test_status_transition_and_completed_at" time="0.156" /><testcase classname="test_iter178_portal_phase2.TestPortalTasks" name="test_invalid_status" time="0.082" /><testcase classname="test_iter178_portal_phase2.TestPortalTasks" name="test_delete_task" time="0.149" /><testcase classname="test_iter178_portal_phase2.TestTrackedDocuments" name="test_list" time="0.086" /><testcase classname="test_iter178_portal_phase2.TestTrackedDocuments" name="test_create_success" time="0.090" /><testcase classname="test_iter178_portal_phase2.TestTrackedDocuments" name="test_create_bad_expiry" time="0.072" /><testcase classname="test_iter178_portal_phase2.TestTrackedDocuments" name="test_create_missing_title" time="0.085" /><testcase classname="test_iter178_portal_phase2.TestTrackedDocuments" name="test_create_bad_doc_type" time="0.079" /><testcase classname="test_iter178_portal_phase2.TestTrackedDocuments" name="test_bucket_and_days_left" time="0.088" /><testcase classname="test_iter178_portal_phase2.TestTrackedDocuments" name="test_patch" time="0.082" /><testcase classname="test_iter178_portal_phase2.TestTrackedDocuments" name="test_delete" time="0.075" /><testcase classname="test_iter178_portal_phase2.TestClientHealth" name="test_client_health" time="0.099" /><testcase classname="test_iter178_portal_phase2.TestCalendar" name="test_calendar_month" time="0.089" /><testcase classname="test_iter178_portal_phase2.TestCalendar" name="test_toggle_on_then_off" time="0.150" /><testcase classname="test_iter178_portal_phase2.TestAlerts" name="test_alerts" time="0.090" /><testcase classname="test_iter178_portal_phase2.TestRoleScoping" name="test_company_admin_scoped_tasks" time="0.225" /><testcase classname="test_iter178_portal_phase2.TestRoleScoping" name="test_company_admin_scoped_docs" time="0.090" /><testcase classname="test_iter178_portal_phase2.TestRoleScoping" name="test_company_admin_creates_task_locked_to_firm" time="0.153" /><testcase classname="test_iter178_portal_phase2.TestAuthGuards" name="test_no_auth_401" time="0.089" /><testcase classname="test_iter178_portal_phase2.TestAuthGuards" name="test_bad_token_401" time="0.084" /></testsuite></testsuites>