<?xml version="1.0" encoding="utf-8"?><testsuites name="pytest tests"><testsuite name="pytest" errors="0" failures="0" skipped="0" tests="15" time="3.168" timestamp="2026-08-25T16:32:52.502521+00:00" hostname="agent-env-e4e7ee8d-8a9b-4acb-8b08-f878545854bb"><testcase classname="test_asset_management.TestAdminLifecycle" name="test_asset_created_available" time="1.150" /><testcase classname="test_asset_management.TestAdminLifecycle" name="test_duplicate_serial_rejected" time="0.114" /><testcase classname="test_asset_management.TestAdminLifecycle" name="test_assign" time="0.226" /><testcase classname="test_asset_management.TestAdminLifecycle" name="test_incident_and_approve" time="0.224" /><testcase classname="test_asset_management.TestAdminLifecycle" name="test_repair_flow" time="0.208" /><testcase classname="test_asset_management.TestAdminLifecycle" name="test_return" time="0.085" /><testcase classname="test_asset_management.TestAdminLifecycle" name="test_dashboard" time="0.079" /><testcase classname="test_asset_management.TestAdminLifecycle" name="test_history_consolidated" time="0.095" /><testcase classname="test_asset_management.TestAdminLifecycle" name="test_clearance" time="0.110" /><testcase classname="test_asset_management.TestReport" name="test_register_xlsx_magic" time="0.123" /><testcase classname="test_asset_management.TestRecoveryApply" name="test_apply_without_draft_returns_404" time="0.086" /><testcase classname="test_asset_management.TestEmployeeMyAssets" name="test_my_assets_after_assign" time="0.215" /><testcase classname="test_asset_management.TestEmployeeMyAssets" name="test_ack" time="0.081" /><testcase classname="test_asset_management.TestEmployeeMyAssets" name="test_report_repair" time="0.102" /><testcase classname="test_asset_management.TestFNFRegression" name="test_fnf_endpoint_reachable" time="0.087" /></testsuite></testsuites>