<?xml version="1.0" encoding="utf-8"?><testsuites name="pytest tests"><testsuite name="pytest" errors="0" failures="0" skipped="0" tests="10" time="7.988" timestamp="2026-07-20T11:52:52.277087+00:00" hostname="agent-env-e4e7ee8d-8a9b-4acb-8b08-f878545854bb"><testcase classname="test_iter205_attendance_grid_weekoff.TestWeekOffWorkedPolicy" name="test_patch_and_get_persists" time="0.551" /><testcase classname="test_iter205_attendance_grid_weekoff.TestWeekOffAttendanceEngine" name="test_half_day_ot_double_ot" time="0.276" /><testcase classname="test_iter205_attendance_grid_weekoff.TestWeekOffOtOnly" name="test_ot_only" time="0.351" /><testcase classname="test_iter205_attendance_grid_weekoff.TestGridColumns" name="test_rows_expose_father_name" time="0.206" /><testcase classname="test_iter205_attendance_grid_weekoff.TestGridColumns" name="test_totals_are_clock_exact" time="0.216" /><testcase classname="test_iter205_attendance_grid_weekoff.TestDutyHoursDivision" name="test_whole_days_and_extra" time="0.366" /><testcase classname="test_iter205_attendance_grid_weekoff.TestXlsxExports" name="test_monthly_hours_two_sheets" time="2.097" /><testcase classname="test_iter205_attendance_grid_weekoff.TestXlsxExports" name="test_monthly_hours_trailing_totals_hhmm" time="2.036" /><testcase classname="test_iter205_attendance_grid_weekoff.TestXlsxExports" name="test_monthly_inout_two_sheets" time="1.509" /><testcase classname="test_iter205_attendance_grid_weekoff" name="test_zzz_restore" time="0.122" /></testsuite></testsuites>