<?xml version="1.0" encoding="utf-8"?><testsuites name="pytest tests"><testsuite name="pytest" errors="0" failures="0" skipped="0" tests="5" time="1.393" timestamp="2026-07-18T14:14:07.859489+00:00" hostname="agent-env-e4e7ee8d-8a9b-4acb-8b08-f878545854bb"><testcase classname="test_iter195_salary_readiness" name="test_readiness_ok" time="0.877" /><testcase classname="test_iter195_salary_readiness" name="test_readiness_missing_month" time="0.096" /><testcase classname="test_iter195_salary_readiness" name="test_readiness_bad_month" time="0.144" /><testcase classname="test_iter195_salary_readiness" name="test_readiness_missing_company" time="0.101" /><testcase classname="test_iter195_salary_readiness" name="test_readiness_unauthorized" time="0.104" /></testsuite></testsuites>