<?xml version="1.0" encoding="utf-8"?><testsuites name="pytest tests"><testsuite name="pytest" errors="0" failures="0" skipped="0" tests="6" time="2.245" timestamp="2026-07-18T01:37:28.821053+00:00" hostname="agent-env-e4e7ee8d-8a9b-4acb-8b08-f878545854bb"><testcase classname="test_iter182_salary_audit.TestSalaryAuditLog" name="test_unauthorized" time="0.103" /><testcase classname="test_iter182_salary_audit.TestSalaryAuditLog" name="test_super_admin_200" time="0.373" /><testcase classname="test_iter182_salary_audit.TestSalaryAuditLog" name="test_filter_by_company" time="0.087" /><testcase classname="test_iter182_salary_audit.TestSalaryAuditLog" name="test_generate_and_read_entry" time="0.323" /><testcase classname="test_iter182_salary_audit.TestLabourReportPdf" name="test_catalogue_lists_reports" time="0.074" /><testcase classname="test_iter182_salary_audit.TestLabourReportPdf" name="test_generate_one_report_pdf" time="1.215" /></testsuite></testsuites>