<?xml version="1.0" encoding="utf-8"?><testsuites name="pytest tests"><testsuite name="pytest" errors="0" failures="0" skipped="0" tests="16" time="5.387" timestamp="2026-07-13T05:36:52.369082+00:00" hostname="agent-env-e4e7ee8d-8a9b-4acb-8b08-f878545854bb"><testcase classname="test_iter123_subadmin_employee_master.TestSubAdminPositive" name="test_get_policy" time="0.798" /><testcase classname="test_iter123_subadmin_employee_master.TestSubAdminPositive" name="test_patch_user_role_department" time="0.084" /><testcase classname="test_iter123_subadmin_employee_master.TestSubAdminPositive" name="test_get_documents" time="0.098" /><testcase classname="test_iter123_subadmin_employee_master.TestSubAdminPositive" name="test_get_master_pdf" time="0.235" /><testcase classname="test_iter123_subadmin_employee_master.TestSubAdminPositive" name="test_get_attendance_policy_override" time="0.078" /><testcase classname="test_iter123_subadmin_employee_master.TestSubAdminNegative" name="test_role_change_forbidden" time="0.071" /><testcase classname="test_iter123_subadmin_employee_master.TestSubAdminNegative" name="test_company_reassign_forbidden" time="0.086" /><testcase classname="test_iter123_subadmin_employee_master.TestSuperAdminRegression" name="test_get_policy" time="0.085" /><testcase classname="test_iter123_subadmin_employee_master.TestSuperAdminRegression" name="test_patch_user_role_department" time="0.081" /><testcase classname="test_iter123_subadmin_employee_master.TestSuperAdminRegression" name="test_get_documents" time="0.082" /><testcase classname="test_iter123_subadmin_employee_master.TestSuperAdminRegression" name="test_get_master_pdf" time="0.103" /><testcase classname="test_iter123_subadmin_employee_master.TestSuperAdminRegression" name="test_master_pdf_bulk" time="2.854" /><testcase classname="test_iter123_subadmin_employee_master.TestSuperAdminRegression" name="test_attendance_policy_override" time="0.085" /><testcase classname="test_iter123_subadmin_employee_master.TestEmployeeTokenNegative" name="test_policy_forbidden" time="0.422" /><testcase classname="test_iter123_subadmin_employee_master.TestEmployeeTokenNegative" name="test_user_role_forbidden" time="0.064" /><testcase classname="test_iter123_subadmin_employee_master.TestEmployeeTokenNegative" name="test_master_pdf_forbidden" time="0.077" /></testsuite></testsuites>