<?xml version="1.0" encoding="utf-8"?><testsuites name="pytest tests"><testsuite name="pytest" errors="0" failures="0" skipped="0" tests="36" time="7.634" timestamp="2026-07-17T17:25:31.262629+00:00" hostname="agent-env-e4e7ee8d-8a9b-4acb-8b08-f878545854bb"><testcase classname="test_iter177_labour_reports" name="test_catalogue_has_22_reports" time="0.580" /><testcase classname="test_iter177_labour_reports" name="test_generate_each_report_json[daily_attendance]" time="0.163" /><testcase classname="test_iter177_labour_reports" name="test_generate_each_report_json[muster_roll]" time="0.122" /><testcase classname="test_iter177_labour_reports" name="test_generate_each_report_json[monthly_register]" time="0.122" /><testcase classname="test_iter177_labour_reports" name="test_generate_each_report_json[overtime_register]" time="0.148" /><testcase classname="test_iter177_labour_reports" name="test_generate_each_report_json[present_absent]" time="0.123" /><testcase classname="test_iter177_labour_reports" name="test_generate_each_report_json[late_coming]" time="0.119" /><testcase classname="test_iter177_labour_reports" name="test_generate_each_report_json[early_going]" time="0.115" /><testcase classname="test_iter177_labour_reports" name="test_generate_each_report_json[miss_punch]" time="0.136" /><testcase classname="test_iter177_labour_reports" name="test_generate_each_report_json[in_out_punch]" time="0.149" /><testcase classname="test_iter177_labour_reports" name="test_generate_each_report_json[half_day]" time="0.115" /><testcase classname="test_iter177_labour_reports" name="test_generate_each_report_json[shift_report]" time="0.114" /><testcase classname="test_iter177_labour_reports" name="test_generate_each_report_json[night_shift]" time="0.142" /><testcase classname="test_iter177_labour_reports" name="test_generate_each_report_json[double_shift]" time="0.138" /><testcase classname="test_iter177_labour_reports" name="test_generate_each_report_json[weekly_off]" time="0.106" /><testcase classname="test_iter177_labour_reports" name="test_generate_each_report_json[holiday_attendance]" time="0.128" /><testcase classname="test_iter177_labour_reports" name="test_generate_each_report_json[geofence_attendance]" time="0.125" /><testcase classname="test_iter177_labour_reports" name="test_generate_each_report_json[gps_attendance]" time="0.116" /><testcase classname="test_iter177_labour_reports" name="test_generate_each_report_json[face_attendance]" time="0.140" /><testcase classname="test_iter177_labour_reports" name="test_generate_each_report_json[qr_attendance]" time="0.094" /><testcase classname="test_iter177_labour_reports" name="test_generate_each_report_json[biometric_attendance]" time="0.135" /><testcase classname="test_iter177_labour_reports" name="test_generate_each_report_json[device_wise]" time="0.099" /><testcase classname="test_iter177_labour_reports" name="test_generate_each_report_json[location_wise]" time="0.111" /><testcase classname="test_iter177_labour_reports" name="test_export_daily_attendance_pdf" time="1.706" /><testcase classname="test_iter177_labour_reports" name="test_export_muster_roll_excel" time="0.255" /><testcase classname="test_iter177_labour_reports" name="test_export_daily_attendance_csv" time="0.144" /><testcase classname="test_iter177_labour_reports" name="test_export_muster_roll_csv" time="0.113" /><testcase classname="test_iter177_labour_reports" name="test_gender_filter_reduces_rows" time="0.246" /><testcase classname="test_iter177_labour_reports" name="test_explicit_from_to_range" time="0.097" /><testcase classname="test_iter177_labour_reports" name="test_range_exceeding_62_days_400" time="0.223" /><testcase classname="test_iter177_labour_reports" name="test_unknown_report_key_400" time="0.103" /><testcase classname="test_iter177_labour_reports" name="test_missing_company_id_400" time="0.066" /><testcase classname="test_iter177_labour_reports" name="test_missing_month_and_dates_400" time="0.085" /><testcase classname="test_iter177_labour_reports" name="test_verify_endpoint_roundtrip" time="0.228" /><testcase classname="test_iter177_labour_reports" name="test_verify_unknown_id_404" time="0.092" /><testcase classname="test_iter177_labour_reports" name="test_tech_reports_do_not_500" time="0.830" /></testsuite></testsuites>