<?xml version="1.0" encoding="utf-8"?><testsuites name="pytest tests"><testsuite name="pytest" errors="0" failures="0" skipped="2" tests="43" time="10.055" timestamp="2026-07-31T07:24:19.084092+00:00" hostname="agent-env-e4e7ee8d-8a9b-4acb-8b08-f878545854bb"><testcase classname="test_iter409_refactor_regression" name="test_health" time="0.129" /><testcase classname="test_iter409_refactor_regression" name="test_admin_stats" time="0.393" /><testcase classname="test_iter409_refactor_regression.TestSubAdmins" name="test_permission_keys" time="0.073" /><testcase classname="test_iter409_refactor_regression.TestSubAdmins" name="test_list_sub_admins" time="0.083" /><testcase classname="test_iter409_refactor_regression.TestSubAdmins" name="test_create" time="0.621" /><testcase classname="test_iter409_refactor_regression.TestSubAdmins" name="test_get_and_patch" time="0.183" /><testcase classname="test_iter409_refactor_regression.TestSubAdmins" name="test_reset_password_and_login" time="0.598" /><testcase classname="test_iter409_refactor_regression.TestSubAdmins" name="test_delete" time="0.146" /><testcase classname="test_iter409_refactor_regression" name="test_portal_credentials_get" time="0.087" /><testcase classname="test_iter409_refactor_regression" name="test_portal_credentials_patch_and_verify" time="0.167" /><testcase classname="test_iter409_refactor_regression" name="test_employer_permission_keys" time="0.083" /><testcase classname="test_iter409_refactor_regression" name="test_employer_access_rights_get_and_patch" time="0.254" /><testcase classname="test_iter409_refactor_regression.TestMasters" name="test_list_groups" time="0.070" /><testcase classname="test_iter409_refactor_regression.TestMasters" name="test_create_group" time="0.081" /><testcase classname="test_iter409_refactor_regression.TestMasters" name="test_patch_group" time="0.077" /><testcase classname="test_iter409_refactor_regression.TestMasters" name="test_create_holiday_requires_date" time="0.073" /><testcase classname="test_iter409_refactor_regression.TestMasters" name="test_create_holiday" time="0.081" /><testcase classname="test_iter409_refactor_regression.TestMasters" name="test_delete_group" time="0.076" /><testcase classname="test_iter409_refactor_regression.TestMasters" name="test_delete_holiday" time="0.076" /><testcase classname="test_iter409_refactor_regression" name="test_pt_states" time="0.067" /><testcase classname="test_iter409_refactor_regression" name="test_compliance_policy_merge" time="0.336" /><testcase classname="test_iter409_refactor_regression.TestBonus" name="test_get_policy" time="0.096" /><testcase classname="test_iter409_refactor_regression.TestBonus" name="test_put_policy_noop" time="0.081" /><testcase classname="test_iter409_refactor_regression.TestBonus" name="test_preview" time="0.083" /><testcase classname="test_iter409_refactor_regression.TestBonus" name="test_create" time="0.091" /><testcase classname="test_iter409_refactor_regression.TestBonus" name="test_list" time="0.081" /><testcase classname="test_iter409_refactor_regression.TestBonus" name="test_get" time="0.095" /><testcase classname="test_iter409_refactor_regression.TestBonus" name="test_report_xlsx" time="0.098" /><testcase classname="test_iter409_refactor_regression.TestBonus" name="test_form_c_pdf_via_statutory_registers" time="0.218" /><testcase classname="test_iter409_refactor_regression.TestBonus" name="test_cleanup_delete_run" time="0.000" /><testcase classname="test_iter409_refactor_regression" name="test_salary_runs_list" time="0.074" /><testcase classname="test_iter409_refactor_regression" name="test_salary_run_detail_and_exports" time="0.955" /><testcase classname="test_iter409_refactor_regression" name="test_reprocess_non_finalized" time="0.174" /><testcase classname="test_iter409_refactor_regression" name="test_annual_report_xlsx" time="0.225" /><testcase classname="test_iter409_refactor_regression" name="test_employee_payslip_pdf" time="0.158"><skipped type="pytest.skip" message="Run has no rows">/app/backend/tests/test_iter409_refactor_regression.py:515: Run has no rows</skipped></testcase><testcase classname="test_iter409_refactor_regression" name="test_pending_punches_admin" time="0.078" /><testcase classname="test_iter409_refactor_regression" name="test_punch_decision_approve_if_any" time="0.076"><skipped type="pytest.skip" message="No pending punches to decide">/app/backend/tests/test_iter409_refactor_regression.py:546: No pending punches to decide</skipped></testcase><testcase classname="test_iter409_refactor_regression" name="test_attendance_history" time="0.095" /><testcase classname="test_iter409_refactor_regression" name="test_attendance_summary" time="0.068" /><testcase classname="test_iter409_refactor_regression" name="test_my_month_admin_400_no_firm" time="0.133" /><testcase classname="test_iter409_refactor_regression" name="test_compliance_csv_sort_by_name" time="0.163" /><testcase classname="test_iter409_refactor_regression" name="test_compliance_reprocess_empty_body" time="0.228" /><testcase classname="test_iter409_refactor_regression" name="test_server_payslip_rows_for_month_attribute_present" time="2.887" /></testsuite></testsuites>