<?xml version="1.0" encoding="utf-8"?><testsuites name="pytest tests"><testsuite name="pytest" errors="0" failures="0" skipped="0" tests="7" time="1.663" timestamp="2026-08-27T13:30:50.983891+00:00" hostname="agent-env-e4e7ee8d-8a9b-4acb-8b08-f878545854bb"><testcase classname="test_iter763_refresh_master_and_dummy_shift" name="test_01_baseline_row" time="0.226" /><testcase classname="test_iter763_refresh_master_and_dummy_shift" name="test_02_refresh_master_pulls_new_rate_1600" time="0.371" /><testcase classname="test_iter763_refresh_master_and_dummy_shift" name="test_03_restore_rate_and_verify_1500" time="0.364" /><testcase classname="test_iter763_refresh_master_and_dummy_shift" name="test_04_firm_master_has_dummy_shift_report_field" time="0.061" /><testcase classname="test_iter763_refresh_master_and_dummy_shift" name="test_05_toggle_on_and_shift_options_dummy_allowed" time="0.199" /><testcase classname="test_iter763_refresh_master_and_dummy_shift" name="test_06_inout_ot_matrix_exact_dummy_window" time="0.168" /><testcase classname="test_iter763_refresh_master_and_dummy_shift" name="test_99_cleanup_firm_toggles" time="0.117" /></testsuite></testsuites>