<?xml version="1.0" encoding="utf-8"?><testsuites name="pytest tests"><testsuite name="pytest" errors="0" failures="0" skipped="0" tests="22" time="23.469" timestamp="2026-07-30T17:38:16.817868+00:00" hostname="agent-env-e4e7ee8d-8a9b-4acb-8b08-f878545854bb"><testcase classname="test_iter395_whatsapp.TestSettings" name="test_get_initial_settings" time="0.844" /><testcase classname="test_iter395_whatsapp.TestSettings" name="test_save_credentials_masked" time="0.107" /><testcase classname="test_iter395_whatsapp.TestSettings" name="test_put_masked_token_does_not_wipe" time="0.194" /><testcase classname="test_iter395_whatsapp.TestSettings" name="test_automation_toggles_persist" time="0.173" /><testcase classname="test_iter395_whatsapp.TestSettings" name="test_test_connection_graceful" time="0.258" /><testcase classname="test_iter395_whatsapp.TestTemplates" name="test_list_seeded" time="0.108" /><testcase classname="test_iter395_whatsapp.TestTemplates" name="test_create_update_delete" time="0.323" /><testcase classname="test_iter395_whatsapp.TestTemplates" name="test_preview_renders_variables" time="0.251" /><testcase classname="test_iter395_whatsapp.TestSend" name="test_manual_send_queues_and_worker_fails_with_not_configured" time="15.683" /><testcase classname="test_iter395_whatsapp.TestSend" name="test_retry_and_cancel_and_delete" time="1.491" /><testcase classname="test_iter395_whatsapp.TestSend" name="test_send_salary_slips" time="0.118" /><testcase classname="test_iter395_whatsapp.TestDashboard" name="test_dashboard" time="0.089" /><testcase classname="test_iter395_whatsapp.TestDashboard" name="test_report_json" time="0.097" /><testcase classname="test_iter395_whatsapp.TestDashboard" name="test_report_xlsx_magic" time="0.102" /><testcase classname="test_iter395_whatsapp.TestDashboard" name="test_report_pdf_magic" time="0.086" /><testcase classname="test_iter395_whatsapp.TestSchedules" name="test_create_list_delete" time="0.309" /><testcase classname="test_iter395_whatsapp.TestWebhook" name="test_verify_wrong_token" time="0.093" /><testcase classname="test_iter395_whatsapp.TestWebhook" name="test_verify_correct_token" time="0.081" /><testcase classname="test_iter395_whatsapp.TestWebhook" name="test_status_callback" time="0.081" /><testcase classname="test_iter395_whatsapp.TestWebhook" name="test_inbound_chatbot" time="2.201" /><testcase classname="test_iter395_whatsapp.TestRegression" name="test_employee_create_delete_with_welcome_hook" time="0.496" /><testcase classname="test_iter395_whatsapp.TestCleanup" name="test_reset_settings" time="0.176" /></testsuite></testsuites>