<?xml version="1.0" encoding="utf-8"?><testsuites name="pytest tests"><testsuite name="pytest" errors="0" failures="0" skipped="0" tests="9" time="2.590" timestamp="2026-07-20T17:00:04.883133+00:00" hostname="agent-env-e4e7ee8d-8a9b-4acb-8b08-f878545854bb"><testcase classname="test_iter212_subadmin_access.TestSubAdminAdminEndpoints" name="test_day_status_scoped_company" time="1.126" /><testcase classname="test_iter212_subadmin_access.TestSubAdminAdminEndpoints" name="test_report_formats" time="0.229" /><testcase classname="test_iter212_subadmin_access.TestSubAdminAdminEndpoints" name="test_shift_masters" time="0.081" /><testcase classname="test_iter212_subadmin_access.TestSubAdminAdminEndpoints" name="test_no_403_for_sub_admin[/api/admin/companies]" time="0.086" /><testcase classname="test_iter212_subadmin_access.TestSubAdminAdminEndpoints" name="test_no_403_for_sub_admin[/api/admin/employees?company_id=cmp_adddad3f65]" time="0.117" /><testcase classname="test_iter212_subadmin_access.TestSubAdminAdminEndpoints" name="test_no_403_for_sub_admin[/api/admin/attendance-policy/cmp_adddad3f65]" time="0.100" /><testcase classname="test_iter212_subadmin_access.TestSubAdminAdminEndpoints" name="test_no_403_for_sub_admin[/api/admin/manual-punch-entries/pending]" time="0.084" /><testcase classname="test_iter212_subadmin_access.TestSuperAdminRegression" name="test_attendance_grid_july_2026" time="0.592" /><testcase classname="test_iter212_subadmin_access.TestSuperAdminRegression" name="test_day_status_kankani_ot_pairing" time="0.100" /></testsuite></testsuites>