<?xml version="1.0" encoding="utf-8"?><testsuites name="pytest tests"><testsuite name="pytest" errors="0" failures="0" skipped="0" tests="8" time="6.870" timestamp="2026-07-19T05:17:09.583806+00:00" hostname="agent-env-e4e7ee8d-8a9b-4acb-8b08-f878545854bb"><testcase classname="test_iter200_report_settings_and_flags.TestReportSettingsGate" name="test_1a_policy_shape" time="0.820" /><testcase classname="test_iter200_report_settings_and_flags.TestReportSettingsGate" name="test_1b_disable_hours_and_export_403" time="1.346" /><testcase classname="test_iter200_report_settings_and_flags.TestHolidayMaster" name="test_2_holiday_created_and_listed" time="0.233" /><testcase classname="test_iter200_report_settings_and_flags.TestPolicyMasterFlags" name="test_3_flags_seed_grid_and_cleanup" time="1.187" /><testcase classname="test_iter200_report_settings_and_flags.TestSalaryAllowedGate" name="test_4_gate" time="0.704" /><testcase classname="test_iter200_report_settings_and_flags.TestOfflineSalaryToggle" name="test_5_employee_offline_toggle" time="2.247" /><testcase classname="test_iter200_report_settings_and_flags.TestSavedListAndPresets" name="test_6a_saved_list" time="0.081" /><testcase classname="test_iter200_report_settings_and_flags.TestSavedListAndPresets" name="test_6b_presets_no_hospital_no_textile_sub" time="0.161" /></testsuite></testsuites>