<?xml version="1.0" encoding="utf-8"?><testsuites name="pytest tests"><testsuite name="pytest" errors="0" failures="0" skipped="0" tests="17" time="5.834" timestamp="2026-07-30T11:20:22.973181+00:00" hostname="agent-env-e4e7ee8d-8a9b-4acb-8b08-f878545854bb"><testcase classname="test_iter388_pf_esic_phases3_6.TestValidateEndpoint" name="test_create_and_validate" time="0.717" /><testcase classname="test_iter388_pf_esic_phases3_6.TestValidateEndpoint" name="test_audit_dashboard" time="0.099" /><testcase classname="test_iter388_pf_esic_phases3_6.TestValidateEndpoint" name="test_audit_export_all_combos[pf-xlsx]" time="0.228" /><testcase classname="test_iter388_pf_esic_phases3_6.TestValidateEndpoint" name="test_audit_export_all_combos[pf-pdf]" time="0.169" /><testcase classname="test_iter388_pf_esic_phases3_6.TestValidateEndpoint" name="test_audit_export_all_combos[esic-xlsx]" time="0.104" /><testcase classname="test_iter388_pf_esic_phases3_6.TestValidateEndpoint" name="test_audit_export_all_combos[esic-pdf]" time="0.169" /><testcase classname="test_iter388_pf_esic_phases3_6.TestValidateEndpoint" name="test_audit_export_all_combos[exceptions-xlsx]" time="0.095" /><testcase classname="test_iter388_pf_esic_phases3_6.TestValidateEndpoint" name="test_audit_export_all_combos[exceptions-pdf]" time="0.090" /><testcase classname="test_iter388_pf_esic_phases3_6.TestValidateEndpoint" name="test_ai_explain_one_employee" time="2.954" /><testcase classname="test_iter388_pf_esic_phases3_6.TestValidateEndpoint" name="test_zzz_cleanup_real_run" time="0.092" /><testcase classname="test_iter388_pf_esic_phases3_6.TestFinalizeGates" name="test_finalize_blocks_on_error" time="0.089" /><testcase classname="test_iter388_pf_esic_phases3_6.TestFinalizeGates" name="test_finalize_warning_only_then_override" time="0.198" /><testcase classname="test_iter388_pf_esic_phases3_6.TestFinalizeGates" name="test_finalize_clean_run_succeeds_with_snapshot" time="0.121" /><testcase classname="test_iter388_pf_esic_phases3_6.TestMissingIdsReport" name="test_missing_ids[uan-xlsx]" time="0.098" /><testcase classname="test_iter388_pf_esic_phases3_6.TestMissingIdsReport" name="test_missing_ids[uan-pdf]" time="0.159" /><testcase classname="test_iter388_pf_esic_phases3_6.TestMissingIdsReport" name="test_missing_ids[ip-xlsx]" time="0.108" /><testcase classname="test_iter388_pf_esic_phases3_6.TestMissingIdsReport" name="test_missing_ids[ip-pdf]" time="0.158" /></testsuite></testsuites>