<?xml version="1.0" encoding="utf-8"?><testsuites name="pytest tests"><testsuite name="pytest" errors="0" failures="0" skipped="0" tests="6" time="2.262" timestamp="2026-07-09T14:50:21.733227+00:00" hostname="agent-env-e4e7ee8d-8a9b-4acb-8b08-f878545854bb"><testcase classname="test_iter93_punch_and_salary.TestDayStatus" name="test_day_status_single_day" time="0.474" /><testcase classname="test_iter93_punch_and_salary.TestDayStatus" name="test_day_status_range_over_31_days_rejected" time="0.075" /><testcase classname="test_iter93_punch_and_salary.TestPatchAttendance" name="test_manual_punch_appears_in_day_status" time="0.573" /><testcase classname="test_iter93_punch_and_salary.TestPatchAttendance" name="test_patch_keeps_approved_and_sets_updated" time="0.264" /><testcase classname="test_iter93_punch_and_salary.TestProfileFields" name="test_patch_compliance_and_bio_code" time="0.328" /><testcase classname="test_iter93_punch_and_salary.TestProfileFields" name="test_duplicate_employee_code_409" time="0.473" /></testsuite></testsuites>