<?xml version="1.0" encoding="utf-8"?><testsuites name="pytest tests"><testsuite name="pytest" errors="0" failures="0" skipped="0" tests="23" time="3.271" timestamp="2026-07-30T14:55:55.644799+00:00" hostname="agent-env-e4e7ee8d-8a9b-4acb-8b08-f878545854bb"><testcase classname="test_iter394_compliance_salary_runs_refactor.TestComplianceSalaryRunCRUD" name="test_list_runs_returns_200" time="0.697" /><testcase classname="test_iter394_compliance_salary_runs_refactor.TestComplianceSalaryRunCRUD" name="test_get_existing_run" time="0.105" /><testcase classname="test_iter394_compliance_salary_runs_refactor.TestComplianceSalaryRunCRUD" name="test_create_and_persist" time="0.282" /><testcase classname="test_iter394_compliance_salary_runs_refactor.TestComplianceSalaryRunCRUD" name="test_save_rows_persists_edits" time="0.307" /><testcase classname="test_iter394_compliance_salary_runs_refactor.TestComplianceSalaryRunCRUD" name="test_reprocess_run" time="0.127" /><testcase classname="test_iter394_compliance_salary_runs_refactor.TestFinalizeAndUnlockFlow" name="test_finalize_runs_validation_gate" time="0.099" /><testcase classname="test_iter394_compliance_salary_runs_refactor.TestFinalizeAndUnlockFlow" name="test_unlock_flow" time="0.175" /><testcase classname="test_iter394_compliance_salary_runs_refactor.TestFinalizeAndUnlockFlow" name="test_list_salary_unlock_requests" time="0.086" /><testcase classname="test_iter394_compliance_salary_runs_refactor.TestFinalizeAndUnlockFlow" name="test_decide_unlock_request_404_on_missing" time="0.088" /><testcase classname="test_iter394_compliance_salary_runs_refactor.TestExistingRunExports" name="test_export_csv" time="0.088" /><testcase classname="test_iter394_compliance_salary_runs_refactor.TestExistingRunExports" name="test_export_xlsx" time="0.100" /><testcase classname="test_iter394_compliance_salary_runs_refactor.TestExistingRunExports" name="test_register_pdf_valid" time="0.110" /><testcase classname="test_iter394_compliance_salary_runs_refactor.TestExistingRunExports" name="test_pf_ecr_txt" time="0.079" /><testcase classname="test_iter394_compliance_salary_runs_refactor.TestExistingRunExports" name="test_esic_mc_csv" time="0.081" /><testcase classname="test_iter394_compliance_salary_runs_refactor.TestExistingRunExports" name="test_esic_ip_reg_csv" time="0.082" /><testcase classname="test_iter394_compliance_salary_runs_refactor.TestExistingRunExports" name="test_ecr_txt" time="0.097" /><testcase classname="test_iter394_compliance_salary_runs_refactor.TestLegacyServerHelpers" name="test_create_employee_and_delete" time="0.086" /><testcase classname="test_iter394_compliance_salary_runs_refactor.TestLegacyServerHelpers" name="test_actual_salary_process_no_nameerror" time="0.106" /><testcase classname="test_iter394_compliance_salary_runs_refactor.TestLegacyServerHelpers" name="test_payslips_zip_probe" time="0.073" /><testcase classname="test_iter394_compliance_salary_runs_refactor.TestDeDupSanity" name="test_esic_leave_settings" time="0.092" /><testcase classname="test_iter394_compliance_salary_runs_refactor.TestDeDupSanity" name="test_claims_list" time="0.104" /><testcase classname="test_iter394_compliance_salary_runs_refactor.TestDeDupSanity" name="test_payroll_register" time="0.090" /><testcase classname="test_iter394_compliance_salary_runs_refactor" name="test_backend_log_no_nameerror_since_start" time="0.009" /></testsuite></testsuites>