<?xml version="1.0" encoding="utf-8"?><testsuites name="pytest tests"><testsuite name="pytest" errors="0" failures="0" skipped="0" tests="12" time="1.822" timestamp="2026-07-31T12:03:49.864702+00:00" hostname="agent-env-e4e7ee8d-8a9b-4acb-8b08-f878545854bb"><testcase classname="test_iter417_gps_diagnostics.TestGpsDiagnosticsPost" name="test_post_success" time="0.451" /><testcase classname="test_iter417_gps_diagnostics.TestGpsDiagnosticsPost" name="test_post_weak" time="0.087" /><testcase classname="test_iter417_gps_diagnostics.TestGpsDiagnosticsPost" name="test_post_failed" time="0.100" /><testcase classname="test_iter417_gps_diagnostics.TestGpsDiagnosticsPost" name="test_post_unauthenticated" time="0.085" /><testcase classname="test_iter417_gps_diagnostics.TestGpsDiagnosticsList" name="test_list_super_admin" time="0.385" /><testcase classname="test_iter417_gps_diagnostics.TestGpsDiagnosticsList" name="test_filter_outcome_failed" time="0.092" /><testcase classname="test_iter417_gps_diagnostics.TestGpsDiagnosticsList" name="test_filter_date_today" time="0.094" /><testcase classname="test_iter417_gps_diagnostics.TestGpsDiagnosticsList" name="test_filter_company_id" time="0.075" /><testcase classname="test_iter417_gps_diagnostics.TestGpsDiagnosticsList" name="test_list_requires_admin" time="0.084" /><testcase classname="test_iter417_gps_diagnostics.TestGpsDiagnosticsXlsx" name="test_xlsx_super_admin" time="0.095" /><testcase classname="test_iter417_gps_diagnostics.TestAttendanceRegression" name="test_attendance_today" time="0.113" /><testcase classname="test_iter417_gps_diagnostics.TestAttendanceRegression" name="test_attendance_summary" time="0.079" /></testsuite></testsuites>