<?xml version="1.0" encoding="utf-8"?><testsuites name="pytest tests"><testsuite name="pytest" errors="0" failures="0" skipped="0" tests="19" time="6.730" timestamp="2026-07-18T11:34:12.745585+00:00" hostname="agent-env-e4e7ee8d-8a9b-4acb-8b08-f878545854bb"><testcase classname="test_iter193_rbac_phase1_phase3.TestPhase1CompanyRoles" name="test_catalog_has_10_modules" time="0.553" /><testcase classname="test_iter193_rbac_phase1_phase3.TestPhase1CompanyRoles" name="test_list_roles_6_seeded_with_staff_counts" time="0.077" /><testcase classname="test_iter193_rbac_phase1_phase3.TestPhase1CompanyRoles" name="test_create_custom_role" time="0.093" /><testcase classname="test_iter193_rbac_phase1_phase3.TestPhase1CompanyRoles" name="test_patch_role_permissions" time="0.184" /><testcase classname="test_iter193_rbac_phase1_phase3.TestPhase1CompanyRoles" name="test_delete_blocked_if_staff_assigned" time="0.164" /><testcase classname="test_iter193_rbac_phase1_phase3.TestPhase1StaffLogin" name="test_staff_login_normalized" time="0.311" /><testcase classname="test_iter193_rbac_phase1_phase3.TestPhase1StaffLogin" name="test_me_endpoint_matches" time="0.402" /><testcase classname="test_iter193_rbac_phase1_phase3.TestPhase1StaffLogin" name="test_staff_can_read_kyc_tracker" time="0.401" /><testcase classname="test_iter193_rbac_phase1_phase3.TestPhase1StaffLogin" name="test_staff_denied_advances" time="0.075" /><testcase classname="test_iter193_rbac_phase1_phase3.TestPhase1StaffLogin" name="test_staff_denied_company_roles" time="0.080" /><testcase classname="test_iter193_rbac_phase1_phase3.TestPhase1StaffCRUD" name="test_create_dup_weak_reset_disable_delete" time="1.500" /><testcase classname="test_iter193_rbac_phase1_phase3.TestPhase3Workflows" name="test_list_workflows_shows_advance_L1_L2" time="0.081" /><testcase classname="test_iter193_rbac_phase1_phase3.TestPhase3Workflows" name="test_save_invalid_role_returns_404" time="0.080" /><testcase classname="test_iter193_rbac_phase1_phase3.TestPhase3Workflows" name="test_save_valid_workflow" time="0.173" /><testcase classname="test_iter193_rbac_phase1_phase3.TestPhase3AdvanceE2E" name="test_approve_path_L1_HR_L2_CompanyAdmin" time="0.868" /><testcase classname="test_iter193_rbac_phase1_phase3.TestPhase3AdvanceE2E" name="test_reject_path_requires_remarks" time="0.452" /><testcase classname="test_iter193_rbac_phase1_phase3.TestPhase3AdvanceE2E" name="test_hold_then_approve_continues" time="0.416" /><testcase classname="test_iter193_rbac_phase1_phase3.TestPhase3Inbox" name="test_counts_and_flags" time="0.328" /><testcase classname="test_iter193_rbac_phase1_phase3" name="test_zzz_cleanup" time="0.382" /></testsuite></testsuites>