<?xml version="1.0" encoding="utf-8"?><testsuites name="pytest tests"><testsuite name="pytest" errors="0" failures="0" skipped="0" tests="4" time="3.369" timestamp="2026-07-17T07:49:14.828410+00:00" hostname="agent-env-e4e7ee8d-8a9b-4acb-8b08-f878545854bb"><testcase classname="test_iter166_resign_exclusion" name="test_helper_month_is_after_exit_direct" time="2.171" /><testcase classname="test_iter166_resign_exclusion" name="test_compliance_run_2026_07_excludes_resigned" time="0.690" /><testcase classname="test_iter166_resign_exclusion" name="test_compliance_run_2026_06_includes_exit_month" time="0.251" /><testcase classname="test_iter166_resign_exclusion" name="test_actual_salary_process_2026_07_excludes_resigned" time="0.112" /></testsuite></testsuites>