<?xml version="1.0" encoding="utf-8"?><testsuites name="pytest tests"><testsuite name="pytest" errors="0" failures="0" skipped="0" tests="5" time="1.648" timestamp="2026-07-15T01:52:15.325931+00:00" hostname="agent-env-e4e7ee8d-8a9b-4acb-8b08-f878545854bb"><testcase classname="test_iter130_regression.TestComplianceRegisterPDF" name="test_pdf_endpoint_returns_valid_pdf" time="0.894" /><testcase classname="test_iter130_regression.TestESICOnBasic" name="test_esic_wage_base_equals_basic" time="0.001" /><testcase classname="test_iter130_regression.TestOTPolicyXOR" name="test_ot_xor_and_revert" time="0.421" /><testcase classname="test_iter130_regression.TestFirmScopedRuns" name="test_scoped_vs_unscoped" time="0.190" /><testcase classname="test_iter130_regression.TestOTSalaryFirms" name="test_returns_ok_empty" time="0.080" /></testsuite></testsuites>