<?xml version="1.0" encoding="utf-8"?><testsuites name="pytest tests"><testsuite name="pytest" errors="0" failures="0" skipped="0" tests="15" time="3.424" timestamp="2026-07-17T14:44:55.077503+00:00" hostname="agent-env-e4e7ee8d-8a9b-4acb-8b08-f878545854bb"><testcase classname="test_iter170_171_exit_and_compliance_masks.TestMonthIsAfterExitUnit" name="test_iso_prior_month_excluded" time="0.001" /><testcase classname="test_iter170_171_exit_and_compliance_masks.TestMonthIsAfterExitUnit" name="test_ddmmyyyy_dash_prior_month_excluded" time="0.000" /><testcase classname="test_iter170_171_exit_and_compliance_masks.TestMonthIsAfterExitUnit" name="test_ddmmyyyy_slash_prior_month_excluded" time="0.000" /><testcase classname="test_iter170_171_exit_and_compliance_masks.TestMonthIsAfterExitUnit" name="test_iso_current_month_included_final_settlement" time="0.000" /><testcase classname="test_iter170_171_exit_and_compliance_masks.TestMonthIsAfterExitUnit" name="test_status_resigned_no_date_excluded" time="0.000" /><testcase classname="test_iter170_171_exit_and_compliance_masks.TestMonthIsAfterExitUnit" name="test_status_exited_no_date_excluded" time="0.000" /><testcase classname="test_iter170_171_exit_and_compliance_masks.TestMonthIsAfterExitUnit" name="test_status_active_no_date_included" time="0.000" /><testcase classname="test_iter170_171_exit_and_compliance_masks.TestMonthIsAfterExitUnit" name="test_unreadable_exit_date_excluded" time="0.000" /><testcase classname="test_iter170_171_exit_and_compliance_masks.TestMonthIsAfterExitUnit" name="test_empty_user_included" time="0.000" /><testcase classname="test_iter170_171_exit_and_compliance_masks.TestMonthIsAfterExitUnit" name="test_resign_date_alt_field_prior_month_excluded" time="0.000" /><testcase classname="test_iter170_171_exit_and_compliance_masks.TestMonthIsAfterExitUnit" name="test_leaving_date_alt_field_prior_month_excluded" time="0.000" /><testcase classname="test_iter170_171_exit_and_compliance_masks.TestMasterDataStatusFilter" name="test_active_excludes_after_resigned_marker" time="0.851" /><testcase classname="test_iter170_171_exit_and_compliance_masks.TestMasterDataStatusFilter" name="test_left_includes_after_resigned_marker" time="0.044" /><testcase classname="test_iter170_171_exit_and_compliance_masks.TestComplianceMasks" name="test_apply_mask_and_verify_rows" time="0.078" /><testcase classname="test_iter170_171_exit_and_compliance_masks.TestComplianceMasks" name="test_all_false_no_mask_applied" time="0.078" /></testsuite></testsuites>