<?xml version="1.0" encoding="utf-8"?><testsuites name="pytest tests"><testsuite name="pytest" errors="0" failures="0" skipped="0" tests="4" time="1.618" timestamp="2026-07-17T16:25:44.711556+00:00" hostname="agent-env-e4e7ee8d-8a9b-4acb-8b08-f878545854bb"><testcase classname="test_iter175_contractual" name="test_firm_contractors_present" time="0.479" /><testcase classname="test_iter175_contractual" name="test_user_role_contractual_flow" time="0.437" /><testcase classname="test_iter175_contractual" name="test_policy_master_sanitisation" time="0.207" /><testcase classname="test_iter175_contractual" name="test_contractor_punch_report_and_decide" time="0.414" /></testsuite></testsuites>