<?xml version="1.0" encoding="utf-8"?><testsuites name="pytest tests"><testsuite name="pytest" errors="0" failures="0" skipped="0" tests="12" time="5.110" timestamp="2026-08-25T14:33:31.702708+00:00" hostname="agent-env-e4e7ee8d-8a9b-4acb-8b08-f878545854bb"><testcase classname="test_iter726_pagination_and_nightshift.TestMonthlyGridPagination" name="test_skip0_limit5" time="0.989" /><testcase classname="test_iter726_pagination_and_nightshift.TestMonthlyGridPagination" name="test_skip5_limit5_no_overlap" time="0.242" /><testcase classname="test_iter726_pagination_and_nightshift.TestMonthlyGridPagination" name="test_no_limit_returns_all_and_no_total_rows" time="0.229" /><testcase classname="test_iter726_pagination_and_nightshift.TestEmployeesFastPath" name="test_full_list_returns_all" time="0.122" /><testcase classname="test_iter726_pagination_and_nightshift.TestEmployeesFastPath" name="test_single_user_id_returns_one" time="0.136" /><testcase classname="test_iter726_pagination_and_nightshift.TestNightShiftMissingPunch" name="test_open_night_shift_recent_in_not_flagged" time="3.240" /><testcase classname="test_iter726_pagination_and_nightshift.TestNightShiftMissingPunch" name="test_stale_open_in_still_flagged" time="0.000" /><testcase classname="test_iter726_pagination_and_nightshift.TestNightShiftMissingPunch" name="test_normal_in_out_same_day_not_flagged" time="0.000" /><testcase classname="test_iter726_pagination_and_nightshift.TestNightShiftMissingPunch" name="test_in_in_double_punch_old_day_flagged" time="0.000" /><testcase classname="test_iter726_pagination_and_nightshift.TestNightShiftMissingPunch" name="test_stitch_echo_within_30min_consumed" time="0.000" /><testcase classname="test_iter726_pagination_and_nightshift.TestNightShiftMissingPunch" name="test_stitch_regression_four_night_shifts" time="0.000" /><testcase classname="test_iter726_pagination_and_nightshift" name="test_dedupe_close_punches_import" time="0.000" /></testsuite></testsuites>