<?xml version="1.0" encoding="utf-8"?><testsuites name="pytest tests"><testsuite name="pytest" errors="0" failures="0" skipped="0" tests="13" time="2.569" timestamp="2026-08-05T14:39:50.604600+00:00" hostname="agent-env-e4e7ee8d-8a9b-4acb-8b08-f878545854bb"><testcase classname="test_iter499_features.TestEmployeeGroups" name="test_all_groups_have_group_id" time="0.443" /><testcase classname="test_iter499_features.TestPriorityTasks" name="test_priority_tasks_endpoint" time="0.084" /><testcase classname="test_iter499_features.TestPriorityTasks" name="test_priority_unauth" time="0.083" /><testcase classname="test_iter499_features.TestFactoryReturn" name="test_json_combined" time="0.086" /><testcase classname="test_iter499_features.TestFactoryReturn" name="test_json_current_and_legacy" time="0.290" /><testcase classname="test_iter499_features.TestFactoryReturn" name="test_put_details_and_persist" time="0.179" /><testcase classname="test_iter499_features.TestFactoryReturn" name="test_pdf_factory" time="0.104" /><testcase classname="test_iter499_features.TestFactoryReturn" name="test_pdf_boiler" time="0.098" /><testcase classname="test_iter499_features.TestFactoryReturn" name="test_xlsx" time="0.108" /><testcase classname="test_iter499_features.TestFactoryReturn" name="test_unauth" time="0.162" /><testcase classname="test_iter499_features.TestAttendanceGroupFilter" name="test_grid_all_returns_all" time="0.279" /><testcase classname="test_iter499_features.TestAttendanceGroupFilter" name="test_grid_staff_only" time="0.197" /><testcase classname="test_iter499_features.TestAttendanceGroupFilter" name="test_grid_labour_only" time="0.361" /></testsuite></testsuites>