<?xml version="1.0" encoding="utf-8"?><testsuites name="pytest tests"><testsuite name="pytest" errors="0" failures="0" skipped="0" tests="4" time="1.197" timestamp="2026-07-19T02:53:17.417677+00:00" hostname="agent-env-e4e7ee8d-8a9b-4acb-8b08-f878545854bb"><testcase classname="test_iter_geofence_phase2.TestMyGeoPolicy" name="test_default_off" time="0.599" /><testcase classname="test_iter_geofence_phase2.TestMyGeoPolicy" name="test_toggle_on" time="0.207" /><testcase classname="test_iter_geofence_phase2.TestOfflinePunchIdempotent" name="test_offline_punch_uses_client_punch_at" time="0.179" /><testcase classname="test_iter_geofence_phase2.TestOfflinePunchStaleFallback" name="test_30_days_old_falls_back_to_server_now" time="0.077" /></testsuite></testsuites>