<?xml version="1.0" encoding="utf-8"?><testsuites name="pytest tests"><testsuite name="pytest" errors="0" failures="0" skipped="0" tests="26" time="6.384" timestamp="2026-07-31T00:43:56.663681+00:00" hostname="agent-env-e4e7ee8d-8a9b-4acb-8b08-f878545854bb"><testcase classname="test_iter398_attendance_core_refactor.TestEmployeePunchFlow" name="test_attendance_today" time="0.591" /><testcase classname="test_iter398_attendance_core_refactor.TestEmployeePunchFlow" name="test_first_punch_status" time="0.156" /><testcase classname="test_iter398_attendance_core_refactor.TestEmployeePunchFlow" name="test_my_month" time="0.054" /><testcase classname="test_iter398_attendance_core_refactor.TestEmployeePunchFlow" name="test_punch_in_no_500" time="0.040" /><testcase classname="test_iter398_attendance_core_refactor.TestEmployeePunchFlow" name="test_attendance_history" time="0.037" /><testcase classname="test_iter398_attendance_core_refactor.TestAdminAttendance" name="test_today" time="0.409" /><testcase classname="test_iter398_attendance_core_refactor.TestAdminAttendance" name="test_roster" time="0.038" /><testcase classname="test_iter398_attendance_core_refactor.TestAdminAttendance" name="test_day_status" time="0.155" /><testcase classname="test_iter398_attendance_core_refactor.TestAdminAttendance" name="test_day_status_missing_from_date_422" time="0.074" /><testcase classname="test_iter398_attendance_core_refactor.TestAdminAttendance" name="test_open_shifts" time="0.034" /><testcase classname="test_iter398_attendance_core_refactor.TestAdminAttendance" name="test_present_not_punched" time="0.034" /><testcase classname="test_iter398_attendance_core_refactor.TestAdminAttendance" name="test_admin_history" time="0.077" /><testcase classname="test_iter398_attendance_core_refactor.TestManualPunchCycle" name="test_pick_target_employee" time="0.058" /><testcase classname="test_iter398_attendance_core_refactor.TestManualPunchCycle" name="test_create_manual_punch" time="0.051" /><testcase classname="test_iter398_attendance_core_refactor.TestManualPunchCycle" name="test_manual_punch_appears_in_history" time="0.043" /><testcase classname="test_iter398_attendance_core_refactor.TestManualPunchCycle" name="test_delete_manual_punch" time="2.295" /><testcase classname="test_iter398_attendance_core_refactor.TestRosterMarkCycle" name="test_roster_mark_and_revert" time="0.271" /><testcase classname="test_iter398_attendance_core_refactor.TestPayrollComputeEngine" name="test_monthly_grid" time="0.229" /><testcase classname="test_iter398_attendance_core_refactor.TestPayrollComputeEngine" name="test_email_report_no_nameerror" time="0.576" /><testcase classname="test_iter398_attendance_core_refactor.TestDownstreamModules" name="test_payslips_list" time="0.075" /><testcase classname="test_iter398_attendance_core_refactor.TestDownstreamModules" name="test_biometric_devices_list" time="0.034" /><testcase classname="test_iter398_attendance_core_refactor.TestDownstreamModules" name="test_messages_inbox" time="0.076" /><testcase classname="test_iter398_attendance_core_refactor.TestGlobalRegression" name="test_openapi_path_count" time="0.430" /><testcase classname="test_iter398_attendance_core_refactor.TestGlobalRegression" name="test_compliance_salary_runs" time="0.037" /><testcase classname="test_iter398_attendance_core_refactor.TestGlobalRegression" name="test_employee_create_delete_cycle" time="0.385" /><testcase classname="test_iter398_attendance_core_refactor.TestGlobalRegression" name="test_no_nameerror_in_backend_logs" time="0.027" /></testsuite></testsuites>