<?xml version="1.0" encoding="utf-8"?><testsuites name="pytest tests"><testsuite name="pytest" errors="0" failures="0" skipped="0" tests="14" time="1.573" timestamp="2026-07-11T04:46:48.955252+00:00" hostname="agent-env-e4e7ee8d-8a9b-4acb-8b08-f878545854bb"><testcase classname="test_iter100_arrear_and_compliance_import.TestArrearRuns" name="test_create_arrear_run" time="0.494" /><testcase classname="test_iter100_arrear_and_compliance_import.TestArrearRuns" name="test_list_arrear_runs" time="0.031" /><testcase classname="test_iter100_arrear_and_compliance_import.TestArrearRuns" name="test_get_arrear_run_detail" time="0.031" /><testcase classname="test_iter100_arrear_and_compliance_import.TestArrearRuns" name="test_arrear_ecr_txt" time="0.031" /><testcase classname="test_iter100_arrear_and_compliance_import.TestArrearRuns" name="test_arrear_xlsx" time="0.088" /><testcase classname="test_iter100_arrear_and_compliance_import.TestArrearRuns" name="test_delete_arrear_runs" time="0.103" /><testcase classname="test_iter100_arrear_and_compliance_import.TestComplianceImport" name="test_upload_import" time="0.085" /><testcase classname="test_iter100_arrear_and_compliance_import.TestComplianceImport" name="test_status" time="0.073" /><testcase classname="test_iter100_arrear_and_compliance_import.TestComplianceImport" name="test_run_uses_imported_sheet" time="0.056" /><testcase classname="test_iter100_arrear_and_compliance_import.TestComplianceImport" name="test_cleanup" time="0.141" /><testcase classname="test_iter100_arrear_and_compliance_import.TestGmailAttachments" name="test_gmail_not_connected" time="0.036" /><testcase classname="test_iter100_arrear_and_compliance_import.TestEmployeeAdminLoginBlock" name="test_employee_pin_login_blocked" time="0.079" /><testcase classname="test_iter100_arrear_and_compliance_import.TestEmployeeAdminLoginBlock" name="test_employee_password_login_blocked" time="0.031" /><testcase classname="test_iter100_arrear_and_compliance_import.TestAttendanceGridGroup" name="test_staff_group_filter" time="0.087" /></testsuite></testsuites>