<?xml version="1.0" encoding="utf-8"?><testsuites name="pytest tests"><testsuite name="pytest" errors="0" failures="0" skipped="0" tests="4" time="1.147" timestamp="2026-07-02T03:17:04.386270+00:00" hostname="agent-env-e4e7ee8d-8a9b-4acb-8b08-f878545854bb"><testcase classname="test_iter23_approvals.TestPendingApprovals" name="test_pending_approvals_super_admin_200" time="0.831" /><testcase classname="test_iter23_approvals.TestPendingApprovals" name="test_pending_approvals_requires_auth" time="0.081" /><testcase classname="test_iter23_approvals.TestCompanyRequests" name="test_company_requests_super_admin_200" time="0.093" /><testcase classname="test_iter23_approvals.TestCompanyRequests" name="test_company_requests_requires_super_admin" time="0.081" /></testsuite></testsuites>