<?xml version="1.0" encoding="utf-8"?><testsuites name="pytest tests"><testsuite name="pytest" errors="0" failures="0" skipped="0" tests="6" time="2.003" timestamp="2026-07-02T02:59:13.130777+00:00" hostname="agent-env-e4e7ee8d-8a9b-4acb-8b08-f878545854bb"><testcase classname="test_iter22_company_filter.TestSuperAdminCompanyFilter" name="test_health" time="0.100" /><testcase classname="test_iter22_company_filter.TestSuperAdminCompanyFilter" name="test_stats_all_companies" time="0.439" /><testcase classname="test_iter22_company_filter.TestSuperAdminCompanyFilter" name="test_stats_scoped_by_company_id" time="0.445" /><testcase classname="test_iter22_company_filter.TestSuperAdminCompanyFilter" name="test_payroll_scoped" time="0.079" /><testcase classname="test_iter22_company_filter.TestSuperAdminCompanyFilter" name="test_employees_scoped" time="0.072" /><testcase classname="test_iter22_company_filter.TestSuperAdminCompanyFilter" name="test_company_admin_cannot_read_other_company" time="0.799" /></testsuite></testsuites>