<?xml version="1.0" encoding="utf-8"?><testsuites name="pytest tests"><testsuite name="pytest" errors="0" failures="0" skipped="0" tests="13" time="2.112" timestamp="2026-07-11T16:53:15.085953+00:00" hostname="agent-env-e4e7ee8d-8a9b-4acb-8b08-f878545854bb"><testcase classname="test_iter105_shift_change_and_policy_variant.TestShiftChangeGate" name="test_hospital_options_allowed" time="0.386" /><testcase classname="test_iter105_shift_change_and_policy_variant.TestShiftChangeGate" name="test_non_hospital_options_disallowed" time="0.330" /><testcase classname="test_iter105_shift_change_and_policy_variant.TestShiftChangeGate" name="test_non_hospital_create_403" time="0.033" /><testcase classname="test_iter105_shift_change_and_policy_variant.TestShiftChangeLifecycle" name="test_create_request_future_date" time="0.098" /><testcase classname="test_iter105_shift_change_and_policy_variant.TestShiftChangeLifecycle" name="test_duplicate_pending_returns_409" time="0.031" /><testcase classname="test_iter105_shift_change_and_policy_variant.TestShiftChangeLifecycle" name="test_admin_replacement_candidates" time="0.284" /><testcase classname="test_iter105_shift_change_and_policy_variant.TestShiftChangeLifecycle" name="test_approve_without_replacement_400" time="0.032" /><testcase classname="test_iter105_shift_change_and_policy_variant.TestShiftChangeLifecycle" name="test_approve_with_replacement_swaps_and_notifies" time="0.093" /><testcase classname="test_iter105_shift_change_and_policy_variant.TestShiftChangeLifecycle" name="test_reject_flow" time="0.161" /><testcase classname="test_iter105_shift_change_and_policy_variant.TestPolicyVariantPatch" name="test_partial_patch_policy_2" time="0.135" /><testcase classname="test_iter105_shift_change_and_policy_variant.TestPolicyVariantPatch" name="test_revert_partial_patch_policy_1" time="0.060" /><testcase classname="test_iter105_shift_change_and_policy_variant.TestPolicyVariantPatch" name="test_full_blob_save_still_works" time="0.235" /><testcase classname="test_iter105_shift_change_and_policy_variant" name="test_zz_cleanup_restore" time="0.140" /></testsuite></testsuites>