<?xml version="1.0" encoding="utf-8"?><testsuites name="pytest tests"><testsuite name="pytest" errors="0" failures="0" skipped="1" tests="18" time="3.803" timestamp="2026-07-05T03:15:30.333442+00:00" hostname="agent-env-e4e7ee8d-8a9b-4acb-8b08-f878545854bb"><testcase classname="test_iter56_compliance_salary.TestComplianceRunSchema" name="test_create_run_basic_schema" time="0.876" /><testcase classname="test_iter56_compliance_salary.TestWageBaseMath" name="test_wage_base_max_basic_or_50pct_gross" time="0.351" /><testcase classname="test_iter56_compliance_salary.TestWageBaseMath" name="test_pf_cap_15000" time="0.143" /><testcase classname="test_iter56_compliance_salary.TestESIC" name="test_esic_disabled_when_gross_over_21000" time="0.065" /><testcase classname="test_iter56_compliance_salary.TestESIC" name="test_esic_applied_when_eligible" time="0.083"><skipped type="pytest.skip" message="No employee has gross in ESIC-eligible range (need attendance seed)">/app/backend/tests/test_iter56_compliance_salary.py:216: No employee has gross in ESIC-eligible range (need attendance seed)</skipped></testcase><testcase classname="test_iter56_compliance_salary.TestToggles" name="test_pf_toggle_off" time="0.215" /><testcase classname="test_iter56_compliance_salary.TestToggles" name="test_esic_toggle_off" time="0.229" /><testcase classname="test_iter56_compliance_salary.TestPTandTDS" name="test_pt_state_maharashtra" time="0.137" /><testcase classname="test_iter56_compliance_salary.TestPTandTDS" name="test_pt_none" time="0.152" /><testcase classname="test_iter56_compliance_salary.TestPTandTDS" name="test_tds_manual" time="0.231" /><testcase classname="test_iter56_compliance_salary.TestCRUD" name="test_list_runs" time="0.072" /><testcase classname="test_iter56_compliance_salary.TestCRUD" name="test_get_run_by_id" time="0.140" /><testcase classname="test_iter56_compliance_salary.TestCRUD" name="test_get_run_not_found" time="0.069" /><testcase classname="test_iter56_compliance_salary.TestCRUD" name="test_reprocess" time="0.140" /><testcase classname="test_iter56_compliance_salary.TestExports" name="test_csv_export" time="0.139" /><testcase classname="test_iter56_compliance_salary.TestExports" name="test_pdf_export" time="0.235" /><testcase classname="test_iter56_compliance_salary.TestGeneratePayslips" name="test_generate_compliance_payslips" time="0.138" /><testcase classname="test_iter56_compliance_salary.TestScoping" name="test_company_admin_cannot_access_cross_company_run" time="0.293" /></testsuite></testsuites>