<?xml version="1.0" encoding="utf-8"?><testsuites name="pytest tests"><testsuite name="pytest" errors="0" failures="0" skipped="0" tests="22" time="3.045" timestamp="2026-07-01T08:12:36.500302+00:00" hostname="agent-env-e4e7ee8d-8a9b-4acb-8b08-f878545854bb"><testcase classname="test_otp_and_regression" name="test_root_health" time="0.131" /><testcase classname="test_otp_and_regression.TestOtpRequest" name="test_sms_success_returns_dev_code" time="0.078" /><testcase classname="test_otp_and_regression.TestOtpRequest" name="test_short_phone_400" time="0.102" /><testcase classname="test_otp_and_regression.TestOtpRequest" name="test_invalid_email_400" time="0.105" /><testcase classname="test_otp_and_regression.TestOtpRequest" name="test_email_success" time="0.375" /><testcase classname="test_otp_and_regression.TestOtpVerify" name="test_verify_success_returns_session" time="0.149" /><testcase classname="test_otp_and_regression.TestOtpVerify" name="test_verify_no_prior_request" time="0.071" /><testcase classname="test_otp_and_regression.TestOtpVerify" name="test_verify_malformed_code" time="0.141" /><testcase classname="test_otp_and_regression.TestOtpVerify" name="test_verify_wrong_code" time="0.147" /><testcase classname="test_otp_and_regression.TestOtpVerify" name="test_verify_consumed_after_success" time="0.231" /><testcase classname="test_otp_and_regression.TestOtpVerify" name="test_verify_five_attempts_locks_out" time="0.379" /><testcase classname="test_otp_and_regression.TestSessionLifecycle" name="test_me_and_logout_flow" time="0.348" /><testcase classname="test_otp_and_regression.TestRegressionAuthGates" name="test_salary_monthly_unauth" time="0.109" /><testcase classname="test_otp_and_regression.TestRegressionAuthGates" name="test_mark_paid_unauth" time="0.093" /><testcase classname="test_otp_and_regression.TestRegressionAuthGates" name="test_admin_payroll_unauth" time="0.091" /><testcase classname="test_otp_and_regression.TestRegressionAuthGates" name="test_create_company_unauth" time="0.100" /><testcase classname="test_resend_integration" name="test_success_path_returns_email_id_and_persists" time="0.010" /><testcase classname="test_resend_integration" name="test_resend_4xx_still_returns_200" time="0.005" /><testcase classname="test_resend_integration" name="test_network_exception_still_returns_200" time="0.005" /><testcase classname="test_resend_integration" name="test_missing_api_key_short_circuits" time="0.005" /><testcase classname="test_resend_integration" name="test_html_formatter_produces_html_with_key_fields" time="0.000" /><testcase classname="test_resend_integration" name="test_super_admin_forbidden" time="0.003" /></testsuite></testsuites>