<?xml version="1.0" encoding="utf-8"?><testsuites name="pytest tests"><testsuite name="pytest" errors="0" failures="0" skipped="0" tests="21" time="6.346" timestamp="2026-07-01T11:40:32.695608+00:00" hostname="agent-env-e4e7ee8d-8a9b-4acb-8b08-f878545854bb"><testcase classname="test_company_persona_iter18.TestPathASelfRegister" name="test_valid_registration" time="0.994" /><testcase classname="test_company_persona_iter18.TestPathASelfRegister" name="test_missing_required_field[company_name]" time="0.032" /><testcase classname="test_company_persona_iter18.TestPathASelfRegister" name="test_missing_required_field[address]" time="0.071" /><testcase classname="test_company_persona_iter18.TestPathASelfRegister" name="test_missing_required_field[city]" time="0.073" /><testcase classname="test_company_persona_iter18.TestPathASelfRegister" name="test_missing_required_field[state]" time="0.076" /><testcase classname="test_company_persona_iter18.TestPathASelfRegister" name="test_missing_required_field[contact_name]" time="0.072" /><testcase classname="test_company_persona_iter18.TestPathASelfRegister" name="test_missing_required_field[nature_of_business]" time="0.073" /><testcase classname="test_company_persona_iter18.TestPathASelfRegister" name="test_invalid_email" time="0.073" /><testcase classname="test_company_persona_iter18.TestPathASelfRegister" name="test_invalid_pin[12345]" time="0.046" /><testcase classname="test_company_persona_iter18.TestPathASelfRegister" name="test_invalid_pin[1234567]" time="0.071" /><testcase classname="test_company_persona_iter18.TestPathASelfRegister" name="test_invalid_pin[abcdef]" time="0.076" /><testcase classname="test_company_persona_iter18.TestPathASelfRegister" name="test_invalid_pin[111111]" time="0.077" /><testcase classname="test_company_persona_iter18.TestPathASelfRegister" name="test_invalid_pin[123456]" time="0.073" /><testcase classname="test_company_persona_iter18.TestPathASelfRegister" name="test_invalid_pin[000000]" time="0.074" /><testcase classname="test_company_persona_iter18.TestPathASelfRegister" name="test_duplicate_mobile_pending_request" time="0.582" /><testcase classname="test_company_persona_iter18.TestPathASelfRegister" name="test_duplicate_mobile_existing_user" time="0.078" /><testcase classname="test_company_persona_iter18.TestPathAApproval" name="test_approve_provisions_company_and_admin" time="1.977" /><testcase classname="test_company_persona_iter18.TestPathAApproval" name="test_reject_leaves_db_clean" time="0.630" /><testcase classname="test_company_persona_iter18.TestPathBAllotCredentials" name="test_create_company_with_admin_returns_temp_pin" time="0.594" /><testcase classname="test_company_persona_iter18.TestPathBAllotCredentials" name="test_duplicate_admin_phone_409" time="0.370" /><testcase classname="test_company_persona_iter18.TestPathBAllotCredentials" name="test_create_company_without_admin_phone_no_admin" time="0.077" /></testsuite></testsuites>