<?xml version="1.0" encoding="utf-8"?><testsuites name="pytest tests"><testsuite name="pytest" errors="0" failures="0" skipped="0" tests="14" time="2.584" timestamp="2026-07-02T13:35:12.305472+00:00" hostname="agent-env-e4e7ee8d-8a9b-4acb-8b08-f878545854bb"><testcase classname="test_iter33_payroll_policy_photo.TestPayrollRun" name="test_super_admin_all_and_scoped" time="0.367" /><testcase classname="test_iter33_payroll_policy_photo.TestPayrollRun" name="test_company_admin_forced_scope" time="0.092" /><testcase classname="test_iter33_payroll_policy_photo.TestPayrollRun" name="test_row_shape" time="0.055" /><testcase classname="test_iter33_payroll_policy_photo.TestEmployeePolicy" name="test_get_defaults_for_fresh_employee" time="0.054" /><testcase classname="test_iter33_payroll_policy_photo.TestEmployeePolicy" name="test_patch_missing_salary1_400" time="0.049" /><testcase classname="test_iter33_payroll_policy_photo.TestEmployeePolicy" name="test_patch_salary2_without_day2_400" time="0.046" /><testcase classname="test_iter33_payroll_policy_photo.TestEmployeePolicy" name="test_patch_valid_tier1_then_get" time="0.126" /><testcase classname="test_iter33_payroll_policy_photo.TestEmployeePolicy" name="test_company_admin_cross_company_403" time="0.081" /><testcase classname="test_iter33_payroll_policy_photo.TestPayrollEmailReport" name="test_empty_scope_400" time="0.081" /><testcase classname="test_iter33_payroll_policy_photo.TestPayrollEmailReport" name="test_self_admin_no_email" time="0.082" /><testcase classname="test_iter33_payroll_policy_photo.TestPayrollEmailReport" name="test_recipients_employees_one_per_emp" time="0.895" /><testcase classname="test_iter33_payroll_policy_photo.TestProfilePhoto" name="test_set_overwrite_delete" time="0.206" /><testcase classname="test_iter33_payroll_policy_photo.TestProfilePhoto" name="test_oversized_413" time="0.235" /><testcase classname="test_iter33_payroll_policy_photo.TestPayrollGrossFormula" name="test_gross_formula" time="0.052" /></testsuite></testsuites>