<?xml version="1.0" encoding="utf-8"?><testsuites name="pytest tests"><testsuite name="pytest" errors="0" failures="0" skipped="0" tests="4" time="1.372" timestamp="2026-07-01T09:53:51.814963+00:00" hostname="agent-env-e4e7ee8d-8a9b-4acb-8b08-f878545854bb"><testcase classname="test_lookup_iter15.TestPublicLookup" name="test_valid_code_unauthenticated_returns_200" time="0.756" /><testcase classname="test_lookup_iter15.TestPublicLookup" name="test_lowercase_code_is_normalised" time="0.200" /><testcase classname="test_lookup_iter15.TestPublicLookup" name="test_unknown_code_returns_404" time="0.091" /><testcase classname="test_lookup_iter15.TestPublicLookup" name="test_by_code_still_requires_auth" time="0.192" /></testsuite></testsuites>