<?xml version="1.0" encoding="utf-8"?><testsuites name="pytest tests"><testsuite name="pytest" errors="0" failures="0" skipped="0" tests="9" time="3.290" timestamp="2026-07-01T11:01:13.491446+00:00" hostname="agent-env-e4e7ee8d-8a9b-4acb-8b08-f878545854bb"><testcase classname="test_delete_flows_iter16.TestDeleteEmployee" name="test_unauthenticated_returns_401" time="0.184" /><testcase classname="test_delete_flows_iter16.TestDeleteEmployee" name="test_super_admin_can_delete_employee_and_cascade" time="1.016" /><testcase classname="test_delete_flows_iter16.TestDeleteEmployee" name="test_delete_super_admin_forbidden" time="0.163" /><testcase classname="test_delete_flows_iter16.TestDeleteEmployee" name="test_delete_unknown_user_404" time="0.078" /><testcase classname="test_delete_flows_iter16.TestDeleteEmployee" name="test_employee_cannot_delete_anyone" time="0.790" /><testcase classname="test_delete_flows_iter16.TestDeleteCompany" name="test_delete_empty_company_ok" time="0.225" /><testcase classname="test_delete_flows_iter16.TestDeleteCompany" name="test_delete_company_with_users_returns_409" time="0.622" /><testcase classname="test_delete_flows_iter16.TestDeleteCompany" name="test_delete_unknown_company_404" time="0.081" /><testcase classname="test_delete_flows_iter16.TestDeleteCompany" name="test_delete_company_unauthenticated_401" time="0.072" /></testsuite></testsuites>