<?xml version="1.0" encoding="utf-8"?><testsuites name="pytest tests"><testsuite name="pytest" errors="0" failures="0" skipped="0" tests="14" time="3.720" timestamp="2026-07-02T14:28:47.267612+00:00" hostname="agent-env-e4e7ee8d-8a9b-4acb-8b08-f878545854bb"><testcase classname="test_iter34_branches_ocr.TestBranches" name="test_list_as_company_admin_only_own" time="0.565" /><testcase classname="test_iter34_branches_ocr.TestBranches" name="test_list_as_super_admin_all_and_filtered" time="0.244" /><testcase classname="test_iter34_branches_ocr.TestBranches" name="test_post_company_admin_own_company" time="0.097" /><testcase classname="test_iter34_branches_ocr.TestBranches" name="test_post_super_admin_requires_company_id" time="0.080" /><testcase classname="test_iter34_branches_ocr.TestBranches" name="test_patch_merge" time="0.075" /><testcase classname="test_iter34_branches_ocr.TestBranches" name="test_patch_cross_company_403" time="0.094" /><testcase classname="test_iter34_branches_ocr.TestBranches" name="test_delete_cross_company_403" time="0.093" /><testcase classname="test_iter34_branches_ocr.TestBranches" name="test_delete_success" time="0.188" /><testcase classname="test_iter34_branches_ocr.TestPunchMultiBranch" name="test_setup_branch_and_punch_inside" time="0.077" /><testcase classname="test_iter34_branches_ocr.TestPunchMultiBranch" name="test_attendance_record_has_branch_id" time="0.001" /><testcase classname="test_iter34_branches_ocr.TestPunchMultiBranch" name="test_punch_outside_all_geofences" time="0.108" /><testcase classname="test_iter34_branches_ocr.TestOcrIdProof" name="test_missing_image_base64" time="0.072" /><testcase classname="test_iter34_branches_ocr.TestOcrIdProof" name="test_image_too_large" time="0.200" /><testcase classname="test_iter34_branches_ocr.TestOcrIdProof" name="test_valid_tiny_jpeg_no_500" time="1.685" /></testsuite></testsuites>