<?xml version="1.0" encoding="utf-8"?><testsuites name="pytest tests"><testsuite name="pytest" errors="0" failures="0" skipped="0" tests="15" time="2.813" timestamp="2026-07-02T16:10:44.184640+00:00" hostname="agent-env-e4e7ee8d-8a9b-4acb-8b08-f878545854bb"><testcase classname="test_iter35_multi_punch.TestEmployeeMultiPunch" name="test_multiple_in_out_cycles_produce_separate_rows" time="0.493" /><testcase classname="test_iter35_multi_punch.TestEmployeeMultiPunch" name="test_double_in_inside_returns_400" time="0.118" /><testcase classname="test_iter35_multi_punch.TestEmployeeMultiPunch" name="test_double_out_inside_returns_400" time="0.207" /><testcase classname="test_iter35_multi_punch.TestEmployeeMultiPunch" name="test_out_before_in_inside_returns_400" time="0.077" /><testcase classname="test_iter35_multi_punch.TestEmployeeMultiPunch" name="test_out_before_in_outside_returns_400" time="0.081" /><testcase classname="test_iter35_multi_punch.TestEmployeeMultiPunch" name="test_double_out_from_outside_returns_400" time="0.218" /><testcase classname="test_iter35_multi_punch.TestEmployeeMultiPunch" name="test_in_from_outside_still_blocked" time="0.075" /><testcase classname="test_iter35_multi_punch.TestAttendanceTodayReturnsAllPunches" name="test_returns_all_punches_ordered_asc" time="0.354" /><testcase classname="test_iter35_multi_punch.TestAdminAttendanceTodayAggregation" name="test_first_in_last_out_total_hours_still_in_false" time="0.079" /><testcase classname="test_iter35_multi_punch.TestAdminAttendanceTodayAggregation" name="test_still_in_true_when_last_punch_is_in" time="0.082" /><testcase classname="test_iter35_multi_punch.TestAttendanceSummaryMultiPair" name="test_summary_sums_multi_pairs" time="0.080" /><testcase classname="test_iter35_multi_punch.TestPayrollRunMultiPunch" name="test_payroll_sums_two_blocks_same_day" time="0.043" /><testcase classname="test_iter35_multi_punch.TestAdminApprovePunchMultiCycle" name="test_admin_allows_multiple_in_out_cycles" time="0.305" /><testcase classname="test_iter35_multi_punch.TestAdminApprovePunchMultiCycle" name="test_admin_double_in_blocked_after_close" time="0.303" /><testcase classname="test_iter35_multi_punch.TestAdminApprovePunchMultiCycle" name="test_admin_out_before_in_blocked" time="0.078" /></testsuite></testsuites>