<?xml version="1.0" encoding="utf-8"?><testsuites name="pytest tests"><testsuite name="pytest" errors="0" failures="0" skipped="0" tests="16" time="3.786" timestamp="2026-07-06T02:25:27.252813+00:00" hostname="agent-env-e4e7ee8d-8a9b-4acb-8b08-f878545854bb"><testcase classname="test_iter68_admin_employee_and_pdfs.TestAdminCreateEmployee" name="test_super_admin_creates_employee_happy_path" time="0.566" /><testcase classname="test_iter68_admin_employee_and_pdfs.TestAdminCreateEmployee" name="test_duplicate_phone_returns_409" time="0.376" /><testcase classname="test_iter68_admin_employee_and_pdfs.TestAdminCreateEmployee" name="test_duplicate_email_returns_409" time="0.375" /><testcase classname="test_iter68_admin_employee_and_pdfs.TestAdminCreateEmployee" name="test_missing_name_returns_400" time="0.071" /><testcase classname="test_iter68_admin_employee_and_pdfs.TestAdminCreateEmployee" name="test_missing_phone_and_email_returns_400" time="0.071" /><testcase classname="test_iter68_admin_employee_and_pdfs.TestAdminCreateEmployee" name="test_company_admin_cannot_inject_foreign_company_id" time="0.671" /><testcase classname="test_iter68_admin_employee_and_pdfs.TestAdminEmployeesRoleFilter" name="test_list_only_returns_role_employee" time="0.034" /><testcase classname="test_iter68_admin_employee_and_pdfs.TestSalaryRegisterPdf" name="test_download_register_pdf" time="0.208" /><testcase classname="test_iter68_admin_employee_and_pdfs.TestSalaryRegisterPdf" name="test_register_pdf_404_for_bogus_run" time="0.075" /><testcase classname="test_iter68_admin_employee_and_pdfs.TestSalaryCertificatePdf" name="test_download_salary_certificate" time="0.083" /><testcase classname="test_iter68_admin_employee_and_pdfs.TestSalaryCertificatePdf" name="test_certificate_with_query_params" time="0.071" /><testcase classname="test_iter68_admin_employee_and_pdfs.TestSalaryCertificatePdf" name="test_certificate_404_for_bogus_user" time="0.079" /><testcase classname="test_iter68_admin_employee_and_pdfs.TestSalaryCertificatePdf" name="test_company_admin_blocked_for_foreign_employee" time="0.449" /><testcase classname="test_iter68_admin_employee_and_pdfs.TestAuthGuards" name="test_create_employee_requires_auth" time="0.072" /><testcase classname="test_iter68_admin_employee_and_pdfs.TestAuthGuards" name="test_register_pdf_requires_auth" time="0.071" /><testcase classname="test_iter68_admin_employee_and_pdfs.TestAuthGuards" name="test_certificate_pdf_requires_auth" time="0.447" /></testsuite></testsuites>