<?xml version="1.0" encoding="utf-8"?><testsuites name="pytest tests"><testsuite name="pytest" errors="0" failures="0" skipped="0" tests="11" time="1.724" timestamp="2026-07-08T03:53:53.377259+00:00" hostname="agent-env-e4e7ee8d-8a9b-4acb-8b08-f878545854bb"><testcase classname="test_iter85_features.TestFirmMasterFlags" name="test_kankani_flags" time="0.443" /><testcase classname="test_iter85_features.TestFirmMasterFlags" name="test_luxe_flags" time="0.087" /><testcase classname="test_iter85_features.TestActualSalaryProcess" name="test_row_fields" time="0.259" /><testcase classname="test_iter85_features.TestActualSalaryProcess" name="test_esi_zero_when_gross_high" time="0.000" /><testcase classname="test_iter85_features.TestActualSalaryProcess" name="test_inline_patch_row" time="0.086" /><testcase classname="test_iter85_features.TestActualSalaryProcess" name="test_finalize_then_patch_returns_409" time="0.145" /><testcase classname="test_iter85_features.TestSalaryRunsAudit" name="test_list_has_generated_by_name" time="0.083" /><testcase classname="test_iter85_features.TestComplianceSalaryRuns" name="test_list_audit_enrichment" time="0.069" /><testcase classname="test_iter85_features.TestComplianceSalaryRuns" name="test_enabled_allowances_zeros_disabled_heads" time="0.317" /><testcase classname="test_iter85_features.TestUsersLogReport" name="test_endpoint_returns_events" time="0.072" /><testcase classname="test_iter85_features.TestUsersLogReport" name="test_events_have_display_fields" time="0.101" /></testsuite></testsuites>