<?xml version="1.0" encoding="utf-8"?><testsuites name="pytest tests"><testsuite name="pytest" errors="0" failures="0" skipped="0" tests="7" time="5.043" timestamp="2026-07-01T09:05:23.618032+00:00" hostname="agent-env-e4e7ee8d-8a9b-4acb-8b08-f878545854bb"><testcase classname="test_pin_auth_smoke.TestAdminPinLogin" name="test_email_success" time="0.582" /><testcase classname="test_pin_auth_smoke.TestAdminPinLogin" name="test_phone_success" time="0.530" /><testcase classname="test_pin_auth_smoke.TestAdminPinLogin" name="test_wrong_pin_returns_401" time="0.546" /><testcase classname="test_pin_auth_smoke.TestAdminPinLogin" name="test_missing_identifier_rejected" time="0.080" /><testcase classname="test_pin_auth_smoke.TestPinChangeFlow" name="test_change_pin_success_and_me_reflects" time="2.026" /><testcase classname="test_pin_auth_smoke.TestPinChangeFlow" name="test_wrong_current_pin_rejected" time="0.841" /><testcase classname="test_pin_auth_smoke.TestEmployeePinLoginError" name="test_invalid_credentials_returns_401" time="0.297" /></testsuite></testsuites>