<?xml version="1.0" encoding="utf-8"?><testsuites name="pytest tests"><testsuite name="pytest" errors="0" failures="2" skipped="0" tests="34" time="17.946" timestamp="2026-07-07T03:51:24.346590+00:00" hostname="agent-env-e4e7ee8d-8a9b-4acb-8b08-f878545854bb"><testcase classname="test_iter77_policy1_cap" name="test_policy1_ot_allowed_caps_at_24h" time="0.001" /><testcase classname="test_iter77_policy1_cap" name="test_policy1_ot_disallowed_caps_at_standard" time="0.000" /><testcase classname="test_iter77_policy1_cap" name="test_policy1_normal_8h_no_cap" time="0.000" /><testcase classname="test_iter77_policy1_cap" name="test_policy1_half_day" time="0.000" /><testcase classname="test_iter77_policy1_cap" name="test_policy2_unchanged_ot" time="0.000" /><testcase classname="test_iter77_policy1_cap" name="test_override_wins_over_legacy_ot_applicable" time="0.000" /><testcase classname="test_iter77_policy1_cap" name="test_get_override_initially_empty" time="0.799" /><testcase classname="test_iter77_policy1_cap" name="test_put_override_persists" time="0.150" /><testcase classname="test_iter77_policy1_cap" name="test_ot_disallowed_12h_capped_via_compute_day" time="0.242" /><testcase classname="test_iter77_policy1_cap" name="test_ot_allowed_26h_capped_via_compute_day" time="0.301" /><testcase classname="test_iter77_policy1_cap" name="test_ot_allowed_full_day_shift_caps_via_compute_day" time="0.379" /><testcase classname="test_iter77_policy1_cap" name="test_monthly_grid_returns_row" time="0.038" /><testcase classname="test_iter77_policy1_cap" name="test_delete_override" time="0.148" /><testcase classname="test_iter78_weekoff_and_grid" name="test_p1_weekoff_min_hours_met_full_day" time="0.000" /><testcase classname="test_iter78_weekoff_and_grid" name="test_p1_weekoff_under_min_no_legacy_no_present" time="0.000" /><testcase classname="test_iter78_weekoff_and_grid" name="test_p1_weekoff_under_min_legacy_flag_full_day" time="0.000" /><testcase classname="test_iter78_weekoff_and_grid" name="test_p1_weekoff_paid_when_absent_no_punches" time="0.000" /><testcase classname="test_iter78_weekoff_and_grid" name="test_p1_weekoff_no_punches_no_flag_no_present" time="0.000" /><testcase classname="test_iter78_weekoff_and_grid" name="test_p1_weekoff_min_zero_any_positive_duty_grants_fullday" time="0.000" /><testcase classname="test_iter78_weekoff_and_grid" name="test_validate_policy_accepts_week_off_min_zero" time="0.000" /><testcase classname="test_iter78_weekoff_and_grid" name="test_validate_policy_accepts_week_off_min_eight" time="0.000" /><testcase classname="test_iter78_weekoff_and_grid" name="test_validate_policy_accepts_week_off_min_sixteen" time="0.000" /><testcase classname="test_iter78_weekoff_and_grid" name="test_validate_policy_rejects_week_off_min_above_16" time="0.000" /><testcase classname="test_iter78_weekoff_and_grid" name="test_validate_policy_rejects_week_off_min_negative" time="0.000" /><testcase classname="test_iter78_weekoff_and_grid" name="test_monthly_grid_returns_raw_and_policy_adjusted_hours" time="1.147"><failure message="AssertionError: {'in': '06:00', 'out': '18:00', 'ot_in': '14:00', 'ot_out': '18:00', ...}&#10;assert 12.0 == 8.0">backend/tests/test_iter78_weekoff_and_grid.py:403: in test_monthly_grid_returns_raw_and_policy_adjusted_hours
    assert wcell["hours"] == 8.0, wcell
E   AssertionError: {'in': '06:00', 'out': '18:00', 'ot_in': '14:00', 'ot_out': '18:00', ...}
E   assert 12.0 == 8.0</failure></testcase><testcase classname="test_iter79_ot_report_and_offroll.TestWeekOffCapRegression" name="test_weekoff_uncapped_when_ot_disallowed" time="0.000" /><testcase classname="test_iter79_ot_report_and_offroll.TestOTReportPolicy2" name="test_json_endpoint_returns_only_ot_days" time="1.464" /><testcase classname="test_iter79_ot_report_and_offroll.TestOTReportPolicy2" name="test_xlsx_endpoint_returns_xlsx" time="0.053" /><testcase classname="test_iter79_ot_report_and_offroll.TestOTReportPolicy2" name="test_custom_range_filters_rows" time="0.075" /><testcase classname="test_iter79_ot_report_and_offroll.TestOTReportPolicy2" name="test_employee_role_forbidden" time="0.072" /><testcase classname="test_iter79_ot_report_and_offroll.TestOTReportPolicy1" name="test_policy1_returns_zero_ot" time="0.747"><failure message="AssertionError: {'company': {'company_id': 'cmp_60243507c1', 'name': 'Iter79-OTP1-a68fd8'}, 'month': '2026-06', 'from_date': None, 'to_date': None, ...}&#10;assert 1 == 0&#10; +  where 1 = &lt;built-in method get of dict object at 0xfc49709c5ec0&gt;('count')&#10; +    where &lt;built-in method get of dict object at 0xfc49709c5ec0&gt; = {'company': {'company_id': 'cmp_60243507c1', 'name': 'Iter79-OTP1-a68fd8'}, 'month': '2026-06', 'from_date': None, 'to_date': None, ...}.get">backend/tests/test_iter79_ot_report_and_offroll.py:286: in test_policy1_returns_zero_ot
    assert body.get("count") == 0, body
E   AssertionError: {'company': {'company_id': 'cmp_60243507c1', 'name': 'Iter79-OTP1-a68fd8'}, 'month': '2026-06', 'from_date': None, 'to_date': None, ...}
E   assert 1 == 0
E    +  where 1 = &lt;built-in method get of dict object at 0xfc49709c5ec0&gt;('count')
E    +    where &lt;built-in method get of dict object at 0xfc49709c5ec0&gt; = {'company': {'company_id': 'cmp_60243507c1', 'name': 'Iter79-OTP1-a68fd8'}, 'month': '2026-06', 'from_date': None, 'to_date': None, ...}.get</failure></testcase><testcase classname="test_iter79_ot_report_and_offroll.TestOffRollSalaryRun" name="test_offroll_excludes_onroll_and_strips_tier_bonus" time="10.297" /><testcase classname="test_iter79_ot_report_and_offroll.TestOffRollSalaryRun" name="test_compliance_default_includes_all_employees" time="0.037" /><testcase classname="test_iter79_ot_report_and_offroll.TestOffRollSalaryRun" name="test_compliance_default_is_default_when_run_type_omitted" time="0.056" /></testsuite></testsuites>