<?xml version="1.0" encoding="utf-8"?><testsuites name="pytest tests"><testsuite name="pytest" errors="0" failures="0" skipped="0" tests="9" time="15.354" timestamp="2026-07-06T16:15:29.718296+00:00" hostname="agent-env-e4e7ee8d-8a9b-4acb-8b08-f878545854bb"><testcase classname="test_iter79_ot_report_and_offroll.TestWeekOffCapRegression" name="test_weekoff_uncapped_when_ot_disallowed" time="1.899" /><testcase classname="test_iter79_ot_report_and_offroll.TestOTReportPolicy2" name="test_json_endpoint_returns_only_ot_days" time="1.831" /><testcase classname="test_iter79_ot_report_and_offroll.TestOTReportPolicy2" name="test_xlsx_endpoint_returns_xlsx" time="0.047" /><testcase classname="test_iter79_ot_report_and_offroll.TestOTReportPolicy2" name="test_custom_range_filters_rows" time="0.089" /><testcase classname="test_iter79_ot_report_and_offroll.TestOTReportPolicy2" name="test_employee_role_forbidden" time="0.074" /><testcase classname="test_iter79_ot_report_and_offroll.TestOTReportPolicy1" name="test_policy1_returns_zero_ot" time="0.752" /><testcase classname="test_iter79_ot_report_and_offroll.TestOffRollSalaryRun" name="test_offroll_excludes_onroll_and_strips_tier_bonus" time="10.493" /><testcase classname="test_iter79_ot_report_and_offroll.TestOffRollSalaryRun" name="test_compliance_default_includes_all_employees" time="0.035" /><testcase classname="test_iter79_ot_report_and_offroll.TestOffRollSalaryRun" name="test_compliance_default_is_default_when_run_type_omitted" time="0.036" /></testsuite></testsuites>