<?xml version="1.0" encoding="utf-8"?><testsuites name="pytest tests"><testsuite name="pytest" errors="0" failures="0" skipped="0" tests="9" time="1.059" timestamp="2026-07-03T04:37:15.528456+00:00" hostname="agent-env-e4e7ee8d-8a9b-4acb-8b08-f878545854bb"><testcase classname="test_iter36_present_today_timeline.TestTimelineShape" name="test_timeline_has_allowlisted_fields_and_no_leaks" time="0.300" /><testcase classname="test_iter36_present_today_timeline.TestTimelineShape" name="test_top_level_no_selfie_or_device_info" time="0.073" /><testcase classname="test_iter36_present_today_timeline.TestAggregatesUnchanged" name="test_aggregate_fields_present_and_correct" time="0.074" /><testcase classname="test_iter36_present_today_timeline.TestChronologicalOrder" name="test_four_records_ordered_asc" time="0.074" /><testcase classname="test_iter36_present_today_timeline.TestSuperAdminScoping" name="test_super_admin_no_filter_returns_all_companies" time="0.065" /><testcase classname="test_iter36_present_today_timeline.TestSuperAdminScoping" name="test_super_admin_with_company_id_filters" time="0.073" /><testcase classname="test_iter36_present_today_timeline.TestCompanyAdminScoping" name="test_company_admin_cannot_see_other_company" time="0.073" /><testcase classname="test_iter36_present_today_timeline.TestCompanyAdminScoping" name="test_company_admin_ignores_company_id_query_param" time="0.071" /><testcase classname="test_iter36_present_today_timeline.TestEmployeeForbidden" name="test_employee_gets_403" time="0.072" /></testsuite></testsuites>