<?xml version="1.0" encoding="utf-8"?><testsuites name="pytest tests"><testsuite name="pytest" errors="0" failures="0" skipped="0" tests="15" time="3.774" timestamp="2026-07-12T06:01:58.961850+00:00" hostname="agent-env-e4e7ee8d-8a9b-4acb-8b08-f878545854bb"><testcase classname="test_iter106_db_viewer_public_config_excel_import.TestDbViewer" name="test_collections_super_admin" time="0.468" /><testcase classname="test_iter106_db_viewer_public_config_excel_import.TestDbViewer" name="test_collections_non_super_admin_denied" time="0.388" /><testcase classname="test_iter106_db_viewer_public_config_excel_import.TestDbViewer" name="test_users_documents_by_company" time="0.074" /><testcase classname="test_iter106_db_viewer_public_config_excel_import.TestDbViewer" name="test_users_documents_by_user_id" time="0.161" /><testcase classname="test_iter106_db_viewer_public_config_excel_import.TestDbViewer" name="test_field_value_search" time="0.091" /><testcase classname="test_iter106_db_viewer_public_config_excel_import.TestDbViewer" name="test_put_delete_document_lifecycle" time="0.373" /><testcase classname="test_iter106_db_viewer_public_config_excel_import.TestDbViewer" name="test_put_404_and_400" time="0.220" /><testcase classname="test_iter106_db_viewer_public_config_excel_import.TestExternalDbConfig" name="test_get_config_masked" time="0.073" /><testcase classname="test_iter106_db_viewer_public_config_excel_import.TestExternalDbConfig" name="test_config_lifecycle_and_source_external" time="0.508" /><testcase classname="test_iter106_db_viewer_public_config_excel_import.TestPublicConfig" name="test_get_public_config" time="0.088" /><testcase classname="test_iter106_db_viewer_public_config_excel_import.TestPublicConfig" name="test_put_validation_and_final_set" time="0.206" /><testcase classname="test_iter106_db_viewer_public_config_excel_import.TestExcelAttendanceImport" name="test_download_sample" time="0.138" /><testcase classname="test_iter106_db_viewer_public_config_excel_import.TestExcelAttendanceImport" name="test_excel_import_and_dedupe" time="0.197" /><testcase classname="test_iter106_db_viewer_public_config_excel_import.TestExcelAttendanceImport" name="test_zk_dat_import_missing_file_400" time="0.071" /><testcase classname="test_iter106_db_viewer_public_config_excel_import" name="test_zzz_cleanup_test_attendance" time="0.415" /></testsuite></testsuites>