<?xml version="1.0" encoding="utf-8"?><testsuites name="pytest tests"><testsuite name="pytest" errors="0" failures="0" skipped="0" tests="3" time="2.916" timestamp="2026-07-03T15:34:34.664328+00:00" hostname="agent-env-e4e7ee8d-8a9b-4acb-8b08-f878545854bb"><testcase classname="test_iter44_is_default_preset.TestIsDefaultPreset" name="test_fresh_company_reports_default_preset_true" time="1.186" /><testcase classname="test_iter44_is_default_preset.TestIsDefaultPreset" name="test_after_patch_is_default_preset_false" time="0.864" /><testcase classname="test_iter44_is_default_preset.TestIsDefaultPreset" name="test_after_reset_is_default_preset_false" time="0.804" /></testsuite></testsuites>