<?xml version="1.0" encoding="utf-8"?><testsuites name="pytest tests"><testsuite name="pytest" errors="0" failures="0" skipped="0" tests="16" time="4.108" timestamp="2026-07-06T05:37:17.209157+00:00" hostname="agent-env-e4e7ee8d-8a9b-4acb-8b08-f878545854bb"><testcase classname="test_iter74_features.TestBulkImportAllowanceColumns" name="test_bulk_import_with_allowances_and_deductions" time="0.876" /><testcase classname="test_iter74_features.TestBulkImportAllowanceColumns" name="test_bulk_import_template_has_27_columns_with_new_headers" time="0.078" /><testcase classname="test_iter74_features.TestBulkImportAllowanceColumns" name="test_bulk_import_malformed_amount_is_silently_dropped" time="0.368" /><testcase classname="test_iter74_features.TestEmployeeSelfService" name="test_id_card_endpoint" time="0.294" /><testcase classname="test_iter74_features.TestEmployeeSelfService" name="test_year_summary_shape" time="0.091" /><testcase classname="test_iter74_features.TestEmployeeSelfService" name="test_payslip_pdf_requires_auth" time="0.125" /><testcase classname="test_iter74_features.TestEmployeeSelfService" name="test_payslip_pdf_404_when_missing" time="0.072" /><testcase classname="test_iter74_features.TestEmployeeSelfService" name="test_payslip_pdf_403_when_not_your_slip" time="0.607" /><testcase classname="test_iter74_features.TestMessageAttachments" name="test_send_message_with_png_attachment" time="0.471" /><testcase classname="test_iter74_features.TestMessageAttachments" name="test_inbox_shows_attachment_metadata" time="0.227" /><testcase classname="test_iter74_features.TestMessageAttachments" name="test_download_attachment_recipient_ok" time="0.079" /><testcase classname="test_iter74_features.TestMessageAttachments" name="test_download_attachment_403_for_unrelated_user" time="0.070" /><testcase classname="test_iter74_features.TestMessageAttachments" name="test_reject_more_than_3_attachments" time="0.074" /><testcase classname="test_iter74_features.TestMessageAttachments" name="test_reject_unsupported_mime" time="0.073" /><testcase classname="test_iter74_features.TestMessageAttachments" name="test_reject_oversized_attachment" time="0.461" /><testcase classname="test_iter74_features.TestMessageAttachments" name="test_data_uri_prefix_is_stripped" time="0.077" /></testsuite></testsuites>