<?xml version="1.0" encoding="utf-8"?><testsuites name="pytest tests"><testsuite name="pytest" errors="0" failures="1" skipped="0" tests="15" time="35.733" timestamp="2026-07-05T05:29:50.068292+00:00" hostname="agent-env-e4e7ee8d-8a9b-4acb-8b08-f878545854bb"><testcase classname="test_iter60_features.TestBulkCorrectionFields" name="test_fields_list" time="0.707" /><testcase classname="test_iter60_features.TestBulkCorrectionDryRun" name="test_dry_run_would_update" time="0.220" /><testcase classname="test_iter60_features.TestBulkCorrectionReal" name="test_real_update_and_skipped" time="0.149" /><testcase classname="test_iter60_features.TestBulkCorrectionGroupCascade" name="test_group_cascade" time="0.414" /><testcase classname="test_iter60_features.TestBulkCorrectionForbidden" name="test_company_admin_forbidden" time="0.345" /><testcase classname="test_iter60_features.TestBulkImport" name="test_bulk_import" time="0.393" /><testcase classname="test_iter60_features.TestAttendanceEmailConfig" name="test_config_filters_invalid" time="0.042" /><testcase classname="test_iter60_features.TestAttendanceEmailTrigger" name="test_trigger_dry_run" time="0.075" /><testcase classname="test_iter60_features.TestPortalAutomation" name="test_create_and_poll" time="30.524"><failure message="AssertionError: status did not progress: queued&#10;assert 'queued' in ('running', 'completed_login', 'paused_captcha', 'failed')">backend/tests/test_iter60_features.py:334: in test_create_and_poll
    assert final in ("running", "completed_login", "paused_captcha", "failed"), \
E   AssertionError: status did not progress: queued
E   assert 'queued' in ('running', 'completed_login', 'paused_captcha', 'failed')</failure></testcase><testcase classname="test_iter60_features.TestFYFilter" name="test_salary_runs_fy" time="0.037" /><testcase classname="test_iter60_features.TestFYFilter" name="test_compliance_runs_fy" time="0.075" /><testcase classname="test_iter60_features.TestSubAdminRead" name="test_salary_runs" time="1.086" /><testcase classname="test_iter60_features.TestSubAdminRead" name="test_salary_run_detail_and_exports" time="0.610" /><testcase classname="test_iter60_features.TestSubAdminRead" name="test_compliance" time="0.506" /><testcase classname="test_iter60_features.TestSubAdminRead" name="test_bonus" time="0.431" /></testsuite></testsuites>