<?xml version="1.0" encoding="utf-8"?><testsuites name="pytest tests"><testsuite name="pytest" errors="0" failures="2" skipped="0" tests="20" time="10.501" timestamp="2026-07-04T04:15:42.272439+00:00" hostname="agent-env-e4e7ee8d-8a9b-4acb-8b08-f878545854bb"><testcase classname="test_iter47_password_login.TestAdminPasswordLoginNegative" name="test_wrong_email_returns_401" time="0.251" /><testcase classname="test_iter47_password_login.TestAdminPasswordLoginNegative" name="test_employee_role_gets_403" time="0.480" /><testcase classname="test_iter47_password_login.TestAdminPasswordLoginNegative" name="test_admin_without_password_hash_gets_403" time="1.445" /><testcase classname="test_iter47_password_login.TestAdminPasswordLoginNegative" name="test_missing_email_or_password_gets_400" time="0.061" /><testcase classname="test_iter47_password_login.TestAdminSetPassword" name="test_employee_cannot_set_password" time="0.416" /><testcase classname="test_iter47_password_login.TestAdminSetPassword" name="test_first_time_set_requires_no_current" time="0.293" /><testcase classname="test_iter47_password_login.TestAdminSetPassword" name="test_too_short_password_rejected" time="0.304" /><testcase classname="test_iter47_password_login.TestAdminSetPassword" name="test_all_letters_password_rejected" time="0.291" /><testcase classname="test_iter47_password_login.TestAdminSetPassword" name="test_all_digits_password_rejected" time="0.289" /><testcase classname="test_iter47_password_login.TestAdminSetPassword" name="test_change_password_wrong_current" time="0.304" /><testcase classname="test_iter47_password_login.TestAdminSetPassword" name="test_change_password_missing_current" time="0.070" /><testcase classname="test_iter47_password_login.TestAdminSetPassword" name="test_successful_password_change" time="0.515" /><testcase classname="test_iter47_password_login.TestAdminPasswordLoginPositive" name="test_correct_credentials_login" time="0.297"><failure message="assert 'password_hash' not in '{&quot;session_t...ange&quot;:false}'&#10;  &#10;  'password_hash' is contained here:&#10;    {&quot;session_token&quot;:&quot;password_5322a47326274bfcb989e7dc3f14749fe61a591d51c944dd8c5a9c012d91fd08&quot;,&quot;user&quot;:{&quot;user_id&quot;:&quot;user_c9df10e0343f&quot;,&quot;email&quot;:&quot;test_iter47_admin_07d4097f@example.com&quot;,&quot;phone&quot;:null,&quot;name&quot;:&quot;test_iter47_admin_07d4097f@example.com&quot;,&quot;picture&quot;:null,&quot;role&quot;:&quot;company_admin&quot;,&quot;company_id&quot;:&quot;cmp_957cf1140e&quot;,&quot;department&quot;:null,&quot;position&quot;:null,&quot;employee_code&quot;:null,&quot;father_name&quot;:null,&quot;dob&quot;:null,&quot;doj&quot;:null,&quot;shift_start&quot;:null,&quot;shift_end&quot;:null,&quot;salary_monthly&quot;:null,&quot;half_day_hrs&quot;:null,&quot;full_day_hrs&quot;:null,&quot;onboarded&quot;:true,&quot;created_at&quot;:&quot;2026-07-04T04:15:43...&#10;  &#10;  ...Full output truncated (2 lines hidden), use '-vv' to show">E   assert 'password_hash' not in '{"session_t...ange":false}'
      
      'password_hash' is contained here:
        {"session_token":"password_5322a47326274bfcb989e7dc3f14749fe61a591d51c944dd8c5a9c012d91fd08","user":{"user_id":"user_c9df10e0343f","email":"test_iter47_admin_07d4097f@example.com","phone":null,"name":"test_iter47_admin_07d4097f@example.com","picture":null,"role":"company_admin","company_id":"cmp_957cf1140e","department":null,"position":null,"employee_code":null,"father_name":null,"dob":null,"doj":null,"shift_start":null,"shift_end":null,"salary_monthly":null,"half_day_hrs":null,"full_day_hrs":null,"onboarded":true,"created_at":"2026-07-04T04:15:43...
      
      ...Full output truncated (2 lines hidden), use '-vv' to show</failure></testcase><testcase classname="test_iter47_password_login.TestAdminPasswordLoginPositive" name="test_no_hash_in_login_body" time="0.304"><failure message="assert 'password_hash' not in '{&quot;session_t...ange&quot;:false}'&#10;  &#10;  'password_hash' is contained here:&#10;    {&quot;session_token&quot;:&quot;password_fb758cd4f3d64b24a4a9978b79dc25e813c42aa5f0344a4e807d5cbdf1e0d342&quot;,&quot;user&quot;:{&quot;user_id&quot;:&quot;user_c9df10e0343f&quot;,&quot;email&quot;:&quot;test_iter47_admin_07d4097f@example.com&quot;,&quot;phone&quot;:null,&quot;name&quot;:&quot;test_iter47_admin_07d4097f@example.com&quot;,&quot;picture&quot;:null,&quot;role&quot;:&quot;company_admin&quot;,&quot;company_id&quot;:&quot;cmp_957cf1140e&quot;,&quot;department&quot;:null,&quot;position&quot;:null,&quot;employee_code&quot;:null,&quot;father_name&quot;:null,&quot;dob&quot;:null,&quot;doj&quot;:null,&quot;shift_start&quot;:null,&quot;shift_end&quot;:null,&quot;salary_monthly&quot;:null,&quot;half_day_hrs&quot;:null,&quot;full_day_hrs&quot;:null,&quot;onboarded&quot;:true,&quot;created_at&quot;:&quot;2026-07-04t04:15:43...&#10;  &#10;  ...Full output truncated (2 lines hidden), use '-vv' to show">E   assert 'password_hash' not in '{"session_t...ange":false}'
      
      'password_hash' is contained here:
        {"session_token":"password_fb758cd4f3d64b24a4a9978b79dc25e813c42aa5f0344a4e807d5cbdf1e0d342","user":{"user_id":"user_c9df10e0343f","email":"test_iter47_admin_07d4097f@example.com","phone":null,"name":"test_iter47_admin_07d4097f@example.com","picture":null,"role":"company_admin","company_id":"cmp_957cf1140e","department":null,"position":null,"employee_code":null,"father_name":null,"dob":null,"doj":null,"shift_start":null,"shift_end":null,"salary_monthly":null,"half_day_hrs":null,"full_day_hrs":null,"onboarded":true,"created_at":"2026-07-04t04:15:43...
      
      ...Full output truncated (2 lines hidden), use '-vv' to show</failure></testcase><testcase classname="test_iter47_password_login.TestAdminPasswordLoginPositive" name="test_wrong_password_401_then_lockout_at_5" time="1.528" /><testcase classname="test_iter47_password_login.TestSuperAdminResetPassword" name="test_non_super_forbidden" time="0.074" /><testcase classname="test_iter47_password_login.TestSuperAdminResetPassword" name="test_no_admin_for_company_returns_404" time="0.150" /><testcase classname="test_iter47_password_login.TestSuperAdminResetPassword" name="test_admin_without_email_returns_400" time="0.657" /><testcase classname="test_iter47_password_login.TestSuperAdminResetPassword" name="test_reset_returns_temp_password_and_rotates" time="2.508" /><testcase classname="test_iter47_password_login.TestPinLoginRegression" name="test_admin_pin_login_endpoint_exists_and_validates" time="0.167" /></testsuite></testsuites>