<?xml version="1.0" encoding="utf-8"?><testsuites name="pytest tests"><testsuite name="pytest" errors="0" failures="0" skipped="0" tests="32" time="6.658" timestamp="2026-07-06T16:15:53.798579+00:00" hostname="agent-env-e4e7ee8d-8a9b-4acb-8b08-f878545854bb"><testcase classname="test_iter78_weekoff_and_grid" name="test_p1_weekoff_min_hours_met_full_day" time="0.001" /><testcase classname="test_iter78_weekoff_and_grid" name="test_p1_weekoff_under_min_no_legacy_no_present" time="0.000" /><testcase classname="test_iter78_weekoff_and_grid" name="test_p1_weekoff_under_min_legacy_flag_full_day" time="0.000" /><testcase classname="test_iter78_weekoff_and_grid" name="test_p1_weekoff_paid_when_absent_no_punches" time="0.000" /><testcase classname="test_iter78_weekoff_and_grid" name="test_p1_weekoff_no_punches_no_flag_no_present" time="0.000" /><testcase classname="test_iter78_weekoff_and_grid" name="test_p1_weekoff_min_zero_any_positive_duty_grants_fullday" time="0.000" /><testcase classname="test_iter78_weekoff_and_grid" name="test_validate_policy_accepts_week_off_min_zero" time="0.000" /><testcase classname="test_iter78_weekoff_and_grid" name="test_validate_policy_accepts_week_off_min_eight" time="0.000" /><testcase classname="test_iter78_weekoff_and_grid" name="test_validate_policy_accepts_week_off_min_sixteen" time="0.000" /><testcase classname="test_iter78_weekoff_and_grid" name="test_validate_policy_rejects_week_off_min_above_16" time="0.000" /><testcase classname="test_iter78_weekoff_and_grid" name="test_validate_policy_rejects_week_off_min_negative" time="0.000" /><testcase classname="test_iter78_weekoff_and_grid" name="test_monthly_grid_returns_raw_and_policy_adjusted_hours" time="0.893" /><testcase classname="test_iter77_policy1_cap" name="test_policy1_ot_allowed_caps_at_24h" time="0.000" /><testcase classname="test_iter77_policy1_cap" name="test_policy1_ot_disallowed_caps_at_standard" time="0.000" /><testcase classname="test_iter77_policy1_cap" name="test_policy1_normal_8h_no_cap" time="0.000" /><testcase classname="test_iter77_policy1_cap" name="test_policy1_half_day" time="0.000" /><testcase classname="test_iter77_policy1_cap" name="test_policy2_unchanged_ot" time="0.000" /><testcase classname="test_iter77_policy1_cap" name="test_override_wins_over_legacy_ot_applicable" time="0.000" /><testcase classname="test_iter77_policy1_cap" name="test_get_override_initially_empty" time="0.651" /><testcase classname="test_iter77_policy1_cap" name="test_put_override_persists" time="0.152" /><testcase classname="test_iter77_policy1_cap" name="test_ot_disallowed_12h_capped_via_compute_day" time="0.235" /><testcase classname="test_iter77_policy1_cap" name="test_ot_allowed_26h_capped_via_compute_day" time="0.311" /><testcase classname="test_iter77_policy1_cap" name="test_ot_allowed_full_day_shift_caps_via_compute_day" time="0.388" /><testcase classname="test_iter77_policy1_cap" name="test_monthly_grid_returns_row" time="0.043" /><testcase classname="test_iter77_policy1_cap" name="test_delete_override" time="0.152" /><testcase classname="test_iter54_salary_runs.TestSalaryRunSchema" name="test_create_salary_run_no_pf_esi_tds" time="0.420" /><testcase classname="test_iter54_salary_runs.TestSalaryRunSchema" name="test_list_salary_runs_no_forbidden_keys" time="0.101" /><testcase classname="test_iter54_salary_runs.TestSalaryRunSchema" name="test_reprocess_no_forbidden_keys" time="0.109" /><testcase classname="test_iter54_salary_runs.TestExports" name="test_csv_export" time="0.126" /><testcase classname="test_iter54_salary_runs.TestExports" name="test_pdf_export" time="0.162" /><testcase classname="test_iter54_salary_runs.TestGeneratePayslips" name="test_generate_payslips_breakup_clean" time="0.373" /><testcase classname="test_iter54_salary_runs.TestAdvanceBalance" name="test_patch_advance_balance_flows_into_run" time="0.535" /></testsuite></testsuites>