<?xml version="1.0" encoding="utf-8"?><testsuites name="pytest tests"><testsuite name="pytest" errors="0" failures="0" skipped="0" tests="19" time="4.559" timestamp="2026-07-04T16:32:12.281070+00:00" hostname="agent-env-e4e7ee8d-8a9b-4acb-8b08-f878545854bb"><testcase classname="test_iter53_personal_docs_salary_kyc.TestPersonalDocuments" name="test_initial_list_is_empty" time="2.616" /><testcase classname="test_iter53_personal_docs_salary_kyc.TestPersonalDocuments" name="test_upload_valid_doc_tagged_employee" time="0.076" /><testcase classname="test_iter53_personal_docs_salary_kyc.TestPersonalDocuments" name="test_list_now_contains_upload" time="0.073" /><testcase classname="test_iter53_personal_docs_salary_kyc.TestPersonalDocuments" name="test_invalid_category_returns_400" time="0.092" /><testcase classname="test_iter53_personal_docs_salary_kyc.TestPersonalDocuments" name="test_oversize_returns_413" time="0.379" /><testcase classname="test_iter53_personal_docs_salary_kyc.TestPersonalDocuments" name="test_get_single_returns_base64" time="0.074" /><testcase classname="test_iter53_personal_docs_salary_kyc.TestPersonalDocuments" name="test_inline_returns_raw_bytes" time="0.085" /><testcase classname="test_iter53_personal_docs_salary_kyc.TestPersonalDocuments" name="test_other_employee_cannot_see_doc" time="0.079" /><testcase classname="test_iter53_personal_docs_salary_kyc.TestSalaryMode" name="test_salary_mode_daily_persists" time="0.121" /><testcase classname="test_iter53_personal_docs_salary_kyc.TestSalaryMode" name="test_invalid_salary_mode_returns_422" time="0.078" /><testcase classname="test_iter53_personal_docs_salary_kyc.TestSalaryMode" name="test_hourly_mode_also_ok" time="0.079" /><testcase classname="test_iter53_personal_docs_salary_kyc.TestKycLock" name="test_first_time_set_aadhar_allowed" time="0.091" /><testcase classname="test_iter53_personal_docs_salary_kyc.TestKycLock" name="test_changing_aadhar_locked" time="0.085" /><testcase classname="test_iter53_personal_docs_salary_kyc.TestKycLock" name="test_same_aadhar_is_noop_ok" time="0.072" /><testcase classname="test_iter53_personal_docs_salary_kyc.TestKycLock" name="test_name_only_patch_succeeds" time="0.072" /><testcase classname="test_iter53_personal_docs_salary_kyc.TestKycLock" name="test_first_time_set_pan_allowed" time="0.090" /><testcase classname="test_iter53_personal_docs_salary_kyc.TestKycLock" name="test_changing_pan_locked" time="0.070" /><testcase classname="test_iter53_personal_docs_salary_kyc.TestKycLock" name="test_null_aadhar_first_time_set_for_fresh_user" time="0.117" /><testcase classname="test_iter53_personal_docs_salary_kyc.TestSanity" name="test_backend_reachable" time="0.115" /></testsuite></testsuites>