<?xml version="1.0" encoding="utf-8"?><testsuites name="pytest tests"><testsuite name="pytest" errors="0" failures="0" skipped="2" tests="20" time="2.396" timestamp="2026-07-06T02:39:27.744375+00:00" hostname="agent-env-e4e7ee8d-8a9b-4acb-8b08-f878545854bb"><testcase classname="test_iter69_bulk_payslips_and_annual.TestBulkPayslipsPdf" name="test_super_admin_download_pdf" time="0.351" /><testcase classname="test_iter69_bulk_payslips_and_annual.TestBulkPayslipsPdf" name="test_company_admin_download_own_firm" time="0.407"><skipped type="pytest.skip" message="No SKSCO1 salary run available">/app/backend/tests/test_iter69_bulk_payslips_and_annual.py:235: No SKSCO1 salary run available</skipped></testcase><testcase classname="test_iter69_bulk_payslips_and_annual.TestBulkPayslipsPdf" name="test_company_admin_cross_firm_403" time="0.148" /><testcase classname="test_iter69_bulk_payslips_and_annual.TestBulkPayslipsPdf" name="test_404_for_unknown_run" time="0.075" /><testcase classname="test_iter69_bulk_payslips_and_annual.TestBulkPayslipsPdf" name="test_empty_run_returns_placeholder_pdf" time="0.109" /><testcase classname="test_iter69_bulk_payslips_and_annual.TestBulkPayslipsPdf" name="test_auth_required" time="0.073" /><testcase classname="test_iter69_bulk_payslips_and_annual.TestBulkPayslipsZip" name="test_super_admin_download_zip" time="0.077" /><testcase classname="test_iter69_bulk_payslips_and_annual.TestBulkPayslipsZip" name="test_zip_contents_match_rows_and_naming" time="0.074"><skipped type="pytest.skip" message="No salary run with user_id rows — cannot verify naming">/app/backend/tests/test_iter69_bulk_payslips_and_annual.py:308: No salary run with user_id rows — cannot verify naming</skipped></testcase><testcase classname="test_iter69_bulk_payslips_and_annual.TestBulkPayslipsZip" name="test_company_admin_cross_firm_403" time="0.072" /><testcase classname="test_iter69_bulk_payslips_and_annual.TestBulkPayslipsZip" name="test_404_for_unknown_run" time="0.076" /><testcase classname="test_iter69_bulk_payslips_and_annual.TestBulkPayslipsZip" name="test_auth_required" time="0.051" /><testcase classname="test_iter69_bulk_payslips_and_annual.TestAnnualReportXlsx" name="test_super_admin_download_with_company_id" time="0.202" /><testcase classname="test_iter69_bulk_payslips_and_annual.TestAnnualReportXlsx" name="test_super_admin_missing_company_id_returns_400" time="0.095" /><testcase classname="test_iter69_bulk_payslips_and_annual.TestAnnualReportXlsx" name="test_company_admin_scoped_to_own_firm" time="0.100" /><testcase classname="test_iter69_bulk_payslips_and_annual.TestAnnualReportXlsx" name="test_nonexistent_company_returns_404" time="0.099" /><testcase classname="test_iter69_bulk_payslips_and_annual.TestAnnualReportXlsx" name="test_auth_required" time="0.031" /><testcase classname="test_iter69_bulk_payslips_and_annual.TestPayslipBuildersUnit" name="test_build_payslip_pdf_single" time="0.078" /><testcase classname="test_iter69_bulk_payslips_and_annual.TestPayslipBuildersUnit" name="test_build_bulk_payslip_pdf_multi_page" time="0.017" /><testcase classname="test_iter69_bulk_payslips_and_annual.TestPayslipBuildersUnit" name="test_build_bulk_payslip_pdf_empty" time="0.002" /><testcase classname="test_iter69_bulk_payslips_and_annual.TestAnnualReportBuilderUnit" name="test_annual_xlsx_sheets_from_builder" time="0.024" /></testsuite></testsuites>