<?xml version="1.0" encoding="utf-8"?><testsuites name="pytest tests"><testsuite name="pytest" errors="0" failures="2" skipped="4" tests="18" time="4.448" timestamp="2026-07-05T04:15:09.475334+00:00" hostname="agent-env-e4e7ee8d-8a9b-4acb-8b08-f878545854bb"><testcase classname="test_iter58_features.TestPayslipDojRule" name="test_pre_doj_employee_excluded_from_salary_run" time="0.721"><skipped type="pytest.skip" message="No employees in target company">/app/backend/tests/test_iter58_features.py:130: No employees in target company</skipped></testcase><testcase classname="test_iter58_features.TestPayslipMonthCompleteAndProcessed" name="test_current_month_slip_not_returned_and_pending_hidden" time="0.000"><skipped type="pytest.skip" message="No employees in target company">/app/backend/tests/test_iter58_features.py:172: No employees in target company</skipped></testcase><testcase classname="test_iter58_features.TestGeneratePayslipsSafety" name="test_generate_payslips_returns_skipped_pre_doj" time="0.000"><skipped type="pytest.skip" message="No employees available">/app/backend/tests/test_iter58_features.py:226: No employees available</skipped></testcase><testcase classname="test_iter58_features.TestPortalCredentials" name="test_patch_and_get_hides_plaintext" time="0.078"><failure message="AssertionError: {&quot;detail&quot;:&quot;Company not found&quot;}&#10;assert 404 == 200&#10; +  where 404 = &lt;Response [404]&gt;.status_code">tests/test_iter58_features.py:288: in test_patch_and_get_hides_plaintext
    assert r.status_code == 200, r.text
E   AssertionError: {"detail":"Company not found"}
E   assert 404 == 200
E    +  where 404 = &lt;Response [404]&gt;.status_code</failure></testcase><testcase classname="test_iter58_features.TestPortalCredentials" name="test_clear_password_removes_has_password_flag" time="0.068"><failure message="AssertionError: {&quot;detail&quot;:&quot;Company not found&quot;}&#10;assert 404 == 200&#10; +  where 404 = &lt;Response [404]&gt;.status_code">tests/test_iter58_features.py:310: in test_clear_password_removes_has_password_flag
    assert r.status_code == 200, r.text
E   AssertionError: {"detail":"Company not found"}
E   assert 404 == 200
E    +  where 404 = &lt;Response [404]&gt;.status_code</failure></testcase><testcase classname="test_iter58_features.TestPortalCredentials" name="test_cross_company_admin_denied" time="0.489" /><testcase classname="test_iter58_features.TestEmployerAccessRights" name="test_permission_keys_list" time="0.062" /><testcase classname="test_iter58_features.TestEmployerAccessRights" name="test_get_defaults_all_features_enabled" time="0.177" /><testcase classname="test_iter58_features.TestEmployerAccessRights" name="test_patch_and_authme_reflects_permissions" time="0.255" /><testcase classname="test_iter58_features.TestEmployerAccessRights" name="test_reset_via_null" time="0.210" /><testcase classname="test_iter58_features.TestEmployerAccessRights" name="test_only_super_admin_can_patch" time="0.088" /><testcase classname="test_iter58_features.TestMasterSheet" name="test_generate_master_sheet_xlsx" time="0.197" /><testcase classname="test_iter58_features.TestMasterSheet" name="test_upload_returns_mis_report_with_canonical_matches" time="0.077" /><testcase classname="test_iter58_features.TestMasterSheet" name="test_apply_mapping_imports_rows" time="0.000"><skipped type="pytest.skip" message="No employees to import against">/app/backend/tests/test_iter58_features.py:459: No employees to import against</skipped></testcase><testcase classname="test_iter58_features.TestComplianceDownloads" name="test_ecr_download" time="0.199" /><testcase classname="test_iter58_features.TestComplianceDownloads" name="test_esic_download" time="0.086" /><testcase classname="test_iter58_features.TestSubAdminPermissionEnforcement" name="test_sub_admin_with_permission_can_create_salary_run" time="0.675" /><testcase classname="test_iter58_features.TestSubAdminPermissionEnforcement" name="test_sub_admin_without_permission_denied" time="0.828" /></testsuite></testsuites>