<?xml version="1.0" encoding="utf-8"?><testsuites name="pytest tests"><testsuite name="pytest" errors="0" failures="0" skipped="0" tests="34" time="11.268" timestamp="2026-07-04T14:04:05.411854+00:00" hostname="agent-env-e4e7ee8d-8a9b-4acb-8b08-f878545854bb"><testcase classname="test_iter49_temp_creds_and_roster.TestCreateCompanyWithBothChannels" name="test_response_contains_temp_credentials" time="0.948" /><testcase classname="test_iter49_temp_creds_and_roster.TestCreateCompanyWithBothChannels" name="test_response_does_not_leak_hashes" time="0.000" /><testcase classname="test_iter49_temp_creds_and_roster.TestCreateCompanyPhoneOnly" name="test_no_email_means_no_temp_password" time="0.371" /><testcase classname="test_iter49_temp_creds_and_roster.TestCompanyDetailsShowsTempCredsUntilChanged" name="test_details_shows_plaintext_before_pin_change" time="0.041" /><testcase classname="test_iter49_temp_creds_and_roster.TestPinChangeWipesPlaintext" name="test_pin_change_flow" time="0.854" /><testcase classname="test_iter49_temp_creds_and_roster.TestPasswordChangeWipesPlaintext" name="test_password_flow" time="0.850" /><testcase classname="test_iter49_temp_creds_and_roster.TestSuperAdminResetsRegenerate" name="test_reset_pin_endpoint" time="0.343" /><testcase classname="test_iter49_temp_creds_and_roster.TestSuperAdminResetsRegenerate" name="test_reset_password_endpoint" time="0.333" /><testcase classname="test_iter49_temp_creds_and_roster.TestSecurityNoLeaks" name="test_no_leak_on_auth_me" time="0.398" /><testcase classname="test_iter49_temp_creds_and_roster.TestSecurityNoLeaks" name="test_no_leak_on_admin_employees" time="0.074" /><testcase classname="test_iter49_temp_creds_and_roster.TestRoster" name="test_get_and_mark_roster" time="0.746" /><testcase classname="test_iter50_master_pdf_and_docs.TestMasterPdfSingle" name="test_returns_pdf_stream" time="2.308" /><testcase classname="test_iter50_master_pdf_and_docs.TestMasterPdfSingle" name="test_inline_true_returns_inline_disposition" time="0.052" /><testcase classname="test_iter50_master_pdf_and_docs.TestMasterPdfSingle" name="test_404_for_unknown_employee" time="0.076" /><testcase classname="test_iter50_master_pdf_and_docs.TestMasterPdfBulk" name="test_super_admin_bulk_all" time="0.959" /><testcase classname="test_iter50_master_pdf_and_docs.TestMasterPdfBulk" name="test_super_admin_bulk_filtered_by_company" time="0.050" /><testcase classname="test_iter50_master_pdf_and_docs.TestDocumentsCrud" name="test_upload_png_ok" time="0.076" /><testcase classname="test_iter50_master_pdf_and_docs.TestDocumentsCrud" name="test_upload_pdf_ok" time="0.075" /><testcase classname="test_iter50_master_pdf_and_docs.TestDocumentsCrud" name="test_reject_invalid_category" time="0.074" /><testcase classname="test_iter50_master_pdf_and_docs.TestDocumentsCrud" name="test_reject_invalid_mime" time="0.075" /><testcase classname="test_iter50_master_pdf_and_docs.TestDocumentsCrud" name="test_reject_bad_base64" time="0.072" /><testcase classname="test_iter50_master_pdf_and_docs.TestDocumentsCrud" name="test_reject_too_large" time="0.390" /><testcase classname="test_iter50_master_pdf_and_docs.TestDocumentsCrud" name="test_list_docs_has_no_base64" time="0.074" /><testcase classname="test_iter50_master_pdf_and_docs.TestDocumentsCrud" name="test_get_single_doc_returns_base64_json" time="0.073" /><testcase classname="test_iter50_master_pdf_and_docs.TestDocumentsCrud" name="test_get_single_doc_inline_returns_bytes" time="0.074" /><testcase classname="test_iter50_master_pdf_and_docs.TestDocumentsCrud" name="test_delete_removes_doc" time="0.149" /><testcase classname="test_iter50_master_pdf_and_docs.TestAccessControl" name="test_employee_cannot_get_master_pdf" time="0.629" /><testcase classname="test_iter50_master_pdf_and_docs.TestAccessControl" name="test_employee_cannot_list_documents" time="0.073" /><testcase classname="test_iter50_master_pdf_and_docs.TestAccessControl" name="test_employee_cannot_upload_document" time="0.074" /><testcase classname="test_iter50_master_pdf_and_docs.TestAccessControl" name="test_no_auth_is_rejected" time="0.072" /><testcase classname="test_iter50_master_pdf_and_docs.TestAccessControl" name="test_company_admin_cannot_cross_scope" time="0.433" /><testcase classname="test_iter50_master_pdf_and_docs.TestSecureFieldsRegression" name="test_auth_me_no_sensitive" time="0.047" /><testcase classname="test_iter50_master_pdf_and_docs.TestSecureFieldsRegression" name="test_admin_employees_no_sensitive" time="0.042" /><testcase classname="test_iter50_master_pdf_and_docs.TestSnapshotPersistence" name="test_repeated_downloads_stay_pdf" time="0.279" /></testsuite></testsuites>