<?xml version="1.0" encoding="utf-8"?><testsuites name="pytest tests"><testsuite name="pytest" errors="0" failures="0" skipped="0" tests="11" time="3.821" timestamp="2026-07-06T03:51:42.823933+00:00" hostname="agent-env-e4e7ee8d-8a9b-4acb-8b08-f878545854bb"><testcase classname="test_iter71_salary_structure_and_bulk.TestSalaryStructureArrays" name="test_a_full_arrays_persist" time="0.647" /><testcase classname="test_iter71_salary_structure_and_bulk.TestSalaryStructureArrays" name="test_b_omitted_arrays_default_to_empty" time="0.331" /><testcase classname="test_iter71_salary_structure_and_bulk.TestBulkImport" name="test_a_three_unique_rows_created" time="0.800" /><testcase classname="test_iter71_salary_structure_and_bulk.TestBulkImport" name="test_b_reimport_marks_duplicates" time="0.074" /><testcase classname="test_iter71_salary_structure_and_bulk.TestBulkImport" name="test_c_missing_name_reported_in_errors" time="0.296" /><testcase classname="test_iter71_salary_structure_and_bulk.TestBulkImport" name="test_d_missing_phone_and_email_error" time="0.070" /><testcase classname="test_iter71_salary_structure_and_bulk.TestBulkImport" name="test_e_super_admin_without_company_id_returns_400" time="0.071" /><testcase classname="test_iter71_salary_structure_and_bulk.TestBulkImport" name="test_f_company_admin_forced_to_own_firm" time="0.725" /><testcase classname="test_iter71_salary_structure_and_bulk.TestBulkImport" name="test_g_empty_rows_returns_400" time="0.071" /><testcase classname="test_iter71_salary_structure_and_bulk.TestBulkImportTemplate" name="test_super_admin_download_ok" time="0.069" /><testcase classname="test_iter71_salary_structure_and_bulk.TestBulkImportTemplate" name="test_company_admin_download_ok" time="0.571" /></testsuite></testsuites>