<?xml version="1.0" encoding="utf-8"?><testsuites name="pytest tests"><testsuite name="pytest" errors="0" failures="0" skipped="0" tests="13" time="7.494" timestamp="2026-07-04T14:03:51.141050+00:00" hostname="agent-env-e4e7ee8d-8a9b-4acb-8b08-f878545854bb"><testcase classname="test_iter51_roster_and_auto_punch.TestRosterMarkIn" name="test_mark_in_creates_record_and_shows_on_today" time="2.329" /><testcase classname="test_iter51_roster_and_auto_punch.TestRosterMarkOut" name="test_mark_out_after_in" time="0.126" /><testcase classname="test_iter51_roster_and_auto_punch.TestRosterMarkOut" name="test_mark_out_without_open_in_returns_not_currently_in" time="0.080" /><testcase classname="test_iter51_roster_and_auto_punch.TestRosterMarkAbsent" name="test_absent_persists_and_shows_on_today" time="0.478" /><testcase classname="test_iter51_roster_and_auto_punch.TestRosterMarkAbsent" name="test_absent_second_call_is_idempotent" time="0.536" /><testcase classname="test_iter51_roster_and_auto_punch.TestRetractAbsentByIn" name="test_marking_in_deletes_absent" time="0.628" /><testcase classname="test_iter51_roster_and_auto_punch.TestPunchRequiresLatLng" name="test_missing_latlng_returns_422" time="0.082" /><testcase classname="test_iter51_roster_and_auto_punch.TestCompanyAutoPunchToggle" name="test_patch_company_disables_and_reflects_in_details" time="0.122" /><testcase classname="test_iter51_roster_and_auto_punch.TestEffectiveAutoPunch" name="test_company_false_makes_employee_false" time="0.486" /><testcase classname="test_iter51_roster_and_auto_punch.TestEffectiveAutoPunch" name="test_company_true_makes_employee_true" time="0.518" /><testcase classname="test_iter51_roster_and_auto_punch.TestEffectiveAutoPunch" name="test_per_employee_override_false_beats_company_true" time="0.544" /><testcase classname="test_iter51_roster_and_auto_punch.TestEffectiveAutoPunch" name="test_clearing_override_via_null_reinherits_company" time="0.548" /><testcase classname="test_iter51_roster_and_auto_punch.TestEffectiveAutoPunch" name="test_live_in_forces_false_regardless" time="0.919" /></testsuite></testsuites>