<?xml version="1.0" encoding="utf-8"?><testsuites name="pytest tests"><testsuite name="pytest" errors="0" failures="0" skipped="0" tests="12" time="9.390" timestamp="2026-07-01T09:13:35.846831+00:00" hostname="agent-env-e4e7ee8d-8a9b-4acb-8b08-f878545854bb"><testcase classname="test_forgot_pin.TestForgotPinHappyPath" name="test_admin_email_rotates_pin_hash" time="0.978" /><testcase classname="test_forgot_pin.TestForgotPinAntiEnumeration" name="test_nonexistent_email_returns_200_and_no_db_write" time="0.634" /><testcase classname="test_forgot_pin.TestForgotPinAntiEnumeration" name="test_missing_identifier_returns_400" time="0.542" /><testcase classname="test_forgot_pin.TestForgotPinAntiEnumeration" name="test_non_email_identifier_returns_400" time="0.530" /><testcase classname="test_forgot_pin.TestForgotPinRoleGate" name="test_employee_email_does_not_rotate_pin" time="0.757" /><testcase classname="test_forgot_pin.TestForgotPinRateLimit" name="test_second_call_within_2min_does_not_rotate" time="0.804" /><testcase classname="test_forgot_pin.TestAdminPinLoginRegression" name="test_email_still_works" time="0.768" /><testcase classname="test_forgot_pin.TestAdminPinLoginRegression" name="test_phone_still_works" time="0.786" /><testcase classname="test_forgot_pin.TestAdminPinLoginRegression" name="test_wrong_pin_401" time="0.778" /><testcase classname="test_forgot_pin.TestPinChangeRegression" name="test_change_then_restore" time="1.573" /><testcase classname="test_forgot_pin.TestEmployeePinLoginRegression" name="test_invalid_credentials_401" time="0.542" /><testcase classname="test_forgot_pin.TestAdminEmployeePinPatchRegression" name="test_requires_auth" time="0.558" /></testsuite></testsuites>