<?xml version="1.0" encoding="utf-8"?><testsuites name="pytest tests"><testsuite name="pytest" errors="0" failures="0" skipped="2" tests="64" time="7.399" timestamp="2026-07-06T03:51:54.643255+00:00" hostname="agent-env-e4e7ee8d-8a9b-4acb-8b08-f878545854bb"><testcase classname="test_iter68_admin_employee_and_pdfs.TestAdminCreateEmployee" name="test_super_admin_creates_employee_happy_path" time="0.548" /><testcase classname="test_iter68_admin_employee_and_pdfs.TestAdminCreateEmployee" name="test_duplicate_phone_returns_409" time="0.281" /><testcase classname="test_iter68_admin_employee_and_pdfs.TestAdminCreateEmployee" name="test_duplicate_email_returns_409" time="0.282" /><testcase classname="test_iter68_admin_employee_and_pdfs.TestAdminCreateEmployee" name="test_missing_name_returns_400" time="0.028" /><testcase classname="test_iter68_admin_employee_and_pdfs.TestAdminCreateEmployee" name="test_missing_phone_and_email_returns_400" time="0.026" /><testcase classname="test_iter68_admin_employee_and_pdfs.TestAdminCreateEmployee" name="test_company_admin_cannot_inject_foreign_company_id" time="0.568" /><testcase classname="test_iter68_admin_employee_and_pdfs.TestAdminEmployeesRoleFilter" name="test_list_only_returns_role_employee" time="0.028" /><testcase classname="test_iter68_admin_employee_and_pdfs.TestSalaryRegisterPdf" name="test_download_register_pdf" time="0.163" /><testcase classname="test_iter68_admin_employee_and_pdfs.TestSalaryRegisterPdf" name="test_register_pdf_404_for_bogus_run" time="0.029" /><testcase classname="test_iter68_admin_employee_and_pdfs.TestSalaryCertificatePdf" name="test_download_salary_certificate" time="0.069" /><testcase classname="test_iter68_admin_employee_and_pdfs.TestSalaryCertificatePdf" name="test_certificate_with_query_params" time="0.065" /><testcase classname="test_iter68_admin_employee_and_pdfs.TestSalaryCertificatePdf" name="test_certificate_404_for_bogus_user" time="0.032" /><testcase classname="test_iter68_admin_employee_and_pdfs.TestSalaryCertificatePdf" name="test_company_admin_blocked_for_foreign_employee" time="0.315" /><testcase classname="test_iter68_admin_employee_and_pdfs.TestAuthGuards" name="test_create_employee_requires_auth" time="0.026" /><testcase classname="test_iter68_admin_employee_and_pdfs.TestAuthGuards" name="test_register_pdf_requires_auth" time="0.027" /><testcase classname="test_iter68_admin_employee_and_pdfs.TestAuthGuards" name="test_certificate_pdf_requires_auth" time="0.029" /><testcase classname="test_iter69_bulk_payslips_and_annual.TestBulkPayslipsPdf" name="test_super_admin_download_pdf" time="0.225" /><testcase classname="test_iter69_bulk_payslips_and_annual.TestBulkPayslipsPdf" name="test_company_admin_download_own_firm" time="0.408"><skipped type="pytest.skip" message="No SKSCO1 salary run available">/app/backend/tests/test_iter69_bulk_payslips_and_annual.py:235: No SKSCO1 salary run available</skipped></testcase><testcase classname="test_iter69_bulk_payslips_and_annual.TestBulkPayslipsPdf" name="test_company_admin_cross_firm_403" time="0.147" /><testcase classname="test_iter69_bulk_payslips_and_annual.TestBulkPayslipsPdf" name="test_404_for_unknown_run" time="0.034" /><testcase classname="test_iter69_bulk_payslips_and_annual.TestBulkPayslipsPdf" name="test_empty_run_returns_placeholder_pdf" time="0.070" /><testcase classname="test_iter69_bulk_payslips_and_annual.TestBulkPayslipsPdf" name="test_auth_required" time="0.080" /><testcase classname="test_iter69_bulk_payslips_and_annual.TestBulkPayslipsZip" name="test_super_admin_download_zip" time="0.072" /><testcase classname="test_iter69_bulk_payslips_and_annual.TestBulkPayslipsZip" name="test_zip_contents_match_rows_and_naming" time="0.076"><skipped type="pytest.skip" message="No salary run with user_id rows — cannot verify naming">/app/backend/tests/test_iter69_bulk_payslips_and_annual.py:308: No salary run with user_id rows — cannot verify naming</skipped></testcase><testcase classname="test_iter69_bulk_payslips_and_annual.TestBulkPayslipsZip" name="test_company_admin_cross_firm_403" time="0.074" /><testcase classname="test_iter69_bulk_payslips_and_annual.TestBulkPayslipsZip" name="test_404_for_unknown_run" time="0.072" /><testcase classname="test_iter69_bulk_payslips_and_annual.TestBulkPayslipsZip" name="test_auth_required" time="0.073" /><testcase classname="test_iter69_bulk_payslips_and_annual.TestAnnualReportXlsx" name="test_super_admin_download_with_company_id" time="0.178" /><testcase classname="test_iter69_bulk_payslips_and_annual.TestAnnualReportXlsx" name="test_super_admin_missing_company_id_returns_400" time="0.073" /><testcase classname="test_iter69_bulk_payslips_and_annual.TestAnnualReportXlsx" name="test_company_admin_scoped_to_own_firm" time="0.090" /><testcase classname="test_iter69_bulk_payslips_and_annual.TestAnnualReportXlsx" name="test_nonexistent_company_returns_404" time="0.077" /><testcase classname="test_iter69_bulk_payslips_and_annual.TestAnnualReportXlsx" name="test_auth_required" time="0.073" /><testcase classname="test_iter69_bulk_payslips_and_annual.TestPayslipBuildersUnit" name="test_build_payslip_pdf_single" time="0.040" /><testcase classname="test_iter69_bulk_payslips_and_annual.TestPayslipBuildersUnit" name="test_build_bulk_payslip_pdf_multi_page" time="0.017" /><testcase classname="test_iter69_bulk_payslips_and_annual.TestPayslipBuildersUnit" name="test_build_bulk_payslip_pdf_empty" time="0.002" /><testcase classname="test_iter69_bulk_payslips_and_annual.TestAnnualReportBuilderUnit" name="test_annual_xlsx_sheets_from_builder" time="0.022" /><testcase classname="test_iter69_salary_register_empty_rows" name="test_build_salary_register_pdf_with_empty_rows" time="0.007" /><testcase classname="test_iter69_salary_register_empty_rows" name="test_build_salary_register_pdf_with_one_row" time="0.010" /><testcase classname="test_iter70_geofence_and_statutory.TestBiometricGeofenceGate" name="test_a_gps_off_biometric_inside_geofence_ok" time="0.656" /><testcase classname="test_iter70_geofence_and_statutory.TestBiometricGeofenceGate" name="test_b_gps_off_biometric_outside_geofence_rejected" time="0.081" /><testcase classname="test_iter70_geofence_and_statutory.TestBiometricGeofenceGate" name="test_c_no_geofence_biometric_only_still_works" time="0.085" /><testcase classname="test_iter70_geofence_and_statutory.TestBiometricGeofenceGate" name="test_d_gps_on_regression_inside_ok_outside_400" time="0.575" /><testcase classname="test_iter70_geofence_and_statutory.TestPfEcrEndpoint" name="test_super_admin_content_type_and_disposition" time="0.099" /><testcase classname="test_iter70_geofence_and_statutory.TestPfEcrEndpoint" name="test_each_non_empty_line_has_11_hash_fields" time="0.027" /><testcase classname="test_iter70_geofence_and_statutory.TestPfEcrEndpoint" name="test_404_for_unknown_run" time="0.068" /><testcase classname="test_iter70_geofence_and_statutory.TestPfEcrEndpoint" name="test_company_admin_cross_firm_403" time="0.360" /><testcase classname="test_iter70_geofence_and_statutory.TestEsicMcEndpoint" name="test_content_type_and_filename" time="0.071" /><testcase classname="test_iter70_geofence_and_statutory.TestEsicMcEndpoint" name="test_csv_header_matches_6_columns" time="0.069" /><testcase classname="test_iter70_geofence_and_statutory.TestEsicMcEndpoint" name="test_404_for_unknown_run" time="0.070" /><testcase classname="test_iter70_geofence_and_statutory.TestEsicMcEndpoint" name="test_company_admin_cross_firm_403" time="0.069" /><testcase classname="test_iter70_geofence_and_statutory.TestEsicIpRegEndpoint" name="test_content_type_and_header" time="0.070" /><testcase classname="test_iter70_geofence_and_statutory.TestEsicIpRegEndpoint" name="test_404_for_unknown_run" time="0.068" /><testcase classname="test_iter70_geofence_and_statutory.TestEsicIpRegEndpoint" name="test_company_admin_cross_firm_403" time="0.068" /><testcase classname="test_iter70_geofence_and_statutory.TestPfEcrBuilder" name="test_output_bytes_and_line_count" time="0.000" /><testcase classname="test_iter70_geofence_and_statutory.TestPfEcrBuilder" name="test_each_line_has_11_hash_fields" time="0.000" /><testcase classname="test_iter70_geofence_and_statutory.TestPfEcrBuilder" name="test_pf_wages_capped_at_15000" time="0.000" /><testcase classname="test_iter70_geofence_and_statutory.TestPfEcrBuilder" name="test_empty_rows_yields_empty_body" time="0.000" /><testcase classname="test_iter70_geofence_and_statutory.TestEsicMcBuilder" name="test_header_and_row_count" time="0.000" /><testcase classname="test_iter70_geofence_and_statutory.TestEsicMcBuilder" name="test_reason_code_zero_when_worked_and_7_when_absent" time="0.000" /><testcase classname="test_iter70_geofence_and_statutory.TestEsicMcBuilder" name="test_empty_rows_still_produces_header" time="0.000" /><testcase classname="test_iter70_geofence_and_statutory.TestEsicIpRegBuilder" name="test_header_matches_17_columns" time="0.000" /><testcase classname="test_iter70_geofence_and_statutory.TestEsicIpRegBuilder" name="test_row_filtering" time="0.000" /><testcase classname="test_iter70_geofence_and_statutory.TestEsicIpRegBuilder" name="test_dob_formatted_dd_mm_yyyy" time="0.000" /><testcase classname="test_iter70_geofence_and_statutory.TestEsicIpRegBuilder" name="test_empty_rows_still_produces_header" time="0.170" /></testsuite></testsuites>