<?xml version="1.0" encoding="utf-8"?><testsuites name="pytest tests"><testsuite name="pytest" errors="0" failures="0" skipped="0" tests="2" time="0.121" timestamp="2026-07-06T02:25:20.402725+00:00" hostname="agent-env-e4e7ee8d-8a9b-4acb-8b08-f878545854bb"><testcase classname="test_iter69_salary_register_empty_rows" name="test_build_salary_register_pdf_with_empty_rows" time="0.029" /><testcase classname="test_iter69_salary_register_empty_rows" name="test_build_salary_register_pdf_with_one_row" time="0.010" /></testsuite></testsuites>