<?xml version="1.0" encoding="utf-8"?><testsuites name="pytest tests"><testsuite name="pytest" errors="0" failures="0" skipped="0" tests="9" time="3.148" timestamp="2026-07-01T11:59:53.918327+00:00" hostname="agent-env-e4e7ee8d-8a9b-4acb-8b08-f878545854bb"><testcase classname="test_employee_signup_iter19.TestCompanyLookup" name="test_lookup_valid_code" time="0.282" /><testcase classname="test_employee_signup_iter19.TestCompanyLookup" name="test_lookup_invalid_code_404" time="0.095" /><testcase classname="test_employee_signup_iter19.TestEmployeeSignupAddress" name="test_signup_with_address_persists" time="0.420" /><testcase classname="test_employee_signup_iter19.TestEmployeeSignupAddress" name="test_signup_without_address_backward_compat" time="0.532" /><testcase classname="test_employee_signup_iter19.TestEmployeeSignupAddress" name="test_signup_empty_address_becomes_null" time="0.307" /><testcase classname="test_employee_signup_iter19.TestEmployeeSignupAddress" name="test_signup_whitespace_address_becomes_null" time="0.310" /><testcase classname="test_employee_signup_iter19.TestEmployeeSignupAddress" name="test_signup_invalid_company_code_404" time="0.083" /><testcase classname="test_employee_signup_iter19.TestEmployeeSignupAddress" name="test_signup_duplicate_phone_409" time="0.402" /><testcase classname="test_employee_signup_iter19.TestCompanyRegisterRegression" name="test_company_register_request" time="0.577" /></testsuite></testsuites>