<?xml version="1.0" encoding="utf-8"?><testsuites name="pytest tests"><testsuite name="pytest" errors="0" failures="0" skipped="0" tests="21" time="5.043" timestamp="2026-07-11T00:58:11.732584+00:00" hostname="agent-env-e4e7ee8d-8a9b-4acb-8b08-f878545854bb"><testcase classname="test_iter98_payroll_rules.TestSalaryProcessGates" name="test_compliance_403_when_online_off" time="0.539" /><testcase classname="test_iter98_payroll_rules.TestSalaryProcessGates" name="test_compliance_200_when_online_on" time="0.215" /><testcase classname="test_iter98_payroll_rules.TestSalaryProcessGates" name="test_actual_403_when_offline_off" time="0.164" /><testcase classname="test_iter98_payroll_rules.TestSalaryProcessGates" name="test_actual_not_403_when_offline_on" time="0.369" /><testcase classname="test_iter98_payroll_rules.TestComplianceRowGates" name="test_pf_zero_when_firm_disabled" time="0.001" /><testcase classname="test_iter98_payroll_rules.TestComplianceRowGates" name="test_esic_zero_when_firm_disabled" time="0.000" /><testcase classname="test_iter98_payroll_rules.TestComplianceRowGates" name="test_both_computed_when_enabled" time="0.000" /><testcase classname="test_iter98_payroll_rules.TestCLPLValidation" name="test_cl_pl_both_zero_returns_400" time="0.067" /><testcase classname="test_iter98_payroll_rules.TestCLPLValidation" name="test_cl_positive_returns_200" time="0.530" /><testcase classname="test_iter98_payroll_rules.TestLeaveReport" name="test_leave_report_kankani" time="0.074" /><testcase classname="test_iter98_payroll_rules.TestLeaveReport" name="test_leave_report_requires_year" time="0.083" /><testcase classname="test_iter98_payroll_rules.TestExportSort" name="test_salary_export_sorted[name]" time="0.153" /><testcase classname="test_iter98_payroll_rules.TestExportSort" name="test_salary_export_sorted[code]" time="0.093" /><testcase classname="test_iter98_payroll_rules.TestExportSort" name="test_salary_export_sorted[net]" time="0.071" /><testcase classname="test_iter98_payroll_rules.TestExportSort" name="test_salary_export_sorted[gross]" time="0.066" /><testcase classname="test_iter98_payroll_rules.TestExportSort" name="test_compliance_export_sorted[name]" time="0.139" /><testcase classname="test_iter98_payroll_rules.TestExportSort" name="test_compliance_export_sorted[code]" time="0.078" /><testcase classname="test_iter98_payroll_rules.TestExportSort" name="test_compliance_export_sorted[net]" time="0.084" /><testcase classname="test_iter98_payroll_rules.TestExportSort" name="test_compliance_export_sorted[gross]" time="0.072" /><testcase classname="test_iter98_payroll_rules.TestTextilePolicy2" name="test_under_8h_all_ot" time="1.798" /><testcase classname="test_iter98_payroll_rules.TestOTBasis" name="test_gross_yields_higher_wbasic" time="0.357" /></testsuite></testsuites>