<?xml version="1.0" encoding="utf-8"?><testsuites name="pytest tests"><testsuite name="pytest" errors="0" failures="0" skipped="0" tests="11" time="5.243" timestamp="2026-07-04T10:44:34.734303+00:00" hostname="agent-env-e4e7ee8d-8a9b-4acb-8b08-f878545854bb"><testcase classname="test_iter49_temp_creds_and_roster.TestCreateCompanyWithBothChannels" name="test_response_contains_temp_credentials" time="1.142" /><testcase classname="test_iter49_temp_creds_and_roster.TestCreateCompanyWithBothChannels" name="test_response_does_not_leak_hashes" time="0.000" /><testcase classname="test_iter49_temp_creds_and_roster.TestCreateCompanyPhoneOnly" name="test_no_email_means_no_temp_password" time="0.346" /><testcase classname="test_iter49_temp_creds_and_roster.TestCompanyDetailsShowsTempCredsUntilChanged" name="test_details_shows_plaintext_before_pin_change" time="0.045" /><testcase classname="test_iter49_temp_creds_and_roster.TestPinChangeWipesPlaintext" name="test_pin_change_flow" time="0.797" /><testcase classname="test_iter49_temp_creds_and_roster.TestPasswordChangeWipesPlaintext" name="test_password_flow" time="0.838" /><testcase classname="test_iter49_temp_creds_and_roster.TestSuperAdminResetsRegenerate" name="test_reset_pin_endpoint" time="0.349" /><testcase classname="test_iter49_temp_creds_and_roster.TestSuperAdminResetsRegenerate" name="test_reset_password_endpoint" time="0.353" /><testcase classname="test_iter49_temp_creds_and_roster.TestSecurityNoLeaks" name="test_no_leak_on_auth_me" time="0.427" /><testcase classname="test_iter49_temp_creds_and_roster.TestSecurityNoLeaks" name="test_no_leak_on_admin_employees" time="0.043" /><testcase classname="test_iter49_temp_creds_and_roster.TestRoster" name="test_get_and_mark_roster" time="0.836" /></testsuite></testsuites>