<?xml version="1.0" encoding="utf-8"?><testsuites name="pytest tests"><testsuite name="pytest" errors="0" failures="0" skipped="0" tests="9" time="4.868" timestamp="2026-07-07T03:51:11.470505+00:00" hostname="agent-env-e4e7ee8d-8a9b-4acb-8b08-f878545854bb"><testcase classname="test_iter80_ot_threshold_and_orphan_admin.TestBug1KankaniThreshold" name="test_monthly_grid_10h_no_ot" time="1.284" /><testcase classname="test_iter80_ot_threshold_and_orphan_admin.TestBug1KankaniThreshold" name="test_monthly_grid_14h_shows_2h_ot" time="0.034" /><testcase classname="test_iter80_ot_threshold_and_orphan_admin.TestBug1KankaniThreshold" name="test_ot_report_only_14h_day" time="0.073" /><testcase classname="test_iter80_ot_threshold_and_orphan_admin.TestBug1Policy1BaselineStillWorks" name="test_policy1_10h_shows_2h_ot" time="0.763" /><testcase classname="test_iter80_ot_threshold_and_orphan_admin.TestBug1Policy1BaselineStillWorks" name="test_policy1_ot_report_shows_row" time="0.073" /><testcase classname="test_iter80_ot_threshold_and_orphan_admin.TestBug2OrphanAdminAutoHeal" name="test_orphan_phone_and_email_auto_heal_on_reuse" time="1.391" /><testcase classname="test_iter80_ot_threshold_and_orphan_admin.TestBug2OrphanAdminAutoHeal" name="test_live_firm_admin_phone_reuse_returns_409" time="0.544" /><testcase classname="test_iter80_ot_threshold_and_orphan_admin.TestBug2OrphanAdminAutoHeal" name="test_live_firm_admin_email_reuse_returns_409" time="0.545" /><testcase classname="test_iter80_ot_threshold_and_orphan_admin.TestBug2OrphanAdminAutoHeal" name="test_super_admin_phone_is_never_auto_healed" time="0.071" /></testsuite></testsuites>