<?xml version="1.0" encoding="utf-8"?><testsuites name="pytest tests"><testsuite name="pytest" errors="0" failures="0" skipped="0" tests="9" time="1.529" timestamp="2026-07-17T04:16:41.250674+00:00" hostname="agent-env-e4e7ee8d-8a9b-4acb-8b08-f878545854bb"><testcase classname="test_iter164_onroll_gating.TestOffrollGate" name="test_precondition_offline_salary_disabled" time="0.003" /><testcase classname="test_iter164_onroll_gating.TestOffrollGate" name="test_user_role_patch_offroll_rejected" time="0.441" /><testcase classname="test_iter164_onroll_gating.TestOffrollGate" name="test_profile_patch_offroll_rejected" time="0.088" /><testcase classname="test_iter164_onroll_gating.TestOffrollGate" name="test_user_role_patch_onroll_true_ok" time="0.211" /><testcase classname="test_iter164_onroll_gating.TestCreateCoercion" name="test_create_coerces_offroll_to_onroll_when_disabled" time="0.349" /><testcase classname="test_iter164_onroll_gating.TestCreateCoercion" name="test_cleanup_temp_employee" time="0.001" /><testcase classname="test_iter164_onroll_gating.TestOffrollWhenEnabled" name="test_enable_offline_and_offroll_allowed" time="0.080" /><testcase classname="test_iter164_onroll_gating.TestComplianceExcludesOffroll" name="test_compliance_run_excludes_offroll_target" time="0.112" /><testcase classname="test_iter164_onroll_gating.TestComplianceExcludesOffroll" name="test_compliance_run_with_null_is_onroll_still_excludes_offroll" time="0.103" /></testsuite></testsuites>