<?xml version="1.0" encoding="utf-8"?><testsuites name="pytest tests"><testsuite name="pytest" errors="0" failures="0" skipped="0" tests="3" time="0.720" timestamp="2026-07-01T14:58:30.048837+00:00" hostname="agent-env-e4e7ee8d-8a9b-4acb-8b08-f878545854bb"><testcase classname="test_iter21_biometric_smoke.TestHealth" name="test_root" time="0.126" /><testcase classname="test_iter21_biometric_smoke.TestOtpLogin" name="test_otp_email_request_and_verify" time="0.491" /><testcase classname="test_iter21_biometric_smoke.TestPinLoginInvalid" name="test_pin_login_bad_credentials_returns_error" time="0.041" /></testsuite></testsuites>