<?xml version="1.0" encoding="utf-8"?><testsuites name="pytest tests"><testsuite name="pytest" errors="0" failures="0" skipped="0" tests="7" time="2.207" timestamp="2026-07-04T17:11:36.156272+00:00" hostname="agent-env-e4e7ee8d-8a9b-4acb-8b08-f878545854bb"><testcase classname="test_iter54_salary_runs.TestSalaryRunSchema" name="test_create_salary_run_no_pf_esi_tds" time="0.917" /><testcase classname="test_iter54_salary_runs.TestSalaryRunSchema" name="test_list_salary_runs_no_forbidden_keys" time="0.077" /><testcase classname="test_iter54_salary_runs.TestSalaryRunSchema" name="test_reprocess_no_forbidden_keys" time="0.102" /><testcase classname="test_iter54_salary_runs.TestExports" name="test_csv_export" time="0.079" /><testcase classname="test_iter54_salary_runs.TestExports" name="test_pdf_export" time="0.178" /><testcase classname="test_iter54_salary_runs.TestGeneratePayslips" name="test_generate_payslips_breakup_clean" time="0.217" /><testcase classname="test_iter54_salary_runs.TestAdvanceBalance" name="test_patch_advance_balance_flows_into_run" time="0.553" /></testsuite></testsuites>