<?xml version="1.0" encoding="utf-8"?><testsuites name="pytest tests"><testsuite name="pytest" errors="0" failures="1" skipped="0" tests="9" time="4.773" timestamp="2026-07-07T04:18:48.064056+00:00" hostname="agent-env-e4e7ee8d-8a9b-4acb-8b08-f878545854bb"><testcase classname="test_iter80_ot_threshold_and_orphan_admin.TestBug1KankaniThreshold" name="test_monthly_grid_10h_no_ot" time="1.245" /><testcase classname="test_iter80_ot_threshold_and_orphan_admin.TestBug1KankaniThreshold" name="test_monthly_grid_14h_shows_2h_ot" time="0.031"><failure message="AssertionError: {'in': '06:00', 'out': '20:00', 'ot_in': None, 'ot_out': None, ...}&#10;assert 0.0 == 2.0 ± 0.05&#10;  &#10;  comparison failed&#10;  Obtained: 0.0&#10;  Expected: 2.0 ± 0.05">backend/tests/test_iter80_ot_threshold_and_orphan_admin.py:204: in test_monthly_grid_14h_shows_2h_ot
    assert cell_14h["ot_hours"] == pytest.approx(2.0, abs=0.05), cell_14h
E   AssertionError: {'in': '06:00', 'out': '20:00', 'ot_in': None, 'ot_out': None, ...}
E   assert 0.0 == 2.0 ± 0.05
E     
E     comparison failed
E     Obtained: 0.0
E     Expected: 2.0 ± 0.05</failure></testcase><testcase classname="test_iter80_ot_threshold_and_orphan_admin.TestBug1KankaniThreshold" name="test_ot_report_only_14h_day" time="0.043" /><testcase classname="test_iter80_ot_threshold_and_orphan_admin.TestBug1Policy1BaselineStillWorks" name="test_policy1_10h_shows_2h_ot" time="0.749" /><testcase classname="test_iter80_ot_threshold_and_orphan_admin.TestBug1Policy1BaselineStillWorks" name="test_policy1_ot_report_shows_row" time="0.074" /><testcase classname="test_iter80_ot_threshold_and_orphan_admin.TestBug2OrphanAdminAutoHeal" name="test_orphan_phone_and_email_auto_heal_on_reuse" time="1.391" /><testcase classname="test_iter80_ot_threshold_and_orphan_admin.TestBug2OrphanAdminAutoHeal" name="test_live_firm_admin_phone_reuse_returns_409" time="0.542" /><testcase classname="test_iter80_ot_threshold_and_orphan_admin.TestBug2OrphanAdminAutoHeal" name="test_live_firm_admin_email_reuse_returns_409" time="0.543" /><testcase classname="test_iter80_ot_threshold_and_orphan_admin.TestBug2OrphanAdminAutoHeal" name="test_super_admin_phone_is_never_auto_healed" time="0.070" /></testsuite></testsuites>