<?xml version="1.0" encoding="utf-8"?><testsuites name="pytest tests"><testsuite name="pytest" errors="0" failures="0" skipped="0" tests="21" time="3.191" timestamp="2026-07-03T09:49:45.285598+00:00" hostname="agent-env-e4e7ee8d-8a9b-4acb-8b08-f878545854bb"><testcase classname="test_messaging_iter41.TestSendValidation" name="test_empty_subject_returns_400" time="0.291" /><testcase classname="test_messaging_iter41.TestSendValidation" name="test_empty_body_returns_400" time="0.103" /><testcase classname="test_messaging_iter41.TestSendValidation" name="test_no_broadcast_no_recipients_returns_400" time="0.090" /><testcase classname="test_messaging_iter41.TestSendValidation" name="test_employee_cannot_send_403" time="0.079" /><testcase classname="test_messaging_iter41.TestBroadcast" name="test_company_admin_broadcast_includes_only_own_employees" time="0.221" /><testcase classname="test_messaging_iter41.TestBroadcast" name="test_super_admin_broadcast_no_company_id_reaches_all_companies" time="0.091" /><testcase classname="test_messaging_iter41.TestBroadcast" name="test_super_admin_broadcast_scoped_to_company_id" time="0.072" /><testcase classname="test_messaging_iter41.TestExplicitRecipients" name="test_company_admin_filters_out_of_scope_silently" time="0.078" /><testcase classname="test_messaging_iter41.TestExplicitRecipients" name="test_company_admin_all_out_of_scope_returns_400" time="0.105" /><testcase classname="test_messaging_iter41.TestInboxRead" name="test_inbox_contains_message_no_readby_field" time="0.166" /><testcase classname="test_messaging_iter41.TestInboxRead" name="test_non_recipient_does_not_see_message" time="0.200" /><testcase classname="test_messaging_iter41.TestInboxRead" name="test_mark_read_flow_and_idempotent" time="0.527" /><testcase classname="test_messaging_iter41.TestInboxRead" name="test_mark_read_non_recipient_403" time="0.148" /><testcase classname="test_messaging_iter41.TestInboxRead" name="test_mark_read_unknown_id_404" time="0.097" /><testcase classname="test_messaging_iter41.TestSent" name="test_sent_only_shows_callers_messages_with_counts" time="0.255" /><testcase classname="test_messaging_iter41.TestSent" name="test_sent_forbidden_for_employee" time="0.072" /><testcase classname="test_messaging_iter41.TestRecipientsList" name="test_company_admin_sees_only_own_employees" time="0.084" /><testcase classname="test_messaging_iter41.TestRecipientsList" name="test_company_admin_cannot_cross_company_via_query" time="0.119" /><testcase classname="test_messaging_iter41.TestRecipientsList" name="test_super_admin_can_filter_by_company_id" time="0.068" /><testcase classname="test_messaging_iter41.TestRecipientsList" name="test_q_substring_case_insensitive_on_name" time="0.089" /><testcase classname="test_messaging_iter41.TestRecipientsList" name="test_q_substring_on_employee_code" time="0.079" /></testsuite></testsuites>