<?xml version="1.0" encoding="utf-8"?><testsuites name="pytest tests"><testsuite name="pytest" errors="0" failures="0" skipped="0" tests="17" time="4.001" timestamp="2026-07-08T14:48:03.397446+00:00" hostname="agent-env-e4e7ee8d-8a9b-4acb-8b08-f878545854bb"><testcase classname="test_iter90_employee_kyc.TestAuthGuard" name="test_patch_without_token_returns_401" time="0.740" /><testcase classname="test_iter90_employee_kyc.TestAuthGuard" name="test_get_without_token_returns_401" time="0.115" /><testcase classname="test_iter90_employee_kyc.TestAuthGuard" name="test_patch_bad_token" time="0.093" /><testcase classname="test_iter90_employee_kyc.TestRoleGuard" name="test_employee_cannot_patch" time="0.299" /><testcase classname="test_iter90_employee_kyc.TestHappyPathSuperAdmin" name="test_patch_and_get_persist" time="0.211" /><testcase classname="test_iter90_employee_kyc.TestFormatValidation" name="test_aadhaar_short_returns_400" time="0.140" /><testcase classname="test_iter90_employee_kyc.TestFormatValidation" name="test_pan_bad_format_returns_400" time="0.101" /><testcase classname="test_iter90_employee_kyc.TestFormatValidation" name="test_ifsc_bad_format_returns_400" time="0.119" /><testcase classname="test_iter90_employee_kyc.TestImmutability" name="test_aadhaar_immutability" time="0.578" /><testcase classname="test_iter90_employee_kyc.TestDisabilityPercent" name="test_disability_percent_clamps_to_100" time="0.452" /><testcase classname="test_iter90_employee_kyc.TestDisabilityPercent" name="test_disability_percent_bad_value_returns_400" time="0.112" /><testcase classname="test_iter90_employee_kyc.TestCrossFirmGuard" name="test_kankani_admin_cannot_patch_non_kankani" time="0.450" /><testcase classname="test_iter90_employee_kyc.TestEmptyPayload" name="test_empty_body_returns_400" time="0.093" /><testcase classname="test_iter90_employee_kyc.TestAuditTrail" name="test_kyc_history_row_written" time="0.092" /><testcase classname="test_iter90_employee_kyc.TestAuditTrail" name="test_kyc_history_defaults_source_manual" time="0.103" /><testcase classname="test_iter90_employee_kyc.TestUnknownEmployee" name="test_patch_unknown_user_returns_404" time="0.093" /><testcase classname="test_iter90_employee_kyc.TestUnknownEmployee" name="test_get_unknown_user_returns_404" time="0.109" /></testsuite></testsuites>