<?xml version="1.0" encoding="utf-8"?><testsuites name="pytest tests"><testsuite name="pytest" errors="0" failures="0" skipped="1" tests="9" time="2.889" timestamp="2026-07-08T04:43:11.870332+00:00" hostname="agent-env-e4e7ee8d-8a9b-4acb-8b08-f878545854bb"><testcase classname="test_iter85_review.TestDesignationMaster" name="test_kankani_designations_seeded" time="0.263" /><testcase classname="test_iter85_review.TestSalaryModeCompute" name="test_daily_mode_formula" time="1.805" /><testcase classname="test_iter85_review.TestSalaryModeCompute" name="test_hourly_mode_formula" time="0.000" /><testcase classname="test_iter85_review.TestSalaryModeCompute" name="test_monthly_mode_regression" time="0.000" /><testcase classname="test_iter85_review.TestActualSalaryProcessLive" name="test_biometric_p_days_matches_total_days_int" time="0.339" /><testcase classname="test_iter85_review.TestActualSalaryProcessLive" name="test_salary_mode_daily_rows_use_daily_formula" time="0.000" /><testcase classname="test_iter85_review.TestActualSalaryProcessLive" name="test_salary_mode_hourly_rows_use_hourly_formula" time="0.000"><skipped type="pytest.skip" message="No hourly-mode employees in Kankani for 2025-11">/app/backend/tests/test_iter85_review.py:224: No hourly-mode employees in Kankani for 2025-11</skipped></testcase><testcase classname="test_iter85_review.TestActualSalaryProcessLive" name="test_patch_p_days_on_biometric_run" time="0.095" /><testcase classname="test_iter85_review.TestComplianceEnabledAllowances" name="test_toggle_basic_hra_only" time="0.302" /></testsuite></testsuites>