<?xml version="1.0" encoding="utf-8"?><testsuites name="pytest tests"><testsuite name="pytest" errors="0" failures="0" skipped="0" tests="7" time="6.628" timestamp="2026-07-04T04:54:54.088768+00:00" hostname="agent-env-e4e7ee8d-8a9b-4acb-8b08-f878545854bb"><testcase classname="test_iter48_debounce_and_super_override.TestAutoPunchDebounce" name="test_02_first_auto_in_not_debounced" time="1.309" /><testcase classname="test_iter48_debounce_and_super_override.TestAutoPunchDebounce" name="test_03_rapid_auto_out_is_debounced" time="0.780" /><testcase classname="test_iter48_debounce_and_super_override.TestAutoPunchDebounce" name="test_04_manual_never_debounced" time="0.788" /><testcase classname="test_iter48_debounce_and_super_override.TestAutoPunchDebounce" name="test_05_after_25min_flows_normally" time="0.806" /><testcase classname="test_iter48_debounce_and_super_override.TestSuperAdminRetroEdit" name="test_06_07_super_admin_can_reapprove" time="0.933" /><testcase classname="test_iter48_debounce_and_super_override.TestSuperAdminRetroEdit" name="test_08_09_super_admin_reject_without_reason" time="0.933" /><testcase classname="test_iter48_debounce_and_super_override.TestSuperAdminRetroEdit" name="test_10_super_admin_adjust" time="0.930" /></testsuite></testsuites>