<?xml version="1.0" encoding="utf-8"?><testsuites name="pytest tests"><testsuite name="pytest" errors="0" failures="0" skipped="0" tests="5" time="1.579" timestamp="2026-07-08T04:17:12.267693+00:00" hostname="agent-env-e4e7ee8d-8a9b-4acb-8b08-f878545854bb"><testcase classname="test_pdays_phours_unlock.TestPDaysPHoursUnlockBiometric" name="test_patch_p_days_on_biometric_run" time="0.912" /><testcase classname="test_pdays_phours_unlock.TestPDaysPHoursUnlockBiometric" name="test_patch_p_hours_on_biometric_run" time="0.087" /><testcase classname="test_pdays_phours_unlock.TestPDaysPHoursUnlockBiometric" name="test_patch_p_days_cap_enforced" time="0.073" /><testcase classname="test_pdays_phours_unlock.TestPDaysPHoursUnlockBiometric" name="test_downstream_recompute" time="0.088" /><testcase classname="test_pdays_phours_unlock.TestPDaysPHoursManualRegression" name="test_patch_p_days_on_manual_run" time="0.349" /></testsuite></testsuites>