<?xml version="1.0" encoding="utf-8"?><testsuites name="pytest tests"><testsuite name="pytest" errors="0" failures="0" skipped="0" tests="20" time="2.659" timestamp="2026-07-03T06:36:19.989042+00:00" hostname="agent-env-e4e7ee8d-8a9b-4acb-8b08-f878545854bb"><testcase classname="test_iter38_ticket_attachments.TestCreateTicketAttachments" name="test_create_with_pdf_jpeg_png" time="0.310" /><testcase classname="test_iter38_ticket_attachments.TestCreateTicketAttachments" name="test_data_url_prefix_stripped" time="0.204" /><testcase classname="test_iter38_ticket_attachments.TestCreateTicketAttachments" name="test_no_attachments_is_allowed" time="0.069" /><testcase classname="test_iter38_ticket_attachments.TestCreateTicketValidation" name="test_reject_more_than_5_files" time="0.221" /><testcase classname="test_iter38_ticket_attachments.TestCreateTicketValidation" name="test_reject_oversize_file" time="0.250" /><testcase classname="test_iter38_ticket_attachments.TestCreateTicketValidation" name="test_reject_bad_base64" time="0.086" /><testcase classname="test_iter38_ticket_attachments.TestCreateTicketValidation" name="test_reject_disallowed_mime" time="0.086" /><testcase classname="test_iter38_ticket_attachments.TestPersistence" name="test_all_bodies_persist_in_db" time="0.087" /><testcase classname="test_iter38_ticket_attachments.TestListTickets" name="test_list_mine_no_base64" time="0.078" /><testcase classname="test_iter38_ticket_attachments.TestListTickets" name="test_list_all_admin_no_base64" time="0.072" /><testcase classname="test_iter38_ticket_attachments.TestListTickets" name="test_list_all_super_admin" time="0.069" /><testcase classname="test_iter38_ticket_attachments.TestListTickets" name="test_legacy_ticket_returns_empty_attachments" time="0.075" /><testcase classname="test_iter38_ticket_attachments.TestAttachmentAuthZ" name="test_owner_employee_can_view" time="0.138" /><testcase classname="test_iter38_ticket_attachments.TestAttachmentAuthZ" name="test_other_employee_same_company_forbidden" time="0.068" /><testcase classname="test_iter38_ticket_attachments.TestAttachmentAuthZ" name="test_company_admin_in_same_company_can_view" time="0.098" /><testcase classname="test_iter38_ticket_attachments.TestAttachmentAuthZ" name="test_company_admin_other_company_forbidden" time="0.089" /><testcase classname="test_iter38_ticket_attachments.TestAttachmentAuthZ" name="test_super_admin_can_view" time="0.074" /><testcase classname="test_iter38_ticket_attachments.TestAttachmentAuthZ" name="test_unknown_ticket_id_404" time="0.071" /><testcase classname="test_iter38_ticket_attachments.TestAttachmentAuthZ" name="test_out_of_range_index_404" time="0.117" /><testcase classname="test_iter38_ticket_attachments.TestPatchRegression" name="test_status_update" time="0.244" /></testsuite></testsuites>