<?xml version="1.0" encoding="utf-8"?><testsuites name="pytest tests"><testsuite name="pytest" errors="0" failures="1" skipped="0" tests="21" time="8.328" timestamp="2026-07-04T16:32:24.282700+00:00" hostname="agent-env-e4e7ee8d-8a9b-4acb-8b08-f878545854bb"><testcase classname="test_iter52_textile_backdate_grouping.TestTextilePresets" name="test_presets_include_textile" time="0.434"><failure message="AssertionError: No preset advertises 5 textile shifts + policy_variant='policy_1'. presets=['hospital', 'hotel_resort', 'industry', 'service_provider', 'it_company', 'construction', 'school', 'automobile', 'other']&#10;assert None is not None">test_iter52_textile_backdate_grouping.py:175: in test_presets_include_textile
    assert textile_match is not None, (
E   AssertionError: No preset advertises 5 textile shifts + policy_variant='policy_1'. presets=['hospital', 'hotel_resort', 'industry', 'service_provider', 'it_company', 'construction', 'school', 'automobile', 'other']
E   assert None is not None</failure></testcase><testcase classname="test_iter52_textile_backdate_grouping.TestPolicyPatchValidation" name="test_patch_policy_variant_policy_2" time="1.507" /><testcase classname="test_iter52_textile_backdate_grouping.TestPolicyPatchValidation" name="test_invalid_policy_variant_returns_400" time="0.148" /><testcase classname="test_iter52_textile_backdate_grouping.TestPolicyPatchValidation" name="test_invalid_rounding_returns_400" time="0.144" /><testcase classname="test_iter52_textile_backdate_grouping.TestTextileComputeDay" name="test_policy_1_normal_day_12h" time="0.549" /><testcase classname="test_iter52_textile_backdate_grouping.TestTextileComputeDay" name="test_policy_2_weekly_off_all_ot" time="0.576" /><testcase classname="test_iter52_textile_backdate_grouping.TestPerEmployeeTextileFlags" name="test_flags_persist_and_echo" time="0.105" /><testcase classname="test_iter52_textile_backdate_grouping.TestManualPunchCreate" name="test_create_manual_punch_basic" time="0.075" /><testcase classname="test_iter52_textile_backdate_grouping.TestManualPunchCreate" name="test_missing_reason_returns_400" time="0.069" /><testcase classname="test_iter52_textile_backdate_grouping.TestManualPunchCreate" name="test_company_admin_cannot_add_older_than_90_days" time="0.561" /><testcase classname="test_iter52_textile_backdate_grouping.TestManualPunchEdit" name="test_edit_preserves_original_at_and_records_editor" time="0.076" /><testcase classname="test_iter52_textile_backdate_grouping.TestManualPunchEdit" name="test_edit_missing_reason_returns_400" time="0.071" /><testcase classname="test_iter52_textile_backdate_grouping.TestManualPunchDeleteAndAudit" name="test_delete_then_audit_shows_all_three_actions" time="0.114" /><testcase classname="test_iter52_textile_backdate_grouping.TestAttendanceHistory" name="test_history_filters_by_user_and_date" time="0.214" /><testcase classname="test_iter52_textile_backdate_grouping.TestCrossCompanyScoping" name="test_company_admin_cannot_edit_other_company_punch" time="1.633" /><testcase classname="test_iter52_textile_backdate_grouping.TestEmployeeGrouping" name="test_employee_type_title_cased" time="0.064" /><testcase classname="test_iter52_textile_backdate_grouping.TestEmployeeGrouping" name="test_is_onroll_false_persists" time="0.107" /><testcase classname="test_iter52_textile_backdate_grouping.TestEmployeeGrouping" name="test_list_filter_by_employee_type_and_onroll" time="0.149" /><testcase classname="test_iter52_textile_backdate_grouping.TestEmployeeGrouping" name="test_employee_type_unset_filter" time="0.994" /><testcase classname="test_iter52_textile_backdate_grouping.TestEmployeeTypesDistinct" name="test_distinct_types_sorted_by_count" time="0.422" /><testcase classname="test_iter52_textile_backdate_grouping.TestSanity" name="test_backend_reachable" time="0.178" /></testsuite></testsuites>