<?xml version="1.0" encoding="utf-8"?><testsuites name="pytest tests"><testsuite name="pytest" errors="0" failures="0" skipped="0" tests="3" time="1.143" timestamp="2026-07-01T09:19:07.835523+00:00" hostname="agent-env-e4e7ee8d-8a9b-4acb-8b08-f878545854bb"><testcase classname="test_admin_pin_login_iter12.TestAdminPinLoginFreshPin" name="test_email_identifier_pin_246810_returns_200" time="0.483" /><testcase classname="test_admin_pin_login_iter12.TestAdminPinLoginFreshPin" name="test_phone_identifier_pin_246810_returns_200" time="0.300" /><testcase classname="test_admin_pin_login_iter12.TestAdminPinLoginFreshPin" name="test_wrong_pin_returns_401" time="0.296" /></testsuite></testsuites>