<?xml version="1.0" encoding="utf-8"?><testsuites name="pytest tests"><testsuite name="pytest" errors="0" failures="0" skipped="0" tests="16" time="13.236" timestamp="2026-07-06T05:13:04.672895+00:00" hostname="agent-env-e4e7ee8d-8a9b-4acb-8b08-f878545854bb"><testcase classname="test_iter73_ai_insights.TestAuthGuardNoToken" name="test_firms_requires_token" time="0.266" /><testcase classname="test_iter73_ai_insights.TestAuthGuardNoToken" name="test_ask_requires_token" time="0.070" /><testcase classname="test_iter73_ai_insights.TestAuthGuardNoToken" name="test_summary_requires_token" time="0.069" /><testcase classname="test_iter73_ai_insights.TestAuthGuardNoToken" name="test_anomalies_requires_token" time="0.074" /><testcase classname="test_iter73_ai_insights.TestAuthGuardBadToken" name="test_firms_bad_token" time="0.068" /><testcase classname="test_iter73_ai_insights.TestAuthGuardEmployee" name="test_firms_forbidden_for_employee" time="0.221" /><testcase classname="test_iter73_ai_insights.TestAuthGuardEmployee" name="test_ask_forbidden_for_employee" time="0.072" /><testcase classname="test_iter73_ai_insights.TestAuthGuardEmployee" name="test_summary_forbidden_for_employee" time="0.047" /><testcase classname="test_iter73_ai_insights.TestAuthGuardEmployee" name="test_anomalies_forbidden_for_employee" time="0.071" /><testcase classname="test_iter73_ai_insights.TestFirmsList" name="test_firms_ok" time="0.171" /><testcase classname="test_iter73_ai_insights.TestAiAsk" name="test_ask_returns_nonempty_reply" time="2.352" /><testcase classname="test_iter73_ai_insights.TestAiAsk" name="test_ask_missing_question_400" time="0.071" /><testcase classname="test_iter73_ai_insights.TestAiSummary" name="test_summary_ok" time="5.841" /><testcase classname="test_iter73_ai_insights.TestAiSummary" name="test_summary_bad_month_400" time="0.072" /><testcase classname="test_iter73_ai_insights.TestAiAnomalies" name="test_anomalies_ok" time="3.611" /><testcase classname="test_iter73_ai_insights.TestBulkImportSmoke" name="test_bulk_import_endpoint_exists" time="0.071" /></testsuite></testsuites>