<?xml version="1.0" encoding="utf-8"?><testsuites name="pytest tests"><testsuite name="pytest" errors="0" failures="1" skipped="0" tests="9" time="3.410" timestamp="2026-07-02T03:57:34.768127+00:00" hostname="agent-env-e4e7ee8d-8a9b-4acb-8b08-f878545854bb"><testcase classname="test_iter25_phase_c.TestEmployeeCodeGeneration" name="test_post_company_persists_company_code" time="0.221"><failure message="AssertionError: POST /companies did NOT persist company_code='SKS' — got '6B8DAC'. BUG: CompanyCreate model is missing `company_code` field AND create_company() does not pass it to Company(...).&#10;assert '6B8DAC' == 'SKS'&#10;  &#10;  - SKS&#10;  + 6B8DAC">backend/tests/test_iter25_phase_c.py:83: in test_post_company_persists_company_code
    assert c.get("company_code") == "SKS", (
E   AssertionError: POST /companies did NOT persist company_code='SKS' — got '6B8DAC'. BUG: CompanyCreate model is missing `company_code` field AND create_company() does not pass it to Company(...).
E   assert '6B8DAC' == 'SKS'
E     
E     - SKS
E     + 6B8DAC</failure></testcase><testcase classname="test_iter25_phase_c.TestEmployeeCodeGeneration" name="test_sequential_codes_and_patch" time="1.562" /><testcase classname="test_iter25_phase_c.TestCompanyUpdate" name="test_patch_accepts_multiple_fields" time="0.136" /><testcase classname="test_iter25_phase_c.TestKyc" name="test_get_initial_kyc" time="0.652" /><testcase classname="test_iter25_phase_c.TestKyc" name="test_patch_happy_path" time="0.341" /><testcase classname="test_iter25_phase_c.TestKyc" name="test_patch_validation_aadhar_short" time="0.068" /><testcase classname="test_iter25_phase_c.TestKyc" name="test_patch_validation_pan_bad" time="0.063" /><testcase classname="test_iter25_phase_c.TestKyc" name="test_patch_validation_dl_short" time="0.071" /><testcase classname="test_iter25_phase_c.TestKyc" name="test_no_auth_returns_401" time="0.129" /></testsuite></testsuites>