<?xml version="1.0" encoding="utf-8"?><testsuites name="pytest tests"><testsuite name="pytest" errors="0" failures="0" skipped="0" tests="12" time="2.803" timestamp="2026-07-02T04:37:08.927720+00:00" hostname="agent-env-e4e7ee8d-8a9b-4acb-8b08-f878545854bb"><testcase classname="test_iter27_phase_d.TestKycBankDetails" name="test_get_initial_bank_fields_null" time="1.517" /><testcase classname="test_iter27_phase_d.TestKycBankDetails" name="test_bank_account_strips_spaces_and_persists" time="0.155" /><testcase classname="test_iter27_phase_d.TestKycBankDetails" name="test_bank_name_stored" time="0.080" /><testcase classname="test_iter27_phase_d.TestKycBankDetails" name="test_ifsc_uppercased" time="0.078" /><testcase classname="test_iter27_phase_d.TestKycBankDetails" name="test_name_as_per_bank_stored" time="0.075" /><testcase classname="test_iter27_phase_d.TestKycBankDetails" name="test_empty_string_clears_bank_fields" time="0.303" /><testcase classname="test_iter27_phase_d.TestKycBankDetails" name="test_bank_account_too_short" time="0.068" /><testcase classname="test_iter27_phase_d.TestKycBankDetails" name="test_ifsc_bad" time="0.078" /><testcase classname="test_iter27_phase_d.TestPunchSource" name="test_punch_default_source_manual" time="0.081" /><testcase classname="test_iter27_phase_d.TestPunchSource" name="test_punch_source_geofence_auto" time="0.069" /><testcase classname="test_iter27_phase_d.TestPunchSource" name="test_punch_outside_geofence_still_400" time="0.080" /><testcase classname="test_iter27_phase_d.TestAuthMeCompany" name="test_employee_me_includes_company_block" time="0.080" /></testsuite></testsuites>