<?xml version="1.0" encoding="utf-8"?><testsuites name="pytest tests"><testsuite name="pytest" errors="0" failures="0" skipped="0" tests="9" time="5.227" timestamp="2026-07-07T04:09:55.477620+00:00" hostname="agent-env-e4e7ee8d-8a9b-4acb-8b08-f878545854bb"><testcase classname="test_iter81_dedup_and_duty_totals.TestFix1Dedup" name="test_grid_cell_dedups_to_four_punches" time="0.935" /><testcase classname="test_iter81_dedup_and_duty_totals.TestFix1Dedup" name="test_grid_hours_approx_4" time="0.031" /><testcase classname="test_iter81_dedup_and_duty_totals.TestFix1Dedup" name="test_ot_report_surface_also_dedups" time="0.645" /><testcase classname="test_iter81_dedup_and_duty_totals.TestFix1Dedup" name="test_dedup_regression_16min_apart_both_kept" time="0.602" /><testcase classname="test_iter81_dedup_and_duty_totals.TestFix1Dedup" name="test_dedup_cross_source_both_kept" time="0.604" /><testcase classname="test_iter81_dedup_and_duty_totals.TestFix2DutyHoursIncludesOT" name="test_totals_duty_hours_equals_totals_hours" time="0.604" /><testcase classname="test_iter81_dedup_and_duty_totals.TestFix3DutyHoursSchema" name="test_every_row_has_duty_hours_totals_field" time="0.031" /><testcase classname="test_iter81_dedup_and_duty_totals.TestRegressionIter77qOTThreshold" name="test_full_day_hours_used_as_ot_threshold" time="0.603" /><testcase classname="test_iter81_dedup_and_duty_totals.TestRegressionIter77rOrphanAutoHeal" name="test_orphan_phone_email_reuse_after_force_delete" time="1.027" /></testsuite></testsuites>