<?xml version="1.0" encoding="utf-8"?><testsuites name="pytest tests"><testsuite name="pytest" errors="0" failures="0" skipped="0" tests="23" time="6.099" timestamp="2026-07-04T10:44:20.535870+00:00" hostname="agent-env-e4e7ee8d-8a9b-4acb-8b08-f878545854bb"><testcase classname="test_iter50_master_pdf_and_docs.TestMasterPdfSingle" name="test_returns_pdf_stream" time="2.517" /><testcase classname="test_iter50_master_pdf_and_docs.TestMasterPdfSingle" name="test_inline_true_returns_inline_disposition" time="0.053" /><testcase classname="test_iter50_master_pdf_and_docs.TestMasterPdfSingle" name="test_404_for_unknown_employee" time="0.077" /><testcase classname="test_iter50_master_pdf_and_docs.TestMasterPdfBulk" name="test_super_admin_bulk_all" time="0.737" /><testcase classname="test_iter50_master_pdf_and_docs.TestMasterPdfBulk" name="test_super_admin_bulk_filtered_by_company" time="0.065" /><testcase classname="test_iter50_master_pdf_and_docs.TestDocumentsCrud" name="test_upload_png_ok" time="0.089" /><testcase classname="test_iter50_master_pdf_and_docs.TestDocumentsCrud" name="test_upload_pdf_ok" time="0.081" /><testcase classname="test_iter50_master_pdf_and_docs.TestDocumentsCrud" name="test_reject_invalid_category" time="0.044" /><testcase classname="test_iter50_master_pdf_and_docs.TestDocumentsCrud" name="test_reject_invalid_mime" time="0.042" /><testcase classname="test_iter50_master_pdf_and_docs.TestDocumentsCrud" name="test_reject_bad_base64" time="0.077" /><testcase classname="test_iter50_master_pdf_and_docs.TestDocumentsCrud" name="test_reject_too_large" time="0.395" /><testcase classname="test_iter50_master_pdf_and_docs.TestDocumentsCrud" name="test_list_docs_has_no_base64" time="0.086" /><testcase classname="test_iter50_master_pdf_and_docs.TestDocumentsCrud" name="test_get_single_doc_returns_base64_json" time="0.042" /><testcase classname="test_iter50_master_pdf_and_docs.TestDocumentsCrud" name="test_get_single_doc_inline_returns_bytes" time="0.043" /><testcase classname="test_iter50_master_pdf_and_docs.TestDocumentsCrud" name="test_delete_removes_doc" time="0.155" /><testcase classname="test_iter50_master_pdf_and_docs.TestAccessControl" name="test_employee_cannot_get_master_pdf" time="0.412" /><testcase classname="test_iter50_master_pdf_and_docs.TestAccessControl" name="test_employee_cannot_list_documents" time="0.080" /><testcase classname="test_iter50_master_pdf_and_docs.TestAccessControl" name="test_employee_cannot_upload_document" time="0.077" /><testcase classname="test_iter50_master_pdf_and_docs.TestAccessControl" name="test_no_auth_is_rejected" time="0.083" /><testcase classname="test_iter50_master_pdf_and_docs.TestAccessControl" name="test_company_admin_cannot_cross_scope" time="0.479" /><testcase classname="test_iter50_master_pdf_and_docs.TestSecureFieldsRegression" name="test_auth_me_no_sensitive" time="0.043" /><testcase classname="test_iter50_master_pdf_and_docs.TestSecureFieldsRegression" name="test_admin_employees_no_sensitive" time="0.048" /><testcase classname="test_iter50_master_pdf_and_docs.TestSnapshotPersistence" name="test_repeated_downloads_stay_pdf" time="0.268" /></testsuite></testsuites>