<?xml version="1.0" encoding="utf-8"?><testsuites name="pytest tests"><testsuite name="pytest" errors="0" failures="0" skipped="0" tests="3" time="2.012" timestamp="2026-07-02T05:55:06.892778+00:00" hostname="agent-env-e4e7ee8d-8a9b-4acb-8b08-f878545854bb"><testcase classname="test_iter29_super_admin_home.TestSuperAdminAuthRegression" name="test_super_admin_otp_login_still_works" time="0.675" /><testcase classname="test_iter29_super_admin_home.TestSuperAdminAuthRegression" name="test_attendance_summary_still_available_for_super_admin" time="0.503" /><testcase classname="test_iter29_super_admin_home.TestEmployeeAttendanceSummary" name="test_fresh_employee_can_call_summary" time="0.771" /></testsuite></testsuites>