<?xml version="1.0" encoding="utf-8"?><testsuites name="pytest tests"><testsuite name="pytest" errors="0" failures="0" skipped="0" tests="47" time="18.197" timestamp="2026-07-04T16:33:38.051751+00:00" hostname="agent-env-e4e7ee8d-8a9b-4acb-8b08-f878545854bb"><testcase classname="test_iter49_temp_creds_and_roster.TestCreateCompanyWithBothChannels" name="test_response_contains_temp_credentials" time="1.073" /><testcase classname="test_iter49_temp_creds_and_roster.TestCreateCompanyWithBothChannels" name="test_response_does_not_leak_hashes" time="0.001" /><testcase classname="test_iter49_temp_creds_and_roster.TestCreateCompanyPhoneOnly" name="test_no_email_means_no_temp_password" time="0.340" /><testcase classname="test_iter49_temp_creds_and_roster.TestCompanyDetailsShowsTempCredsUntilChanged" name="test_details_shows_plaintext_before_pin_change" time="0.039" /><testcase classname="test_iter49_temp_creds_and_roster.TestPinChangeWipesPlaintext" name="test_pin_change_flow" time="0.863" /><testcase classname="test_iter49_temp_creds_and_roster.TestPasswordChangeWipesPlaintext" name="test_password_flow" time="0.865" /><testcase classname="test_iter49_temp_creds_and_roster.TestSuperAdminResetsRegenerate" name="test_reset_pin_endpoint" time="0.349" /><testcase classname="test_iter49_temp_creds_and_roster.TestSuperAdminResetsRegenerate" name="test_reset_password_endpoint" time="0.345" /><testcase classname="test_iter49_temp_creds_and_roster.TestSecurityNoLeaks" name="test_no_leak_on_auth_me" time="0.394" /><testcase classname="test_iter49_temp_creds_and_roster.TestSecurityNoLeaks" name="test_no_leak_on_admin_employees" time="0.050" /><testcase classname="test_iter49_temp_creds_and_roster.TestRoster" name="test_get_and_mark_roster" time="0.703" /><testcase classname="test_iter50_master_pdf_and_docs.TestMasterPdfSingle" name="test_returns_pdf_stream" time="2.451" /><testcase classname="test_iter50_master_pdf_and_docs.TestMasterPdfSingle" name="test_inline_true_returns_inline_disposition" time="0.051" /><testcase classname="test_iter50_master_pdf_and_docs.TestMasterPdfSingle" name="test_404_for_unknown_employee" time="0.076" /><testcase classname="test_iter50_master_pdf_and_docs.TestMasterPdfBulk" name="test_super_admin_bulk_all" time="0.922" /><testcase classname="test_iter50_master_pdf_and_docs.TestMasterPdfBulk" name="test_super_admin_bulk_filtered_by_company" time="0.064" /><testcase classname="test_iter50_master_pdf_and_docs.TestDocumentsCrud" name="test_upload_png_ok" time="0.036" /><testcase classname="test_iter50_master_pdf_and_docs.TestDocumentsCrud" name="test_upload_pdf_ok" time="0.076" /><testcase classname="test_iter50_master_pdf_and_docs.TestDocumentsCrud" name="test_reject_invalid_category" time="0.079" /><testcase classname="test_iter50_master_pdf_and_docs.TestDocumentsCrud" name="test_reject_invalid_mime" time="0.076" /><testcase classname="test_iter50_master_pdf_and_docs.TestDocumentsCrud" name="test_reject_bad_base64" time="0.106" /><testcase classname="test_iter50_master_pdf_and_docs.TestDocumentsCrud" name="test_reject_too_large" time="0.447" /><testcase classname="test_iter50_master_pdf_and_docs.TestDocumentsCrud" name="test_list_docs_has_no_base64" time="0.075" /><testcase classname="test_iter50_master_pdf_and_docs.TestDocumentsCrud" name="test_get_single_doc_returns_base64_json" time="0.079" /><testcase classname="test_iter50_master_pdf_and_docs.TestDocumentsCrud" name="test_get_single_doc_inline_returns_bytes" time="0.076" /><testcase classname="test_iter50_master_pdf_and_docs.TestDocumentsCrud" name="test_delete_removes_doc" time="0.155" /><testcase classname="test_iter50_master_pdf_and_docs.TestAccessControl" name="test_employee_cannot_get_master_pdf" time="0.491" /><testcase classname="test_iter50_master_pdf_and_docs.TestAccessControl" name="test_employee_cannot_list_documents" time="0.076" /><testcase classname="test_iter50_master_pdf_and_docs.TestAccessControl" name="test_employee_cannot_upload_document" time="0.078" /><testcase classname="test_iter50_master_pdf_and_docs.TestAccessControl" name="test_no_auth_is_rejected" time="0.071" /><testcase classname="test_iter50_master_pdf_and_docs.TestAccessControl" name="test_company_admin_cannot_cross_scope" time="0.493" /><testcase classname="test_iter50_master_pdf_and_docs.TestSecureFieldsRegression" name="test_auth_me_no_sensitive" time="0.073" /><testcase classname="test_iter50_master_pdf_and_docs.TestSecureFieldsRegression" name="test_admin_employees_no_sensitive" time="0.035" /><testcase classname="test_iter50_master_pdf_and_docs.TestSnapshotPersistence" name="test_repeated_downloads_stay_pdf" time="0.101" /><testcase classname="test_iter51_roster_and_auto_punch.TestRosterMarkIn" name="test_mark_in_creates_record_and_shows_on_today" time="2.189" /><testcase classname="test_iter51_roster_and_auto_punch.TestRosterMarkOut" name="test_mark_out_after_in" time="0.130" /><testcase classname="test_iter51_roster_and_auto_punch.TestRosterMarkOut" name="test_mark_out_without_open_in_returns_not_currently_in" time="0.075" /><testcase classname="test_iter51_roster_and_auto_punch.TestRosterMarkAbsent" name="test_absent_persists_and_shows_on_today" time="0.510" /><testcase classname="test_iter51_roster_and_auto_punch.TestRosterMarkAbsent" name="test_absent_second_call_is_idempotent" time="0.516" /><testcase classname="test_iter51_roster_and_auto_punch.TestRetractAbsentByIn" name="test_marking_in_deletes_absent" time="0.499" /><testcase classname="test_iter51_roster_and_auto_punch.TestPunchRequiresLatLng" name="test_missing_latlng_returns_422" time="0.039" /><testcase classname="test_iter51_roster_and_auto_punch.TestCompanyAutoPunchToggle" name="test_patch_company_disables_and_reflects_in_details" time="0.127" /><testcase classname="test_iter51_roster_and_auto_punch.TestEffectiveAutoPunch" name="test_company_false_makes_employee_false" time="0.451" /><testcase classname="test_iter51_roster_and_auto_punch.TestEffectiveAutoPunch" name="test_company_true_makes_employee_true" time="0.437" /><testcase classname="test_iter51_roster_and_auto_punch.TestEffectiveAutoPunch" name="test_per_employee_override_false_beats_company_true" time="0.513" /><testcase classname="test_iter51_roster_and_auto_punch.TestEffectiveAutoPunch" name="test_clearing_override_via_null_reinherits_company" time="0.580" /><testcase classname="test_iter51_roster_and_auto_punch.TestEffectiveAutoPunch" name="test_live_in_forces_false_regardless" time="0.828" /></testsuite></testsuites>