<?xml version="1.0" encoding="utf-8"?><testsuites name="pytest tests"><testsuite name="pytest" errors="0" failures="0" skipped="0" tests="18" time="8.444" timestamp="2026-07-02T12:39:50.046058+00:00" hostname="agent-env-e4e7ee8d-8a9b-4acb-8b08-f878545854bb"><testcase classname="test_iter32_attendance_approvals.TestAdminPinLoginClarity" name="test_pending_returns_403_with_company_name" time="0.949" /><testcase classname="test_iter32_attendance_approvals.TestAdminPinLoginClarity" name="test_rejected_returns_403_with_reason" time="0.101" /><testcase classname="test_iter32_attendance_approvals.TestAdminPinLoginClarity" name="test_approved_returns_session_token" time="0.815" /><testcase classname="test_iter32_attendance_approvals.TestLocationPing" name="test_ping_persists_on_user" time="1.147" /><testcase classname="test_iter32_attendance_approvals.TestPresentNotPunched" name="test_inside_geofence_not_punched" time="0.061" /><testcase classname="test_iter32_attendance_approvals.TestPresentNotPunched" name="test_outside_geofence_hidden" time="0.047" /><testcase classname="test_iter32_attendance_approvals.TestPresentNotPunched" name="test_stale_ping_hidden" time="0.044" /><testcase classname="test_iter32_attendance_approvals.TestPresentNotPunched" name="test_transitions_in_and_out" time="0.331" /><testcase classname="test_iter32_attendance_approvals.TestPresentNotPunched" name="test_super_admin_company_id_scoping" time="0.042" /><testcase classname="test_iter32_attendance_approvals.TestPresentNotPunched" name="test_max_age_bounds" time="1.325" /><testcase classname="test_iter32_attendance_approvals.TestAdminApprovePunch" name="test_approve_in_inside_geofence" time="0.084" /><testcase classname="test_iter32_attendance_approvals.TestAdminApprovePunch" name="test_double_in_400" time="0.121" /><testcase classname="test_iter32_attendance_approvals.TestAdminApprovePunch" name="test_out_without_in_400" time="0.044" /><testcase classname="test_iter32_attendance_approvals.TestAdminApprovePunch" name="test_approve_out_after_in" time="1.417" /><testcase classname="test_iter32_attendance_approvals.TestAdminApprovePunch" name="test_cross_company_403" time="1.370" /><testcase classname="test_iter32_attendance_approvals.TestAdminApprovePunch" name="test_no_location_400" time="0.052" /><testcase classname="test_iter32_attendance_approvals.TestAdminApprovePunch" name="test_outside_geofence_400_with_distance" time="0.047" /><testcase classname="test_iter32_attendance_approvals.TestAttendancePunchSourceEnum" name="test_all_three_sources_accepted" time="0.288" /></testsuite></testsuites>