<?xml version="1.0" encoding="utf-8"?><testsuites name="pytest tests"><testsuite name="pytest" errors="0" failures="0" skipped="0" tests="11" time="1.101" timestamp="2026-07-02T03:33:42.440603+00:00" hostname="agent-env-e4e7ee8d-8a9b-4acb-8b08-f878545854bb"><testcase classname="test_iter24_duty_hours.TestAttendanceSummary" name="test_requires_auth" time="0.126" /><testcase classname="test_iter24_duty_hours.TestAttendanceSummary" name="test_default_shape" time="0.095" /><testcase classname="test_iter24_duty_hours.TestAttendanceSummary" name="test_today_hours_and_pairing" time="0.100" /><testcase classname="test_iter24_duty_hours.TestAttendanceSummary" name="test_still_in_day_hours_zero" time="0.100" /><testcase classname="test_iter24_duty_hours.TestAttendanceSummary" name="test_missing_days_zero" time="0.099" /><testcase classname="test_iter24_duty_hours.TestAttendanceSummary" name="test_window_total_equals_sum_days" time="0.072" /><testcase classname="test_iter24_duty_hours.TestAttendanceSummary" name="test_total_till_today_includes_old" time="0.072" /><testcase classname="test_iter24_duty_hours.TestAdminAttendanceToday" name="test_requires_admin_role" time="0.079" /><testcase classname="test_iter24_duty_hours.TestAdminAttendanceToday" name="test_unauth" time="0.066" /><testcase classname="test_iter24_duty_hours.TestAdminAttendanceToday" name="test_company_admin_scope" time="0.086" /><testcase classname="test_iter24_duty_hours.TestAdminAttendanceToday" name="test_company_admin_cannot_escape_scope" time="0.071" /></testsuite></testsuites>