<?xml version="1.0" encoding="utf-8"?><testsuites name="pytest tests"><testsuite name="pytest" errors="0" failures="0" skipped="0" tests="26" time="12.083" timestamp="2026-07-05T06:02:12.267315+00:00" hostname="agent-env-e4e7ee8d-8a9b-4acb-8b08-f878545854bb"><testcase classname="test_iter60_features.TestBulkCorrectionFields" name="test_fields_list" time="0.477" /><testcase classname="test_iter60_features.TestBulkCorrectionDryRun" name="test_dry_run_would_update" time="0.228" /><testcase classname="test_iter60_features.TestBulkCorrectionReal" name="test_real_update_and_skipped" time="0.152" /><testcase classname="test_iter60_features.TestBulkCorrectionGroupCascade" name="test_group_cascade" time="0.378" /><testcase classname="test_iter60_features.TestBulkCorrectionForbidden" name="test_company_admin_forbidden" time="0.374" /><testcase classname="test_iter60_features.TestBulkImport" name="test_bulk_import" time="0.306" /><testcase classname="test_iter60_features.TestAttendanceEmailConfig" name="test_config_filters_invalid" time="0.076" /><testcase classname="test_iter60_features.TestAttendanceEmailTrigger" name="test_trigger_dry_run" time="0.095" /><testcase classname="test_iter60_features.TestPortalAutomation" name="test_create_and_poll" time="3.188" /><testcase classname="test_iter60_features.TestFYFilter" name="test_salary_runs_fy" time="0.035" /><testcase classname="test_iter60_features.TestFYFilter" name="test_compliance_runs_fy" time="0.074" /><testcase classname="test_iter60_features.TestSubAdminRead" name="test_salary_runs" time="1.088" /><testcase classname="test_iter60_features.TestSubAdminRead" name="test_salary_run_detail_and_exports" time="0.602" /><testcase classname="test_iter60_features.TestSubAdminRead" name="test_compliance" time="0.500" /><testcase classname="test_iter60_features.TestSubAdminRead" name="test_bonus" time="0.451" /><testcase classname="test_iter61_features.TestComplianceBatch" name="test_batch_happy_path" time="0.652" /><testcase classname="test_iter61_features.TestComplianceBatch" name="test_batch_empty_ids" time="0.068" /><testcase classname="test_iter61_features.TestComplianceBatch" name="test_batch_bogus_company" time="0.072" /><testcase classname="test_iter61_features.TestComplianceBatch" name="test_batch_company_admin_forbidden" time="0.367" /><testcase classname="test_iter61_features.TestPinLoginAlt" name="test_uan_short_400" time="0.070" /><testcase classname="test_iter61_features.TestPinLoginAlt" name="test_uan_unknown_401" time="0.067" /><testcase classname="test_iter61_features.TestPinLoginAlt" name="test_seeded_uan_esi_pf_login_ok" time="1.817" /><testcase classname="test_iter61_features.TestPayslipEmailConfig" name="test_get_put_get_flow" time="0.286" /><testcase classname="test_iter61_features.TestPayslipEmailConfig" name="test_put_company_admin_forbidden" time="0.194" /><testcase classname="test_iter61_features.TestPayslipEmailTrigger" name="test_dry_run_no_log_inserts" time="0.179" /><testcase classname="test_iter61_features.TestPayslipEmailTrigger" name="test_disabled_shortcircuit" time="0.211" /></testsuite></testsuites>