<?xml version="1.0" encoding="utf-8"?><testsuites name="pytest tests"><testsuite name="pytest" errors="0" failures="1" skipped="0" tests="16" time="3.391" timestamp="2026-07-06T02:22:29.795718+00:00" hostname="agent-env-e4e7ee8d-8a9b-4acb-8b08-f878545854bb"><testcase classname="test_iter68_admin_employee_and_pdfs.TestAdminCreateEmployee" name="test_super_admin_creates_employee_happy_path" time="0.640" /><testcase classname="test_iter68_admin_employee_and_pdfs.TestAdminCreateEmployee" name="test_duplicate_phone_returns_409" time="0.291" /><testcase classname="test_iter68_admin_employee_and_pdfs.TestAdminCreateEmployee" name="test_duplicate_email_returns_409" time="0.333" /><testcase classname="test_iter68_admin_employee_and_pdfs.TestAdminCreateEmployee" name="test_missing_name_returns_400" time="0.077" /><testcase classname="test_iter68_admin_employee_and_pdfs.TestAdminCreateEmployee" name="test_missing_phone_and_email_returns_400" time="0.074" /><testcase classname="test_iter68_admin_employee_and_pdfs.TestAdminCreateEmployee" name="test_company_admin_cannot_inject_foreign_company_id" time="0.628" /><testcase classname="test_iter68_admin_employee_and_pdfs.TestAdminEmployeesRoleFilter" name="test_list_only_returns_role_employee" time="0.032" /><testcase classname="test_iter68_admin_employee_and_pdfs.TestSalaryRegisterPdf" name="test_download_register_pdf" time="0.169"><failure message="AssertionError: register pdf failed: 500 Internal Server Error&#10;assert 500 == 200&#10; +  where 500 = &lt;Response [500]&gt;.status_code">backend/tests/test_iter68_admin_employee_and_pdfs.py:326: in test_download_register_pdf
    assert r2.status_code == 200, \
E   AssertionError: register pdf failed: 500 Internal Server Error
E   assert 500 == 200
E    +  where 500 = &lt;Response [500]&gt;.status_code</failure></testcase><testcase classname="test_iter68_admin_employee_and_pdfs.TestSalaryRegisterPdf" name="test_register_pdf_404_for_bogus_run" time="0.035" /><testcase classname="test_iter68_admin_employee_and_pdfs.TestSalaryCertificatePdf" name="test_download_salary_certificate" time="0.074" /><testcase classname="test_iter68_admin_employee_and_pdfs.TestSalaryCertificatePdf" name="test_certificate_with_query_params" time="0.076" /><testcase classname="test_iter68_admin_employee_and_pdfs.TestSalaryCertificatePdf" name="test_certificate_404_for_bogus_user" time="0.034" /><testcase classname="test_iter68_admin_employee_and_pdfs.TestSalaryCertificatePdf" name="test_company_admin_blocked_for_foreign_employee" time="0.360" /><testcase classname="test_iter68_admin_employee_and_pdfs.TestAuthGuards" name="test_create_employee_requires_auth" time="0.034" /><testcase classname="test_iter68_admin_employee_and_pdfs.TestAuthGuards" name="test_register_pdf_requires_auth" time="0.034" /><testcase classname="test_iter68_admin_employee_and_pdfs.TestAuthGuards" name="test_certificate_pdf_requires_auth" time="0.388" /></testsuite></testsuites>