<?xml version="1.0" encoding="utf-8"?><testsuites name="pytest tests"><testsuite name="pytest" errors="0" failures="0" skipped="0" tests="23" time="3.734" timestamp="2026-07-03T06:22:04.773641+00:00" hostname="agent-env-e4e7ee8d-8a9b-4acb-8b08-f878545854bb"><testcase classname="test_iter37_profile_expansion_and_company_code_login.TestProfileEditNewFields" name="test_role_gate_company_admin_forbidden" time="0.905" /><testcase classname="test_iter37_profile_expansion_and_company_code_login.TestProfileEditNewFields" name="test_super_admin_forbidden" time="0.203" /><testcase classname="test_iter37_profile_expansion_and_company_code_login.TestProfileEditNewFields" name="test_empty_family_name_rows_stripped" time="0.119" /><testcase classname="test_iter37_profile_expansion_and_company_code_login.TestProfileEditNewFields" name="test_invalid_family_dob_400" time="0.099" /><testcase classname="test_iter37_profile_expansion_and_company_code_login.TestProfileEditNewFields" name="test_nothing_to_update_when_family_identical" time="0.088" /><testcase classname="test_iter37_profile_expansion_and_company_code_login.TestProfileEditNewFields" name="test_submit_full_expansion_produces_delta" time="0.099" /><testcase classname="test_iter37_profile_expansion_and_company_code_login.TestProfileEditNewFields" name="test_get_my_profile_edit_returns_new_fields" time="0.104" /><testcase classname="test_iter37_profile_expansion_and_company_code_login.TestAdminProfileEditReview" name="test_admin_list_includes_new_fields_on_employee_doc" time="0.093" /><testcase classname="test_iter37_profile_expansion_and_company_code_login.TestAdminProfileEditReview" name="test_approve_applies_new_fields" time="0.079" /><testcase classname="test_iter37_profile_expansion_and_company_code_login.TestAdminProfileEditReview" name="test_approve_empty_family_list_clears" time="0.226" /><testcase classname="test_iter37_profile_expansion_and_company_code_login.TestUserRoleDirectEdit" name="test_company_admin_edits_own_company_new_fields" time="0.080" /><testcase classname="test_iter37_profile_expansion_and_company_code_login.TestUserRoleDirectEdit" name="test_company_admin_cross_company_forbidden" time="0.091" /><testcase classname="test_iter37_profile_expansion_and_company_code_login.TestUserRoleDirectEdit" name="test_super_admin_can_edit_any_company" time="0.099" /><testcase classname="test_iter37_profile_expansion_and_company_code_login.TestUserRoleDirectEdit" name="test_user_role_invalid_family_dob_400" time="0.077" /><testcase classname="test_iter37_profile_expansion_and_company_code_login.TestAdminPinLoginCompanyCode" name="test_company_code_uppercase_success" time="0.104" /><testcase classname="test_iter37_profile_expansion_and_company_code_login.TestAdminPinLoginCompanyCode" name="test_company_code_lowercase_success" time="0.090" /><testcase classname="test_iter37_profile_expansion_and_company_code_login.TestAdminPinLoginCompanyCode" name="test_company_code_unknown_404" time="0.074" /><testcase classname="test_iter37_profile_expansion_and_company_code_login.TestAdminPinLoginCompanyCode" name="test_company_code_no_active_pin_admin_403" time="0.083" /><testcase classname="test_iter37_profile_expansion_and_company_code_login.TestAdminPinLoginCompanyCode" name="test_wrong_pin_increments_fails_and_locks_at_5" time="0.491" /><testcase classname="test_iter37_profile_expansion_and_company_code_login.TestAdminPinLoginLegacy" name="test_identifier_email_still_works" time="0.082" /><testcase classname="test_iter37_profile_expansion_and_company_code_login.TestAdminPinLoginLegacy" name="test_neither_identifier_nor_code_400" time="0.069" /><testcase classname="test_iter37_profile_expansion_and_company_code_login.TestAdminPinLoginLegacy" name="test_both_identifier_and_company_code_identifier_wins" time="0.075" /><testcase classname="test_iter37_profile_expansion_and_company_code_login.TestAdminPinLoginLegacy" name="test_pin_wrong_length_400" time="0.082" /></testsuite></testsuites>