<?xml version="1.0" encoding="utf-8"?><testsuites name="pytest tests"><testsuite name="pytest" errors="0" failures="0" skipped="0" tests="16" time="1.328" timestamp="2026-07-03T09:39:32.365699+00:00" hostname="agent-env-e4e7ee8d-8a9b-4acb-8b08-f878545854bb"><testcase classname="test_iter40_auto_close_and_profile_edits.TestOpenShiftsList" name="test_super_admin_sees_all_open_shifts" time="0.238" /><testcase classname="test_iter40_auto_close_and_profile_edits.TestOpenShiftsList" name="test_shape_required_fields_present" time="0.034" /><testcase classname="test_iter40_auto_close_and_profile_edits.TestOpenShiftsList" name="test_company_admin_scoped_to_own_company" time="0.072" /><testcase classname="test_iter40_auto_close_and_profile_edits.TestOpenShiftsList" name="test_super_admin_can_filter_by_company_id" time="0.076" /><testcase classname="test_iter40_auto_close_and_profile_edits.TestOpenShiftsList" name="test_closed_shifts_not_in_list" time="0.074" /><testcase classname="test_iter40_auto_close_and_profile_edits.TestOpenShiftsList" name="test_employee_role_gets_403" time="0.074" /><testcase classname="test_iter40_auto_close_and_profile_edits.TestAutoClose" name="test_employee_role_gets_403" time="0.075" /><testcase classname="test_iter40_auto_close_and_profile_edits.TestAutoClose" name="test_auto_close_closes_stale_and_geofence_shifts" time="0.080" /><testcase classname="test_iter40_auto_close_and_profile_edits.TestAutoClose" name="test_auto_close_is_idempotent" time="0.074" /><testcase classname="test_iter40_auto_close_and_profile_edits.TestAutoClose" name="test_shift_below_threshold_and_no_location_left_open" time="0.032" /><testcase classname="test_iter40_auto_close_and_profile_edits.TestAdminStatsPendingProfileEdits" name="test_super_admin_no_filter_totals_cross_company" time="0.071" /><testcase classname="test_iter40_auto_close_and_profile_edits.TestAdminStatsPendingProfileEdits" name="test_super_admin_with_company_id_scopes" time="0.074" /><testcase classname="test_iter40_auto_close_and_profile_edits.TestAdminStatsPendingProfileEdits" name="test_company_admin_scoped_to_own_company" time="0.108" /><testcase classname="test_iter40_auto_close_and_profile_edits.TestAdminStatsPendingProfileEdits" name="test_employee_role_gets_403" time="0.029" /><testcase classname="test_iter40_auto_close_and_profile_edits.TestProfileEditsList" name="test_super_admin_no_filter_lists_all_companies" time="0.033" /><testcase classname="test_iter40_auto_close_and_profile_edits.TestProfileEditsList" name="test_company_admin_only_sees_own_company" time="0.035" /></testsuite></testsuites>