<?xml version="1.0" encoding="utf-8"?><testsuites name="pytest tests"><testsuite name="pytest" errors="0" failures="0" skipped="0" tests="4" time="0.876" timestamp="2026-07-02T05:44:49.620137+00:00" hostname="agent-env-e4e7ee8d-8a9b-4acb-8b08-f878545854bb"><testcase classname="test_iter28_add_company" name="test_create_company_via_modal_payload" time="0.587" /><testcase classname="test_iter28_add_company" name="test_created_company_appears_in_list" time="0.075" /><testcase classname="test_iter28_add_company" name="test_edit_company_via_modal_payload" time="0.078" /><testcase classname="test_iter28_add_company" name="test_cleanup_delete_company" time="0.076" /></testsuite></testsuites>