<?xml version="1.0" encoding="utf-8"?><testsuites name="pytest tests"><testsuite name="pytest" errors="0" failures="0" skipped="0" tests="20" time="8.188" timestamp="2026-07-03T19:29:15.561997+00:00" hostname="agent-env-e4e7ee8d-8a9b-4acb-8b08-f878545854bb"><testcase classname="test_iter46_biometric_and_company_details.TestCompanyDetails" name="test_get_company_details_shape" time="1.328" /><testcase classname="test_iter46_biometric_and_company_details.TestCompanyDetails" name="test_get_details_forbidden_for_non_super" time="0.396" /><testcase classname="test_iter46_biometric_and_company_details.TestCompanyDetails" name="test_get_details_404_unknown" time="0.101" /><testcase classname="test_iter46_biometric_and_company_details.TestCompanyEnableDisable" name="test_disable_kicks_sessions_and_blocks_login" time="1.111" /><testcase classname="test_iter46_biometric_and_company_details.TestCompanyEnableDisable" name="test_disable_unknown_company_404" time="0.094" /><testcase classname="test_iter46_biometric_and_company_details.TestCompanyAdminCredentials" name="test_edit_admin_persists_and_conflicts" time="0.644" /><testcase classname="test_iter46_biometric_and_company_details.TestCompanyAdminResetPin" name="test_reset_pin_flow" time="1.450" /><testcase classname="test_iter46_biometric_and_company_details.TestUserEnabledToggle" name="test_super_admin_can_toggle_user" time="0.348" /><testcase classname="test_iter46_biometric_and_company_details.TestBiometricDeviceCRUD" name="test_duplicate_sn_409" time="0.185" /><testcase classname="test_iter46_biometric_and_company_details.TestBiometricDeviceCRUD" name="test_list_devices_returns_online_and_unmapped_count" time="0.071" /><testcase classname="test_iter46_biometric_and_company_details.TestBiometricDeviceCRUD" name="test_patch_device" time="0.290" /><testcase classname="test_iter46_biometric_and_company_details.TestIclockPushProtocol" name="test_cdata_handshake_unknown_sn_404" time="0.081" /><testcase classname="test_iter46_biometric_and_company_details.TestIclockPushProtocol" name="test_cdata_handshake_known_sn_config" time="0.178" /><testcase classname="test_iter46_biometric_and_company_details.TestIclockPushProtocol" name="test_cdata_push_attlog_mapped_user_inserts_attendance" time="0.603" /><testcase classname="test_iter46_biometric_and_company_details.TestIclockPushProtocol" name="test_cdata_push_duplicate_line_ignored" time="0.218" /><testcase classname="test_iter46_biometric_and_company_details.TestIclockPushProtocol" name="test_cdata_push_unmapped_user_logged" time="0.161" /><testcase classname="test_iter46_biometric_and_company_details.TestIclockPushProtocol" name="test_getrequest_returns_ok" time="0.102" /><testcase classname="test_iter46_biometric_and_company_details.TestIclockPushProtocol" name="test_ping_updates_last_seen" time="0.172" /><testcase classname="test_iter46_biometric_and_company_details.TestIclockPushProtocol" name="test_devicecmd_persists" time="0.170" /><testcase classname="test_iter46_biometric_and_company_details.TestSimulatePunch" name="test_simulate_punch_end_to_end" time="0.333" /></testsuite></testsuites>