<?xml version="1.0" encoding="utf-8"?><testsuites name="pytest tests"><testsuite name="pytest" errors="0" failures="0" skipped="0" tests="4" time="0.604" timestamp="2026-07-02T04:10:44.102273+00:00" hostname="agent-env-e4e7ee8d-8a9b-4acb-8b08-f878545854bb"><testcase classname="test_iter26_company_code_smoke.TestCompanyCodeValidation" name="test_invalid_shape_returns_400" time="0.110" /><testcase classname="test_iter26_company_code_smoke.TestCompanyCodeValidation" name="test_two_char_code_accepted" time="0.072" /><testcase classname="test_iter26_company_code_smoke.TestCompanyCodeValidation" name="test_duplicate_code_returns_409" time="0.137" /><testcase classname="test_iter26_company_code_smoke.TestCompanyCodeValidation" name="test_patch_blank_company_code_is_noop" time="0.160" /></testsuite></testsuites>