<?xml version="1.0" encoding="utf-8"?><testsuites name="pytest tests"><testsuite name="pytest" errors="0" failures="0" skipped="0" tests="16" time="2.786" timestamp="2026-07-01T05:56:49.955357+00:00" hostname="agent-env-e4e7ee8d-8a9b-4acb-8b08-f878545854bb"><testcase classname="backend.tests.test_otp_and_regression" name="test_root_health" time="0.259" /><testcase classname="backend.tests.test_otp_and_regression.TestOtpRequest" name="test_sms_success_returns_dev_code" time="0.099" /><testcase classname="backend.tests.test_otp_and_regression.TestOtpRequest" name="test_short_phone_400" time="0.192" /><testcase classname="backend.tests.test_otp_and_regression.TestOtpRequest" name="test_invalid_email_400" time="0.079" /><testcase classname="backend.tests.test_otp_and_regression.TestOtpRequest" name="test_email_success" time="0.084" /><testcase classname="backend.tests.test_otp_and_regression.TestOtpVerify" name="test_verify_success_returns_session" time="0.169" /><testcase classname="backend.tests.test_otp_and_regression.TestOtpVerify" name="test_verify_no_prior_request" time="0.079" /><testcase classname="backend.tests.test_otp_and_regression.TestOtpVerify" name="test_verify_malformed_code" time="0.165" /><testcase classname="backend.tests.test_otp_and_regression.TestOtpVerify" name="test_verify_wrong_code" time="0.153" /><testcase classname="backend.tests.test_otp_and_regression.TestOtpVerify" name="test_verify_consumed_after_success" time="0.218" /><testcase classname="backend.tests.test_otp_and_regression.TestOtpVerify" name="test_verify_five_attempts_locks_out" time="0.513" /><testcase classname="backend.tests.test_otp_and_regression.TestSessionLifecycle" name="test_me_and_logout_flow" time="0.373" /><testcase classname="backend.tests.test_otp_and_regression.TestRegressionAuthGates" name="test_salary_monthly_unauth" time="0.083" /><testcase classname="backend.tests.test_otp_and_regression.TestRegressionAuthGates" name="test_mark_paid_unauth" time="0.076" /><testcase classname="backend.tests.test_otp_and_regression.TestRegressionAuthGates" name="test_admin_payroll_unauth" time="0.074" /><testcase classname="backend.tests.test_otp_and_regression.TestRegressionAuthGates" name="test_create_company_unauth" time="0.073" /></testsuite></testsuites>