<?xml version="1.0" encoding="utf-8"?><testsuites name="pytest tests"><testsuite name="pytest" errors="0" failures="0" skipped="0" tests="7" time="1.146" timestamp="2026-07-17T05:04:17.362610+00:00" hostname="agent-env-e4e7ee8d-8a9b-4acb-8b08-f878545854bb"><testcase classname="test_iter165_fingerprint_gate.TestFingerprintGate" name="test_01_initial_firm_bio_disabled" time="0.518" /><testcase classname="test_iter165_fingerprint_gate.TestFingerprintGate" name="test_02_patch_fp_required_true_blocked_when_bio_disabled" time="0.036" /><testcase classname="test_iter165_fingerprint_gate.TestFingerprintGate" name="test_03_patch_fp_required_false_allowed_when_bio_disabled" time="0.033" /><testcase classname="test_iter165_fingerprint_gate.TestFingerprintGate" name="test_04_flip_firm_bio_true_then_patch_true_ok" time="0.038" /><testcase classname="test_iter165_fingerprint_gate.TestFingerprintGate" name="test_05_employee_me_shows_effective_true" time="0.291" /><testcase classname="test_iter165_fingerprint_gate.TestFingerprintGate" name="test_06_record_fingerprint_enrolled" time="0.034" /><testcase classname="test_iter165_fingerprint_gate.TestFingerprintGate" name="test_07_flip_firm_bio_false_effective_flips_false" time="0.065" /></testsuite></testsuites>