<?xml version="1.0" encoding="utf-8"?><testsuites name="pytest tests"><testsuite name="pytest" errors="0" failures="0" skipped="0" tests="5" time="3.504" timestamp="2026-07-07T04:18:36.582748+00:00" hostname="agent-env-e4e7ee8d-8a9b-4acb-8b08-f878545854bb"><testcase classname="test_iter82_self_register_orphan_heal.TestSelfRegisterOrphanAutoHeal" name="test_orphan_admin_phone_auto_heals_on_self_register" time="1.223" /><testcase classname="test_iter82_self_register_orphan_heal.TestSelfRegisterSuperAdminBlocked" name="test_super_admin_phone_reuse_blocks_with_409" time="0.069" /><testcase classname="test_iter82_self_register_orphan_heal.TestSelfRegisterLiveFirmBlocked" name="test_live_firm_admin_phone_blocks_with_409" time="0.546" /><testcase classname="test_iter82_self_register_orphan_heal.TestCreateCompanyOrphanAutoHealStillWorks" name="test_orphan_reuse_via_create_company_endpoint" time="0.954" /><testcase classname="test_iter82_self_register_orphan_heal.TestSelfRegisterPendingDuplicate" name="test_pending_duplicate_blocks_with_409" time="0.561" /></testsuite></testsuites>