<?xml version="1.0" encoding="utf-8"?><testsuites name="pytest tests"><testsuite name="pytest" errors="0" failures="0" skipped="0" tests="14" time="4.110" timestamp="2026-07-01T06:26:05.752519+00:00" hostname="agent-env-e4e7ee8d-8a9b-4acb-8b08-f878545854bb"><testcase classname="backend.tests.test_approval_workflow.TestOnboardingSetsPending" name="test_onboarding_returns_pending_status" time="0.789" /><testcase classname="backend.tests.test_approval_workflow.TestOnboardingSetsPending" name="test_me_flags_approval_pending_true" time="0.301" /><testcase classname="backend.tests.test_approval_workflow.TestLegacyEnrichment" name="test_super_admin_not_flagged_pending" time="0.030" /><testcase classname="backend.tests.test_approval_workflow.TestLegacyEnrichment" name="test_fresh_employee_without_onboarding_not_pending" time="0.266" /><testcase classname="backend.tests.test_approval_workflow.TestPendingApprovalsList" name="test_unauth_401" time="0.110" /><testcase classname="backend.tests.test_approval_workflow.TestPendingApprovalsList" name="test_employee_forbidden" time="0.242" /><testcase classname="backend.tests.test_approval_workflow.TestPendingApprovalsList" name="test_super_admin_sees_pending" time="0.271" /><testcase classname="backend.tests.test_approval_workflow.TestPendingApprovalsList" name="test_super_admin_scoped_by_company_id" time="0.031" /><testcase classname="backend.tests.test_approval_workflow.TestApproveReject" name="test_approve_unlocks_user" time="0.282" /><testcase classname="backend.tests.test_approval_workflow.TestApproveReject" name="test_reject_clears_company_and_onboarded" time="0.360" /><testcase classname="backend.tests.test_approval_workflow.TestApproveReject" name="test_invalid_action_400" time="0.246" /><testcase classname="backend.tests.test_approval_workflow.TestApproveReject" name="test_company_admin_cross_company_forbidden" time="0.736" /><testcase classname="backend.tests.test_approval_workflow.TestUserRoleAutoApprove" name="test_super_admin_assign_company_auto_approves" time="0.319" /><testcase classname="backend.tests.test_approval_workflow.TestRegressionEmployees" name="test_super_admin_can_list_employees" time="0.033" /></testsuite></testsuites>