<?xml version="1.0" encoding="utf-8"?><testsuites name="pytest tests"><testsuite name="pytest" errors="0" failures="0" skipped="0" tests="9" time="4.171" timestamp="2026-07-07T05:12:48.679819+00:00" hostname="agent-env-e4e7ee8d-8a9b-4acb-8b08-f878545854bb"><testcase classname="test_iter83c_pair_based_grid.TestA_Sanjeev" name="test_day01_pair_derivation" time="1.283" /><testcase classname="test_iter83c_pair_based_grid.TestA_Sanjeev" name="test_day02_not_blank" time="0.036" /><testcase classname="test_iter83c_pair_based_grid.TestA_Sanjeev" name="test_ot_report_only_day01" time="0.073" /><testcase classname="test_iter83c_pair_based_grid.TestB_SinglePairLong" name="test_arithmetic_fallback_split" time="0.544" /><testcase classname="test_iter83c_pair_based_grid.TestC_Anomaly" name="test_grid_marks_missing_punch" time="0.556" /><testcase classname="test_iter83c_pair_based_grid.TestD_TwoPairHappy" name="test_grid_two_pair" time="0.692" /><testcase classname="test_iter83c_pair_based_grid.TestE_ApprovalLiveCollision" name="test_approve_with_existing_live_admin_auto_rejects" time="0.562" /><testcase classname="test_iter83c_pair_based_grid.TestF_ApprovalSuperAdmin" name="test_approve_with_super_admin_phone_auto_rejects" time="0.147" /><testcase classname="test_iter83c_pair_based_grid.TestG_ProductionFirmRegression" name="test_prod_firm_monthly_grid" time="0.175" /></testsuite></testsuites>