<?xml version="1.0" encoding="utf-8"?><testsuites name="pytest tests"><testsuite name="pytest" errors="0" failures="0" skipped="0" tests="13" time="4.051" timestamp="2026-07-06T14:41:19.975187+00:00" hostname="agent-env-e4e7ee8d-8a9b-4acb-8b08-f878545854bb"><testcase classname="test_iter77_policy1_cap" name="test_policy1_ot_allowed_caps_at_24h" time="0.001" /><testcase classname="test_iter77_policy1_cap" name="test_policy1_ot_disallowed_caps_at_standard" time="0.000" /><testcase classname="test_iter77_policy1_cap" name="test_policy1_normal_8h_no_cap" time="0.000" /><testcase classname="test_iter77_policy1_cap" name="test_policy1_half_day" time="0.000" /><testcase classname="test_iter77_policy1_cap" name="test_policy2_unchanged_ot" time="0.000" /><testcase classname="test_iter77_policy1_cap" name="test_override_wins_over_legacy_ot_applicable" time="0.000" /><testcase classname="test_iter77_policy1_cap" name="test_get_override_initially_empty" time="0.722" /><testcase classname="test_iter77_policy1_cap" name="test_put_override_persists" time="0.167" /><testcase classname="test_iter77_policy1_cap" name="test_ot_disallowed_12h_capped_via_compute_day" time="0.185" /><testcase classname="test_iter77_policy1_cap" name="test_ot_allowed_26h_capped_via_compute_day" time="0.262" /><testcase classname="test_iter77_policy1_cap" name="test_ot_allowed_full_day_shift_caps_via_compute_day" time="0.334" /><testcase classname="test_iter77_policy1_cap" name="test_monthly_grid_returns_row" time="0.250" /><testcase classname="test_iter77_policy1_cap" name="test_delete_override" time="0.126" /></testsuite></testsuites>