<?xml version="1.0" encoding="utf-8"?><testsuites name="pytest tests"><testsuite name="pytest" errors="0" failures="1" skipped="0" tests="12" time="3.355" timestamp="2026-07-06T15:20:47.856177+00:00" hostname="agent-env-e4e7ee8d-8a9b-4acb-8b08-f878545854bb"><testcase classname="test_iter78_weekoff_and_grid" name="test_p1_weekoff_min_hours_met_full_day" time="0.001" /><testcase classname="test_iter78_weekoff_and_grid" name="test_p1_weekoff_under_min_no_legacy_no_present" time="0.000" /><testcase classname="test_iter78_weekoff_and_grid" name="test_p1_weekoff_under_min_legacy_flag_full_day" time="0.000" /><testcase classname="test_iter78_weekoff_and_grid" name="test_p1_weekoff_paid_when_absent_no_punches" time="0.000" /><testcase classname="test_iter78_weekoff_and_grid" name="test_p1_weekoff_no_punches_no_flag_no_present" time="0.000" /><testcase classname="test_iter78_weekoff_and_grid" name="test_p1_weekoff_min_zero_any_positive_duty_grants_fullday" time="0.000" /><testcase classname="test_iter78_weekoff_and_grid" name="test_validate_policy_accepts_week_off_min_zero" time="0.000" /><testcase classname="test_iter78_weekoff_and_grid" name="test_validate_policy_accepts_week_off_min_eight" time="0.000" /><testcase classname="test_iter78_weekoff_and_grid" name="test_validate_policy_accepts_week_off_min_sixteen" time="0.000" /><testcase classname="test_iter78_weekoff_and_grid" name="test_validate_policy_rejects_week_off_min_above_16" time="0.000" /><testcase classname="test_iter78_weekoff_and_grid" name="test_validate_policy_rejects_week_off_min_negative" time="0.000" /><testcase classname="test_iter78_weekoff_and_grid" name="test_monthly_grid_returns_raw_and_policy_adjusted_hours" time="1.297"><failure message="AssertionError: week-off day cell should be uncapped at 10h (spec), got {'in': '08:00', 'out': '18:00', 'hours': 8.0, 'raw_hours': 10.0, 'punches': 2, 'sources': ['app'], 'present': 1.0, 'weekly_off': True}&#10;assert 8.0 == 10.0">tests/test_iter78_weekoff_and_grid.py:414: in test_monthly_grid_returns_raw_and_policy_adjusted_hours
    assert ocell["hours"] == 10.0, (
E   AssertionError: week-off day cell should be uncapped at 10h (spec), got {'in': '08:00', 'out': '18:00', 'hours': 8.0, 'raw_hours': 10.0, 'punches': 2, 'sources': ['app'], 'present': 1.0, 'weekly_off': True}
E   assert 8.0 == 10.0</failure></testcase></testsuite></testsuites>