<?xml version="1.0" encoding="utf-8"?><testsuites name="pytest tests"><testsuite name="pytest" errors="0" failures="0" skipped="0" tests="21" time="5.346" timestamp="2026-07-08T16:53:06.355439+00:00" hostname="agent-env-e4e7ee8d-8a9b-4acb-8b08-f878545854bb"><testcase classname="test_iter91_features.TestSalaryEndpoint" name="test_get_returns_new_iter91_fields" time="0.491" /><testcase classname="test_iter91_features.TestSalaryEndpoint" name="test_patch_persists_rate_type_working_days_and_decimals" time="0.300" /><testcase classname="test_iter91_features.TestActualSalaryProcess" name="test_run_uses_master_basic_and_prefills_oth_allo_zero_epf_esi" time="0.090" /><testcase classname="test_iter91_features.TestActualSalaryProcess" name="test_patch_row_daily_and_hourly_compute" time="0.214" /><testcase classname="test_iter91_features.TestComplianceFinalizeReprocess" name="test_finalize_then_reprocess_409" time="0.536" /><testcase classname="test_iter91_features.TestMasterDataReport" name="test_active_status_json" time="0.117" /><testcase classname="test_iter91_features.TestMasterDataReport" name="test_left_status_json" time="0.086" /><testcase classname="test_iter91_features.TestMasterDataReport" name="test_all_status_with_q_filter" time="0.088" /><testcase classname="test_iter91_features.TestMasterDataReport" name="test_invalid_status" time="0.075" /><testcase classname="test_iter91_features.TestMasterDataReport" name="test_xlsx_export" time="0.347" /><testcase classname="test_iter91_features.TestEmployeeProfile" name="test_get_profile_has_salary_structure" time="0.105" /><testcase classname="test_iter91_features.TestEmployeeProfile" name="test_patch_employee_type_mirrors_group" time="0.188" /><testcase classname="test_iter91_features.TestUserRoleUnifiedType" name="test_type_titlecases_and_mirrors_group" time="0.200" /><testcase classname="test_iter91_features.TestUserRoleUnifiedType" name="test_group_mirrors_type" time="0.180" /><testcase classname="test_iter91_features.TestPortalGeneration" name="test_generate_uan_no_aadhaar_400" time="0.426" /><testcase classname="test_iter91_features.TestPortalGeneration" name="test_generate_esic_no_aadhaar_400" time="0.455" /><testcase classname="test_iter91_features.TestPortalGeneration" name="test_generate_uan_with_aadhaar_manual_required_or_pending" time="0.541" /><testcase classname="test_iter91_features.TestOCR" name="test_invalid_mime_400" time="0.093" /><testcase classname="test_iter91_features.TestOCR" name="test_no_document_400" time="0.099" /><testcase classname="test_iter91_features.TestKycAddressSync" name="test_present_address_syncs_to_users_address" time="0.190" /><testcase classname="test_iter91_features.TestCreateEmployeeSalaryStructure" name="test_create_persists_salary_structure_actual" time="0.418" /></testsuite></testsuites>